<?xml version="1.0" encoding="UTF-8"?>
<coverage generated="1770640586502" clover="3.2.0">
  <project timestamp="1770640586502" name="All files">
    <metrics statements="401" coveredstatements="381" conditionals="199" coveredconditionals="172" methods="67" coveredmethods="65" elements="667" coveredelements="618" complexity="0" loc="401" ncloc="401" packages="6" files="20" classes="20"/>
    <package name="i18n">
      <metrics statements="27" coveredstatements="26" conditionals="18" coveredconditionals="16" methods="5" coveredmethods="5"/>
      <file name="index.ts" path="C:\Users\tokyo\Documents\CanvasApp\src\i18n\index.ts">
        <metrics statements="27" coveredstatements="26" conditionals="18" coveredconditionals="16" methods="5" coveredmethods="5"/>
        <line num="14" count="5" type="stmt"/>
        <line num="17" count="5" type="stmt"/>
        <line num="20" count="5" type="stmt"/>
        <line num="31" count="1510" type="cond" truecount="1" falsecount="1"/>
        <line num="33" count="1510" type="cond" truecount="2" falsecount="0"/>
        <line num="35" count="174" type="stmt"/>
        <line num="36" count="235" type="cond" truecount="2" falsecount="0"/>
        <line num="41" count="5" type="stmt"/>
        <line num="44" count="5" type="stmt"/>
        <line num="52" count="22" type="stmt"/>
        <line num="53" count="22" type="cond" truecount="4" falsecount="0"/>
        <line num="54" count="1" type="stmt"/>
        <line num="57" count="21" type="stmt"/>
        <line num="58" count="21" type="stmt"/>
        <line num="63" count="20" type="cond" truecount="2" falsecount="0"/>
        <line num="64" count="22" type="stmt"/>
        <line num="67" count="22" type="stmt"/>
        <line num="72" count="22" type="stmt"/>
        <line num="75" count="1" type="stmt"/>
        <line num="84" count="20" type="stmt"/>
        <line num="88" count="31" type="cond" truecount="2" falsecount="0"/>
        <line num="91" count="29" type="stmt"/>
        <line num="93" count="29" type="cond" truecount="2" falsecount="0"/>
        <line num="94" count="28" type="stmt"/>
        <line num="98" count="1" type="cond" truecount="1" falsecount="1"/>
        <line num="99" count="0" type="stmt"/>
        <line num="102" count="1" type="stmt"/>
      </file>
      <file name="types.ts" path="C:\Users\tokyo\Documents\CanvasApp\src\i18n\types.ts">
        <metrics statements="0" coveredstatements="0" conditionals="0" coveredconditionals="0" methods="0" coveredmethods="0"/>
      </file>
    </package>
    <package name="i18n.locales">
      <metrics statements="7" coveredstatements="7" conditionals="0" coveredconditionals="0" methods="0" coveredmethods="0"/>
      <file name="en.ts" path="C:\Users\tokyo\Documents\CanvasApp\src\i18n\locales\en.ts">
        <metrics statements="1" coveredstatements="1" conditionals="0" coveredconditionals="0" methods="0" coveredmethods="0"/>
        <line num="3" count="5" type="stmt"/>
      </file>
      <file name="es.ts" path="C:\Users\tokyo\Documents\CanvasApp\src\i18n\locales\es.ts">
        <metrics statements="1" coveredstatements="1" conditionals="0" coveredconditionals="0" methods="0" coveredmethods="0"/>
        <line num="3" count="5" type="stmt"/>
      </file>
      <file name="fr.ts" path="C:\Users\tokyo\Documents\CanvasApp\src\i18n\locales\fr.ts">
        <metrics statements="1" coveredstatements="1" conditionals="0" coveredconditionals="0" methods="0" coveredmethods="0"/>
        <line num="3" count="5" type="stmt"/>
      </file>
      <file name="hi.ts" path="C:\Users\tokyo\Documents\CanvasApp\src\i18n\locales\hi.ts">
        <metrics statements="1" coveredstatements="1" conditionals="0" coveredconditionals="0" methods="0" coveredmethods="0"/>
        <line num="3" count="5" type="stmt"/>
      </file>
      <file name="ja.ts" path="C:\Users\tokyo\Documents\CanvasApp\src\i18n\locales\ja.ts">
        <metrics statements="1" coveredstatements="1" conditionals="0" coveredconditionals="0" methods="0" coveredmethods="0"/>
        <line num="3" count="5" type="stmt"/>
      </file>
      <file name="ko.ts" path="C:\Users\tokyo\Documents\CanvasApp\src\i18n\locales\ko.ts">
        <metrics statements="1" coveredstatements="1" conditionals="0" coveredconditionals="0" methods="0" coveredmethods="0"/>
        <line num="3" count="5" type="stmt"/>
      </file>
      <file name="zh.ts" path="C:\Users\tokyo\Documents\CanvasApp\src\i18n\locales\zh.ts">
        <metrics statements="1" coveredstatements="1" conditionals="0" coveredconditionals="0" methods="0" coveredmethods="0"/>
        <line num="3" count="5" type="stmt"/>
      </file>
    </package>
    <package name="listeners.commands">
      <metrics statements="51" coveredstatements="47" conditionals="24" coveredconditionals="19" methods="7" coveredmethods="5"/>
      <file name="canvas-collect.ts" path="C:\Users\tokyo\Documents\CanvasApp\src\listeners\commands\canvas-collect.ts">
        <metrics statements="50" coveredstatements="47" conditionals="24" coveredconditionals="19" methods="6" coveredmethods="5"/>
        <line num="29" count="15" type="stmt"/>
        <line num="31" count="15" type="stmt"/>
        <line num="32" count="15" type="stmt"/>
        <line num="33" count="15" type="stmt"/>
        <line num="34" count="15" type="stmt"/>
        <line num="37" count="15" type="stmt"/>
        <line num="40" count="15" type="stmt"/>
        <line num="41" count="27" type="stmt"/>
        <line num="51" count="15" type="stmt"/>
        <line num="53" count="15" type="cond" truecount="1" falsecount="1"/>
        <line num="54" count="15" type="stmt"/>
        <line num="57" count="15" type="stmt"/>
        <line num="58" count="15" type="cond" truecount="2" falsecount="0"/>
        <line num="59" count="1" type="stmt"/>
        <line num="60" count="1" type="stmt"/>
        <line num="61" count="1" type="cond" truecount="1" falsecount="1"/>
        <line num="62" count="1" type="stmt"/>
        <line num="63" count="1" type="stmt"/>
        <line num="64" count="1" type="stmt"/>
        <line num="65" count="1" type="stmt"/>
        <line num="70" count="12" type="stmt"/>
        <line num="71" count="12" type="stmt"/>
        <line num="74" count="12" type="stmt"/>
        <line num="80" count="12" type="cond" truecount="2" falsecount="0"/>
        <line num="81" count="1" type="stmt"/>
        <line num="85" count="1" type="stmt"/>
        <line num="88" count="11" type="stmt"/>
        <line num="90" count="11" type="stmt"/>
        <line num="93" count="8" type="cond" truecount="2" falsecount="0"/>
        <line num="94" count="1" type="stmt"/>
        <line num="98" count="1" type="stmt"/>
        <line num="102" count="7" type="stmt"/>
        <line num="103" count="9" type="stmt"/>
        <line num="104" count="1" type="stmt"/>
        <line num="107" count="7" type="stmt"/>
        <line num="108" count="7" type="stmt"/>
        <line num="110" count="7" type="stmt"/>
        <line num="121" count="7" type="stmt"/>
        <line num="130" count="11" type="cond" truecount="1" falsecount="1"/>
        <line num="131" count="11" type="stmt"/>
        <line num="136" count="5" type="cond" truecount="1" falsecount="1"/>
        <line num="138" count="5" type="stmt"/>
        <line num="139" count="5" type="cond" truecount="2" falsecount="0"/>
        <line num="140" count="3" type="stmt"/>
        <line num="141" count="3" type="cond" truecount="2" falsecount="0"/>
        <line num="142" count="3" type="stmt"/>
        <line num="144" count="5" type="stmt"/>
        <line num="146" count="0" type="stmt"/>
        <line num="147" count="0" type="stmt"/>
        <line num="153" count="0" type="stmt"/>
      </file>
      <file name="index.ts" path="C:\Users\tokyo\Documents\CanvasApp\src\listeners\commands\index.ts">
        <metrics statements="1" coveredstatements="0" conditionals="0" coveredconditionals="0" methods="1" coveredmethods="0"/>
        <line num="5" count="0" type="stmt"/>
      </file>
    </package>
    <package name="services">
      <metrics statements="296" coveredstatements="281" conditionals="157" coveredconditionals="137" methods="50" coveredmethods="50"/>
      <file name="block-builder.ts" path="C:\Users\tokyo\Documents\CanvasApp\src\services\block-builder.ts">
        <metrics statements="17" coveredstatements="17" conditionals="12" coveredconditionals="12" methods="7" coveredmethods="7"/>
        <line num="10" count="14" type="stmt"/>
        <line num="34" count="13" type="stmt"/>
        <line num="36" count="13" type="stmt"/>
        <line num="55" count="13" type="cond" truecount="4" falsecount="0"/>
        <line num="56" count="2" type="stmt"/>
        <line num="66" count="13" type="cond" truecount="4" falsecount="0"/>
        <line num="67" count="2" type="stmt"/>
        <line num="68" count="2" type="stmt"/>
        <line num="80" count="13" type="stmt"/>
        <line num="93" count="13" type="stmt"/>
        <line num="100" count="4" type="stmt"/>
        <line num="110" count="4" type="cond" truecount="4" falsecount="0"/>
        <line num="111" count="1" type="stmt"/>
        <line num="112" count="1" type="stmt"/>
        <line num="123" count="4" type="stmt"/>
        <line num="130" count="7" type="stmt"/>
        <line num="145" count="3" type="stmt"/>
      </file>
      <file name="canvas-manager.ts" path="C:\Users\tokyo\Documents\CanvasApp\src\services\canvas-manager.ts">
        <metrics statements="31" coveredstatements="31" conditionals="16" coveredconditionals="14" methods="9" coveredmethods="9"/>
        <line num="10" count="25" type="stmt"/>
        <line num="23" count="13" type="stmt"/>
        <line num="24" count="13" type="stmt"/>
        <line num="28" count="13" type="stmt"/>
        <line num="29" count="14" type="stmt"/>
        <line num="30" count="14" type="stmt"/>
        <line num="38" count="14" type="cond" truecount="1" falsecount="1"/>
        <line num="39" count="14" type="stmt"/>
        <line num="40" count="8" type="cond" truecount="2" falsecount="0"/>
        <line num="41" count="6" type="stmt"/>
        <line num="49" count="14" type="cond" truecount="2" falsecount="0"/>
        <line num="52" count="13" type="cond" truecount="2" falsecount="0"/>
        <line num="53" count="8" type="stmt"/>
        <line num="57" count="5" type="stmt"/>
        <line num="58" count="5" type="stmt"/>
        <line num="72" count="10" type="stmt"/>
        <line num="74" count="10" type="stmt"/>
        <line num="75" count="10" type="stmt"/>
        <line num="85" count="10" type="cond" truecount="2" falsecount="0"/>
        <line num="86" count="1" type="stmt"/>
        <line num="90" count="9" type="cond" truecount="2" falsecount="0"/>
        <line num="92" count="10" type="stmt"/>
        <line num="106" count="3" type="stmt"/>
        <line num="107" count="3" type="stmt"/>
        <line num="134" count="9" type="stmt"/>
        <line num="136" count="9" type="cond" truecount="2" falsecount="0"/>
        <line num="138" count="2" type="stmt"/>
        <line num="140" count="2" type="stmt"/>
        <line num="141" count="2" type="stmt"/>
        <line num="144" count="7" type="stmt"/>
        <line num="145" count="7" type="stmt"/>
      </file>
      <file name="command-parser.ts" path="C:\Users\tokyo\Documents\CanvasApp\src\services\command-parser.ts">
        <metrics statements="40" coveredstatements="38" conditionals="18" coveredconditionals="17" methods="2" coveredmethods="2"/>
        <line num="6" count="2" type="stmt"/>
        <line num="9" count="2" type="stmt"/>
        <line num="12" count="2" type="stmt"/>
        <line num="19" count="2" type="stmt"/>
        <line num="25" count="14" type="stmt"/>
        <line num="26" count="37" type="cond" truecount="2" falsecount="0"/>
        <line num="27" count="14" type="stmt"/>
        <line num="30" count="0" type="stmt"/>
        <line num="44" count="41" type="stmt"/>
        <line num="46" count="41" type="cond" truecount="2" falsecount="0"/>
        <line num="47" count="4" type="stmt"/>
        <line num="51" count="37" type="stmt"/>
        <line num="54" count="37" type="stmt"/>
        <line num="55" count="37" type="cond" truecount="2" falsecount="0"/>
        <line num="56" count="3" type="stmt"/>
        <line num="61" count="34" type="stmt"/>
        <line num="64" count="34" type="stmt"/>
        <line num="65" count="34" type="stmt"/>
        <line num="66" count="34" type="stmt"/>
        <line num="69" count="34" type="stmt"/>
        <line num="71" count="34" type="stmt"/>
        <line num="72" count="28" type="stmt"/>
        <line num="76" count="34" type="cond" truecount="2" falsecount="0"/>
        <line num="78" count="26" type="stmt"/>
        <line num="79" count="26" type="stmt"/>
        <line num="81" count="26" type="stmt"/>
        <line num="82" count="4" type="stmt"/>
        <line num="87" count="34" type="stmt"/>
        <line num="88" count="34" type="cond" truecount="2" falsecount="0"/>
        <line num="89" count="2" type="stmt"/>
        <line num="96" count="32" type="stmt"/>
        <line num="97" count="32" type="stmt"/>
        <line num="99" count="32" type="stmt"/>
        <line num="100" count="14" type="stmt"/>
        <line num="103" count="32" type="cond" truecount="2" falsecount="0"/>
        <line num="104" count="2" type="stmt"/>
        <line num="107" count="30" type="cond" truecount="2" falsecount="0"/>
        <line num="109" count="41" type="cond" truecount="3" falsecount="1"/>
        <line num="110" count="0" type="stmt"/>
        <line num="113" count="30" type="stmt"/>
      </file>
      <file name="lock-manager.ts" path="C:\Users\tokyo\Documents\CanvasApp\src\services\lock-manager.ts">
        <metrics statements="14" coveredstatements="14" conditionals="4" coveredconditionals="4" methods="4" coveredmethods="4"/>
        <line num="2" count="2" type="stmt"/>
        <line num="13" count="2" type="stmt"/>
        <line num="20" count="26" type="stmt"/>
        <line num="22" count="26" type="cond" truecount="2" falsecount="0"/>
        <line num="23" count="4" type="stmt"/>
        <line num="26" count="22" type="stmt"/>
        <line num="27" count="22" type="stmt"/>
        <line num="34" count="13" type="stmt"/>
        <line num="39" count="22" type="stmt"/>
        <line num="46" count="26" type="stmt"/>
        <line num="47" count="26" type="stmt"/>
        <line num="48" count="6" type="cond" truecount="2" falsecount="0"/>
        <line num="49" count="1" type="stmt"/>
        <line num="56" count="2" type="stmt"/>
      </file>
      <file name="markdown-builder.ts" path="C:\Users\tokyo\Documents\CanvasApp\src\services\markdown-builder.ts">
        <metrics statements="38" coveredstatements="38" conditionals="8" coveredconditionals="8" methods="3" coveredmethods="3"/>
        <line num="19" count="27" type="stmt"/>
        <line num="20" count="27" type="stmt"/>
        <line num="23" count="27" type="stmt"/>
        <line num="24" count="27" type="stmt"/>
        <line num="25" count="27" type="stmt"/>
        <line num="26" count="27" type="cond" truecount="2" falsecount="0"/>
        <line num="27" count="15" type="stmt"/>
        <line num="29" count="27" type="stmt"/>
        <line num="32" count="27" type="stmt"/>
        <line num="34" count="27" type="stmt"/>
        <line num="35" count="26" type="stmt"/>
        <line num="37" count="26" type="stmt"/>
        <line num="38" count="34" type="stmt"/>
        <line num="40" count="34" type="stmt"/>
        <line num="41" count="1048" type="stmt"/>
        <line num="42" count="1048" type="stmt"/>
        <line num="43" count="1048" type="stmt"/>
        <line num="44" count="1048" type="stmt"/>
        <line num="46" count="1048" type="cond" truecount="2" falsecount="0"/>
        <line num="47" count="1047" type="stmt"/>
        <line num="49" count="1" type="stmt"/>
        <line num="53" count="34" type="stmt"/>
        <line num="57" count="27" type="stmt"/>
        <line num="65" count="9" type="stmt"/>
        <line num="67" count="9" type="stmt"/>
        <line num="68" count="9" type="stmt"/>
        <line num="69" count="9" type="stmt"/>
        <line num="71" count="9" type="stmt"/>
        <line num="81" count="27" type="stmt"/>
        <line num="83" count="27" type="stmt"/>
        <line num="84" count="1048" type="cond" truecount="2" falsecount="0"/>
        <line num="85" count="26" type="stmt"/>
        <line num="87" count="1048" type="stmt"/>
        <line num="89" count="1048" type="stmt"/>
        <line num="90" count="1048" type="cond" truecount="2" falsecount="0"/>
        <line num="91" count="34" type="stmt"/>
        <line num="93" count="1048" type="stmt"/>
        <line num="96" count="27" type="stmt"/>
      </file>
      <file name="message-collector.ts" path="C:\Users\tokyo\Documents\CanvasApp\src\services\message-collector.ts">
        <metrics statements="112" coveredstatements="100" conditionals="64" coveredconditionals="48" methods="18" coveredmethods="18"/>
        <line num="7" count="2" type="stmt"/>
        <line num="18" count="20" type="stmt"/>
        <line num="19" count="20" type="stmt"/>
        <line num="20" count="20" type="stmt"/>
        <line num="23" count="20" type="stmt"/>
        <line num="25" count="19" type="stmt"/>
        <line num="27" count="22" type="cond" truecount="2" falsecount="0"/>
        <line num="28" count="2" type="stmt"/>
        <line num="29" count="2" type="cond" truecount="1" falsecount="1"/>
        <line num="30" count="2" type="stmt"/>
        <line num="32" count="2" type="stmt"/>
        <line num="35" count="20" type="stmt"/>
        <line num="36" count="20" type="stmt"/>
        <line num="42" count="18" type="stmt"/>
        <line num="43" count="18" type="stmt"/>
        <line num="45" count="2" type="cond" truecount="1" falsecount="1"/>
        <line num="46" count="0" type="stmt"/>
        <line num="47" count="0" type="cond" truecount="0" falsecount="2"/>
        <line num="48" count="0" type="stmt"/>
        <line num="50" count="0" type="stmt"/>
        <line num="52" count="2" type="stmt"/>
        <line num="57" count="510" type="stmt"/>
        <line num="59" count="17" type="stmt"/>
        <line num="71" count="20" type="stmt"/>
        <line num="72" count="20" type="stmt"/>
        <line num="73" count="20" type="stmt"/>
        <line num="75" count="20" type="cond" truecount="2" falsecount="0"/>
        <line num="79" count="20" type="stmt"/>
        <line num="81" count="20" type="stmt"/>
        <line num="82" count="21" type="stmt"/>
        <line num="83" count="21" type="stmt"/>
        <line num="91" count="19" type="cond" truecount="1" falsecount="1"/>
        <line num="93" count="21" type="stmt"/>
        <line num="94" count="527" type="cond" truecount="2" falsecount="0"/>
        <line num="95" count="1" type="stmt"/>
        <line num="96" count="1" type="stmt"/>
        <line num="97" count="1" type="stmt"/>
        <line num="101" count="526" type="cond" truecount="2" falsecount="0"/>
        <line num="102" count="521" type="stmt"/>
        <line num="103" count="521" type="stmt"/>
        <line num="112" count="526" type="cond" truecount="4" falsecount="0"/>
        <line num="113" count="1" type="stmt"/>
        <line num="122" count="1" type="cond" truecount="1" falsecount="1"/>
        <line num="123" count="0" type="stmt"/>
        <line num="124" count="0" type="stmt"/>
        <line num="125" count="0" type="stmt"/>
        <line num="126" count="0" type="stmt"/>
        <line num="129" count="1" type="stmt"/>
        <line num="133" count="19" type="cond" truecount="2" falsecount="0"/>
        <line num="134" count="21" type="cond" truecount="2" falsecount="0"/>
        <line num="135" count="18" type="stmt"/>
        <line num="139" count="18" type="stmt"/>
        <line num="153" count="1" type="stmt"/>
        <line num="156" count="1" type="stmt"/>
        <line num="158" count="1" type="stmt"/>
        <line num="159" count="1" type="stmt"/>
        <line num="160" count="1" type="stmt"/>
        <line num="168" count="1" type="cond" truecount="1" falsecount="1"/>
        <line num="170" count="1" type="stmt"/>
        <line num="172" count="3" type="cond" truecount="2" falsecount="0"/>
        <line num="174" count="2" type="cond" truecount="1" falsecount="1"/>
        <line num="175" count="0" type="stmt"/>
        <line num="176" count="0" type="stmt"/>
        <line num="179" count="2" type="cond" truecount="2" falsecount="0"/>
        <line num="180" count="1" type="stmt"/>
        <line num="181" count="1" type="stmt"/>
        <line num="190" count="1" type="cond" truecount="2" falsecount="0"/>
        <line num="191" count="1" type="cond" truecount="1" falsecount="1"/>
        <line num="192" count="1" type="stmt"/>
        <line num="196" count="1" type="stmt"/>
        <line num="203" count="528" type="cond" truecount="2" falsecount="0"/>
        <line num="204" count="526" type="stmt"/>
        <line num="211" count="20" type="stmt"/>
        <line num="214" count="20" type="stmt"/>
        <line num="215" count="20" type="stmt"/>
        <line num="216" count="20" type="stmt"/>
        <line num="223" count="19" type="cond" truecount="1" falsecount="1"/>
        <line num="224" count="21" type="cond" truecount="1" falsecount="1"/>
        <line num="227" count="19" type="cond" truecount="2" falsecount="0"/>
        <line num="230" count="19" type="stmt"/>
        <line num="237" count="20" type="stmt"/>
        <line num="238" count="20" type="stmt"/>
        <line num="239" count="20" type="stmt"/>
        <line num="241" count="20" type="cond" truecount="1" falsecount="1"/>
        <line num="243" count="0" type="stmt"/>
        <line num="251" count="2" type="stmt"/>
        <line num="252" count="2" type="stmt"/>
        <line num="253" count="2" type="stmt"/>
        <line num="255" count="2" type="stmt"/>
        <line num="260" count="0" type="stmt"/>
        <line num="275" count="5" type="cond" truecount="2" falsecount="0"/>
        <line num="277" count="4" type="stmt"/>
        <line num="278" count="4" type="stmt"/>
        <line num="281" count="4" type="stmt"/>
        <line num="284" count="4" type="stmt"/>
        <line num="285" count="5" type="stmt"/>
        <line num="286" count="5" type="stmt"/>
        <line num="293" count="5" type="cond" truecount="1" falsecount="1"/>
        <line num="294" count="5" type="cond" truecount="3" falsecount="1"/>
        <line num="295" count="5" type="stmt"/>
        <line num="299" count="5" type="cond" truecount="2" falsecount="0"/>
        <line num="302" count="4" type="stmt"/>
        <line num="303" count="6" type="stmt"/>
        <line num="304" count="6" type="cond" truecount="2" falsecount="0"/>
        <line num="305" count="4" type="stmt"/>
        <line num="307" count="2" type="stmt"/>
        <line num="311" count="4" type="stmt"/>
        <line num="318" count="522" type="stmt"/>
        <line num="319" count="522" type="stmt"/>
        <line num="320" count="522" type="stmt"/>
        <line num="325" count="521" type="cond" truecount="1" falsecount="1"/>
        <line num="327" count="1" type="stmt"/>
      </file>
      <file name="slack-api.ts" path="C:\Users\tokyo\Documents\CanvasApp\src\services\slack-api.ts">
        <metrics statements="44" coveredstatements="43" conditionals="35" coveredconditionals="34" methods="7" coveredmethods="7"/>
        <line num="5" count="4" type="stmt"/>
        <line num="14" count="4" type="stmt"/>
        <line num="20" count="4" type="stmt"/>
        <line num="21" count="4" type="stmt"/>
        <line num="27" count="14" type="cond" truecount="3" falsecount="0"/>
        <line num="29" count="14" type="cond" truecount="2" falsecount="0"/>
        <line num="30" count="4" type="cond" truecount="2" falsecount="0"/>
        <line num="31" count="2" type="stmt"/>
        <line num="33" count="2" type="cond" truecount="5" falsecount="0"/>
        <line num="34" count="1" type="stmt"/>
        <line num="36" count="1" type="cond" truecount="1" falsecount="1"/>
        <line num="37" count="1" type="stmt"/>
        <line num="41" count="10" type="cond" truecount="2" falsecount="0"/>
        <line num="42" count="1" type="stmt"/>
        <line num="45" count="9" type="cond" truecount="2" falsecount="0"/>
        <line num="46" count="1" type="stmt"/>
        <line num="49" count="8" type="cond" truecount="2" falsecount="0"/>
        <line num="50" count="1" type="stmt"/>
        <line num="53" count="7" type="cond" truecount="2" falsecount="0"/>
        <line num="54" count="1" type="stmt"/>
        <line num="57" count="6" type="cond" truecount="2" falsecount="0"/>
        <line num="58" count="1" type="stmt"/>
        <line num="61" count="5" type="cond" truecount="2" falsecount="0"/>
        <line num="71" count="638" type="stmt"/>
        <line num="72" count="644" type="stmt"/>
        <line num="73" count="644" type="stmt"/>
        <line num="75" count="20" type="cond" truecount="3" falsecount="0"/>
        <line num="77" count="20" type="cond" truecount="4" falsecount="0"/>
        <line num="78" count="6" type="stmt"/>
        <line num="79" count="6" type="stmt"/>
        <line num="80" count="6" type="stmt"/>
        <line num="81" count="6" type="stmt"/>
        <line num="84" count="14" type="stmt"/>
        <line num="89" count="0" type="stmt"/>
        <line num="98" count="4" type="stmt"/>
        <line num="101" count="4" type="stmt"/>
        <line num="102" count="7" type="stmt"/>
        <line num="103" count="7" type="stmt"/>
        <line num="104" count="7" type="stmt"/>
        <line num="107" count="4" type="stmt"/>
        <line num="114" count="7" type="cond" truecount="2" falsecount="0"/>
        <line num="115" count="4" type="stmt"/>
        <line num="117" count="3" type="stmt"/>
        <line num="121" count="6" type="stmt"/>
      </file>
    </package>
    <package name="types">
      <metrics statements="5" coveredstatements="5" conditionals="0" coveredconditionals="0" methods="1" coveredmethods="1"/>
      <file name="index.ts" path="C:\Users\tokyo\Documents\CanvasApp\src\types\index.ts">
        <metrics statements="5" coveredstatements="5" conditionals="0" coveredconditionals="0" methods="1" coveredmethods="1"/>
        <line num="64" count="42" type="stmt"/>
        <line num="66" count="42" type="stmt"/>
        <line num="67" count="42" type="stmt"/>
        <line num="69" count="42" type="stmt"/>
        <line num="70" count="42" type="stmt"/>
      </file>
    </package>
    <package name="utils">
      <metrics statements="15" coveredstatements="15" conditionals="0" coveredconditionals="0" methods="4" coveredmethods="4"/>
      <file name="date.ts" path="C:\Users\tokyo\Documents\CanvasApp\src\utils\date.ts">
        <metrics statements="15" coveredstatements="15" conditionals="0" coveredconditionals="0" methods="4" coveredmethods="4"/>
        <line num="5" count="2098" type="stmt"/>
        <line num="6" count="2098" type="stmt"/>
        <line num="13" count="29" type="stmt"/>
        <line num="14" count="29" type="stmt"/>
        <line num="15" count="29" type="stmt"/>
        <line num="16" count="29" type="stmt"/>
        <line num="17" count="29" type="stmt"/>
        <line num="18" count="29" type="stmt"/>
        <line num="25" count="1050" type="stmt"/>
        <line num="26" count="1050" type="stmt"/>
        <line num="27" count="1050" type="stmt"/>
        <line num="28" count="1050" type="stmt"/>
        <line num="35" count="6" type="stmt"/>
        <line num="36" count="6" type="stmt"/>
        <line num="37" count="6" type="stmt"/>
      </file>
    </package>
  </project>
</coverage>
