{"C:\\Users\\tokyo\\Documents\\CanvasApp\\src\\i18n\\index.ts": {"path":"C:\\Users\\tokyo\\Documents\\CanvasApp\\src\\i18n\\index.ts","statementMap":{"0":{"start":{"line":14,"column":52},"end":{"line":14,"column":null}},"1":{"start":{"line":17,"column":40},"end":{"line":17,"column":null}},"2":{"start":{"line":20,"column":26},"end":{"line":20,"column":null}},"3":{"start":{"line":31,"column":19},"end":{"line":31,"column":null}},"4":{"start":{"line":33,"column":2},"end":{"line":33,"column":null}},"5":{"start":{"line":33,"column":15},"end":{"line":33,"column":null}},"6":{"start":{"line":35,"column":2},"end":{"line":37,"column":null}},"7":{"start":{"line":36,"column":4},"end":{"line":36,"column":null}},"8":{"start":{"line":41,"column":20},"end":{"line":41,"column":null}},"9":{"start":{"line":44,"column":21},"end":{"line":44,"column":null}},"10":{"start":{"line":52,"column":17},"end":{"line":52,"column":null}},"11":{"start":{"line":53,"column":2},"end":{"line":55,"column":null}},"12":{"start":{"line":54,"column":4},"end":{"line":54,"column":null}},"13":{"start":{"line":57,"column":2},"end":{"line":76,"column":null}},"14":{"start":{"line":58,"column":19},"end":{"line":61,"column":null}},"15":{"start":{"line":63,"column":32},"end":{"line":63,"column":null}},"16":{"start":{"line":64,"column":19},"end":{"line":64,"column":null}},"17":{"start":{"line":67,"column":4},"end":{"line":70,"column":null}},"18":{"start":{"line":72,"column":4},"end":{"line":72,"column":null}},"19":{"start":{"line":75,"column":4},"end":{"line":75,"column":null}},"20":{"start":{"line":84,"column":2},"end":{"line":84,"column":null}},"21":{"start":{"line":88,"column":2},"end":{"line":88,"column":null}},"22":{"start":{"line":88,"column":20},"end":{"line":88,"column":null}},"23":{"start":{"line":91,"column":15},"end":{"line":91,"column":null}},"24":{"start":{"line":93,"column":2},"end":{"line":95,"column":null}},"25":{"start":{"line":94,"column":4},"end":{"line":94,"column":null}},"26":{"start":{"line":98,"column":2},"end":{"line":100,"column":null}},"27":{"start":{"line":99,"column":4},"end":{"line":99,"column":null}},"28":{"start":{"line":102,"column":2},"end":{"line":102,"column":null}}},"fnMap":{"0":{"name":"t","decl":{"start":{"line":26,"column":16},"end":{"line":26,"column":null}},"loc":{"start":{"line":30,"column":10},"end":{"line":38,"column":null}},"line":30},"1":{"name":"(anonymous_1)","decl":{"start":{"line":35,"column":44},"end":{"line":35,"column":45}},"loc":{"start":{"line":35,"column":65},"end":{"line":37,"column":3}},"line":35},"2":{"name":"getUserLocale","decl":{"start":{"line":50,"column":22},"end":{"line":50,"column":36}},"loc":{"start":{"line":50,"column":97},"end":{"line":77,"column":null}},"line":50},"3":{"name":"_clearLocaleCacheForTest","decl":{"start":{"line":83,"column":16},"end":{"line":83,"column":49}},"loc":{"start":{"line":83,"column":49},"end":{"line":85,"column":null}},"line":83},"4":{"name":"resolveLocale","decl":{"start":{"line":87,"column":16},"end":{"line":87,"column":30}},"loc":{"start":{"line":87,"column":68},"end":{"line":103,"column":null}},"line":87}},"branchMap":{"0":{"loc":{"start":{"line":31,"column":19},"end":{"line":31,"column":null}},"type":"binary-expr","locations":[{"start":{"line":31,"column":19},"end":{"line":31,"column":46}},{"start":{"line":31,"column":46},"end":{"line":31,"column":null}}],"line":31},"1":{"loc":{"start":{"line":33,"column":2},"end":{"line":33,"column":null}},"type":"if","locations":[{"start":{"line":33,"column":2},"end":{"line":33,"column":null}},{"start":{},"end":{}}],"line":33},"2":{"loc":{"start":{"line":36,"column":11},"end":{"line":36,"column":null}},"type":"cond-expr","locations":[{"start":{"line":36,"column":40},"end":{"line":36,"column":63}},{"start":{"line":36,"column":63},"end":{"line":36,"column":null}}],"line":36},"3":{"loc":{"start":{"line":53,"column":2},"end":{"line":55,"column":null}},"type":"if","locations":[{"start":{"line":53,"column":2},"end":{"line":55,"column":null}},{"start":{},"end":{}}],"line":53},"4":{"loc":{"start":{"line":53,"column":6},"end":{"line":53,"column":47}},"type":"binary-expr","locations":[{"start":{"line":53,"column":6},"end":{"line":53,"column":16}},{"start":{"line":53,"column":16},"end":{"line":53,"column":47}}],"line":53},"5":{"loc":{"start":{"line":63,"column":32},"end":{"line":63,"column":null}},"type":"binary-expr","locations":[{"start":{"line":63,"column":32},"end":{"line":63,"column":55}},{"start":{"line":63,"column":55},"end":{"line":63,"column":null}}],"line":63},"6":{"loc":{"start":{"line":88,"column":2},"end":{"line":88,"column":null}},"type":"if","locations":[{"start":{"line":88,"column":2},"end":{"line":88,"column":null}},{"start":{},"end":{}}],"line":88},"7":{"loc":{"start":{"line":93,"column":2},"end":{"line":95,"column":null}},"type":"if","locations":[{"start":{"line":93,"column":2},"end":{"line":95,"column":null}},{"start":{},"end":{}}],"line":93},"8":{"loc":{"start":{"line":98,"column":2},"end":{"line":100,"column":null}},"type":"if","locations":[{"start":{"line":98,"column":2},"end":{"line":100,"column":null}},{"start":{},"end":{}}],"line":98}},"s":{"0":5,"1":5,"2":5,"3":1510,"4":1510,"5":1336,"6":174,"7":235,"8":5,"9":5,"10":22,"11":22,"12":1,"13":21,"14":21,"15":20,"16":22,"17":22,"18":22,"19":1,"20":20,"21":31,"22":2,"23":29,"24":29,"25":28,"26":1,"27":0,"28":1},"f":{"0":1510,"1":235,"2":22,"3":20,"4":31},"b":{"0":[1510,0],"1":[1336,174],"2":[233,2],"3":[1,21],"4":[22,2],"5":[20,1],"6":[2,29],"7":[28,1],"8":[0,1]},"meta":{"lastBranch":9,"lastFunction":5,"lastStatement":29,"seen":{"s:14:52:14:Infinity":0,"s:17:40:17:Infinity":1,"s:20:26:20:Infinity":2,"f:26:16:26:Infinity":0,"s:31:19:31:Infinity":3,"b:31:19:31:46:31:46:31:Infinity":0,"b:33:2:33:Infinity:undefined:undefined:undefined:undefined":1,"s:33:2:33:Infinity":4,"s:33:15:33:Infinity":5,"s:35:2:37:Infinity":6,"f:35:44:35:45":1,"s:36:4:36:Infinity":7,"b:36:40:36:63:36:63:36:Infinity":2,"s:41:20:41:Infinity":8,"s:44:21:44:Infinity":9,"f:50:22:50:36":2,"s:52:17:52:Infinity":10,"b:53:2:55:Infinity:undefined:undefined:undefined:undefined":3,"s:53:2:55:Infinity":11,"b:53:6:53:16:53:16:53:47":4,"s:54:4:54:Infinity":12,"s:57:2:76:Infinity":13,"s:58:19:61:Infinity":14,"s:63:32:63:Infinity":15,"b:63:32:63:55:63:55:63:Infinity":5,"s:64:19:64:Infinity":16,"s:67:4:70:Infinity":17,"s:72:4:72:Infinity":18,"s:75:4:75:Infinity":19,"f:83:16:83:49":3,"s:84:2:84:Infinity":20,"f:87:16:87:30":4,"b:88:2:88:Infinity:undefined:undefined:undefined:undefined":6,"s:88:2:88:Infinity":21,"s:88:20:88:Infinity":22,"s:91:15:91:Infinity":23,"b:93:2:95:Infinity:undefined:undefined:undefined:undefined":7,"s:93:2:95:Infinity":24,"s:94:4:94:Infinity":25,"b:98:2:100:Infinity:undefined:undefined:undefined:undefined":8,"s:98:2:100:Infinity":26,"s:99:4:99:Infinity":27,"s:102:2:102:Infinity":28}}}
,"C:\\Users\\tokyo\\Documents\\CanvasApp\\src\\i18n\\types.ts": {"path":"C:\\Users\\tokyo\\Documents\\CanvasApp\\src\\i18n\\types.ts","statementMap":{},"fnMap":{},"branchMap":{},"s":{},"f":{},"b":{},"meta":{"lastBranch":0,"lastFunction":0,"lastStatement":0,"seen":{}}}
,"C:\\Users\\tokyo\\Documents\\CanvasApp\\src\\i18n\\locales\\en.ts": {"path":"C:\\Users\\tokyo\\Documents\\CanvasApp\\src\\i18n\\locales\\en.ts","statementMap":{"0":{"start":{"line":3,"column":21},"end":{"line":48,"column":null}}},"fnMap":{},"branchMap":{},"s":{"0":5},"f":{},"b":{},"meta":{"lastBranch":0,"lastFunction":0,"lastStatement":1,"seen":{"s:3:21:48:Infinity":0}}}
,"C:\\Users\\tokyo\\Documents\\CanvasApp\\src\\i18n\\locales\\es.ts": {"path":"C:\\Users\\tokyo\\Documents\\CanvasApp\\src\\i18n\\locales\\es.ts","statementMap":{"0":{"start":{"line":3,"column":21},"end":{"line":48,"column":null}}},"fnMap":{},"branchMap":{},"s":{"0":5},"f":{},"b":{},"meta":{"lastBranch":0,"lastFunction":0,"lastStatement":1,"seen":{"s:3:21:48:Infinity":0}}}
,"C:\\Users\\tokyo\\Documents\\CanvasApp\\src\\i18n\\locales\\fr.ts": {"path":"C:\\Users\\tokyo\\Documents\\CanvasApp\\src\\i18n\\locales\\fr.ts","statementMap":{"0":{"start":{"line":3,"column":21},"end":{"line":48,"column":null}}},"fnMap":{},"branchMap":{},"s":{"0":5},"f":{},"b":{},"meta":{"lastBranch":0,"lastFunction":0,"lastStatement":1,"seen":{"s:3:21:48:Infinity":0}}}
,"C:\\Users\\tokyo\\Documents\\CanvasApp\\src\\i18n\\locales\\hi.ts": {"path":"C:\\Users\\tokyo\\Documents\\CanvasApp\\src\\i18n\\locales\\hi.ts","statementMap":{"0":{"start":{"line":3,"column":21},"end":{"line":48,"column":null}}},"fnMap":{},"branchMap":{},"s":{"0":5},"f":{},"b":{},"meta":{"lastBranch":0,"lastFunction":0,"lastStatement":1,"seen":{"s:3:21:48:Infinity":0}}}
,"C:\\Users\\tokyo\\Documents\\CanvasApp\\src\\i18n\\locales\\ja.ts": {"path":"C:\\Users\\tokyo\\Documents\\CanvasApp\\src\\i18n\\locales\\ja.ts","statementMap":{"0":{"start":{"line":3,"column":21},"end":{"line":48,"column":null}}},"fnMap":{},"branchMap":{},"s":{"0":5},"f":{},"b":{},"meta":{"lastBranch":0,"lastFunction":0,"lastStatement":1,"seen":{"s:3:21:48:Infinity":0}}}
,"C:\\Users\\tokyo\\Documents\\CanvasApp\\src\\i18n\\locales\\ko.ts": {"path":"C:\\Users\\tokyo\\Documents\\CanvasApp\\src\\i18n\\locales\\ko.ts","statementMap":{"0":{"start":{"line":3,"column":21},"end":{"line":48,"column":null}}},"fnMap":{},"branchMap":{},"s":{"0":5},"f":{},"b":{},"meta":{"lastBranch":0,"lastFunction":0,"lastStatement":1,"seen":{"s:3:21:48:Infinity":0}}}
,"C:\\Users\\tokyo\\Documents\\CanvasApp\\src\\i18n\\locales\\zh.ts": {"path":"C:\\Users\\tokyo\\Documents\\CanvasApp\\src\\i18n\\locales\\zh.ts","statementMap":{"0":{"start":{"line":3,"column":21},"end":{"line":48,"column":null}}},"fnMap":{},"branchMap":{},"s":{"0":5},"f":{},"b":{},"meta":{"lastBranch":0,"lastFunction":0,"lastStatement":1,"seen":{"s:3:21:48:Infinity":0}}}
,"C:\\Users\\tokyo\\Documents\\CanvasApp\\src\\listeners\\commands\\canvas-collect.ts": {"path":"C:\\Users\\tokyo\\Documents\\CanvasApp\\src\\listeners\\commands\\canvas-collect.ts","statementMap":{"0":{"start":{"line":29,"column":2},"end":{"line":29,"column":null}},"1":{"start":{"line":31,"column":20},"end":{"line":31,"column":null}},"2":{"start":{"line":32,"column":17},"end":{"line":32,"column":null}},"3":{"start":{"line":33,"column":17},"end":{"line":33,"column":null}},"4":{"start":{"line":34,"column":21},"end":{"line":34,"column":null}},"5":{"start":{"line":37,"column":34},"end":{"line":37,"column":null}},"6":{"start":{"line":40,"column":24},"end":{"line":47,"column":null}},"7":{"start":{"line":41,"column":4},"end":{"line":46,"column":null}},"8":{"start":{"line":51,"column":2},"end":{"line":149,"column":null}},"9":{"start":{"line":53,"column":10},"end":{"line":53,"column":null}},"10":{"start":{"line":54,"column":4},"end":{"line":54,"column":null}},"11":{"start":{"line":57,"column":39},"end":{"line":57,"column":null}},"12":{"start":{"line":58,"column":4},"end":{"line":67,"column":null}},"13":{"start":{"line":59,"column":37},"end":{"line":59,"column":null}},"14":{"start":{"line":60,"column":6},"end":{"line":60,"column":null}},"15":{"start":{"line":61,"column":6},"end":{"line":66,"column":null}},"16":{"start":{"line":62,"column":25},"end":{"line":62,"column":null}},"17":{"start":{"line":62,"column":43},"end":{"line":62,"column":50}},"18":{"start":{"line":63,"column":14},"end":{"line":63,"column":null}},"19":{"start":{"line":64,"column":8},"end":{"line":64,"column":null}},"20":{"start":{"line":65,"column":8},"end":{"line":65,"column":null}},"21":{"start":{"line":70,"column":27},"end":{"line":70,"column":null}},"22":{"start":{"line":71,"column":23},"end":{"line":71,"column":null}},"23":{"start":{"line":74,"column":4},"end":{"line":77,"column":null}},"24":{"start":{"line":80,"column":4},"end":{"line":86,"column":null}},"25":{"start":{"line":81,"column":6},"end":{"line":84,"column":null}},"26":{"start":{"line":85,"column":6},"end":{"line":85,"column":null}},"27":{"start":{"line":88,"column":4},"end":{"line":133,"column":null}},"28":{"start":{"line":90,"column":21},"end":{"line":90,"column":null}},"29":{"start":{"line":93,"column":6},"end":{"line":99,"column":null}},"30":{"start":{"line":94,"column":8},"end":{"line":97,"column":null}},"31":{"start":{"line":98,"column":8},"end":{"line":98,"column":null}},"32":{"start":{"line":102,"column":35},"end":{"line":104,"column":null}},"33":{"start":{"line":103,"column":33},"end":{"line":103,"column":40}},"34":{"start":{"line":104,"column":25},"end":{"line":104,"column":29}},"35":{"start":{"line":107,"column":12},"end":{"line":107,"column":null}},"36":{"start":{"line":108,"column":12},"end":{"line":108,"column":null}},"37":{"start":{"line":110,"column":35},"end":{"line":118,"column":null}},"38":{"start":{"line":121,"column":6},"end":{"line":127,"column":null}},"39":{"start":{"line":130,"column":6},"end":{"line":132,"column":null}},"40":{"start":{"line":131,"column":8},"end":{"line":131,"column":null}},"41":{"start":{"line":136,"column":4},"end":{"line":148,"column":null}},"42":{"start":{"line":138,"column":16},"end":{"line":138,"column":null}},"43":{"start":{"line":139,"column":6},"end":{"line":143,"column":null}},"44":{"start":{"line":140,"column":47},"end":{"line":140,"column":null}},"45":{"start":{"line":141,"column":8},"end":{"line":141,"column":null}},"46":{"start":{"line":141,"column":26},"end":{"line":141,"column":null}},"47":{"start":{"line":142,"column":8},"end":{"line":142,"column":null}},"48":{"start":{"line":144,"column":6},"end":{"line":144,"column":null}},"49":{"start":{"line":146,"column":12},"end":{"line":146,"column":null}},"50":{"start":{"line":147,"column":6},"end":{"line":147,"column":null}},"51":{"start":{"line":153,"column":2},"end":{"line":153,"column":null}}},"fnMap":{"0":{"name":"handleCanvasCollect","decl":{"start":{"line":23,"column":22},"end":{"line":23,"column":42}},"loc":{"start":{"line":27,"column":18},"end":{"line":150,"column":null}},"line":27},"1":{"name":"(anonymous_1)","decl":{"start":{"line":40,"column":24},"end":{"line":40,"column":31}},"loc":{"start":{"line":40,"column":71},"end":{"line":47,"column":null}},"line":40},"2":{"name":"(anonymous_2)","decl":{"start":{"line":62,"column":38},"end":{"line":62,"column":43}},"loc":{"start":{"line":62,"column":43},"end":{"line":62,"column":50}},"line":62},"3":{"name":"(anonymous_3)","decl":{"start":{"line":103,"column":16},"end":{"line":103,"column":17}},"loc":{"start":{"line":103,"column":33},"end":{"line":103,"column":40}},"line":103},"4":{"name":"(anonymous_4)","decl":{"start":{"line":104,"column":13},"end":{"line":104,"column":14}},"loc":{"start":{"line":104,"column":25},"end":{"line":104,"column":29}},"line":104},"5":{"name":"registerCanvasCollectCommand","decl":{"start":{"line":152,"column":16},"end":{"line":152,"column":45}},"loc":{"start":{"line":152,"column":61},"end":{"line":154,"column":null}},"line":152}},"branchMap":{"0":{"loc":{"start":{"line":45,"column":10},"end":{"line":45,"column":null}},"type":"cond-expr","locations":[{"start":{"line":45,"column":19},"end":{"line":45,"column":32}},{"start":{"line":45,"column":32},"end":{"line":45,"column":null}}],"line":45},"1":{"loc":{"start":{"line":53,"column":32},"end":{"line":53,"column":52}},"type":"binary-expr","locations":[{"start":{"line":53,"column":32},"end":{"line":53,"column":48}},{"start":{"line":53,"column":48},"end":{"line":53,"column":52}}],"line":53},"2":{"loc":{"start":{"line":58,"column":4},"end":{"line":67,"column":null}},"type":"if","locations":[{"start":{"line":58,"column":4},"end":{"line":67,"column":null}},{"start":{},"end":{}}],"line":58},"3":{"loc":{"start":{"line":61,"column":6},"end":{"line":66,"column":null}},"type":"if","locations":[{"start":{"line":61,"column":6},"end":{"line":66,"column":null}},{"start":{},"end":{}}],"line":61},"4":{"loc":{"start":{"line":80,"column":4},"end":{"line":86,"column":null}},"type":"if","locations":[{"start":{"line":80,"column":4},"end":{"line":86,"column":null}},{"start":{},"end":{}}],"line":80},"5":{"loc":{"start":{"line":93,"column":6},"end":{"line":99,"column":null}},"type":"if","locations":[{"start":{"line":93,"column":6},"end":{"line":99,"column":null}},{"start":{},"end":{}}],"line":93},"6":{"loc":{"start":{"line":124,"column":32},"end":{"line":124,"column":null}},"type":"cond-expr","locations":[{"start":{"line":124,"column":66},"end":{"line":124,"column":89}},{"start":{"line":124,"column":89},"end":{"line":124,"column":null}}],"line":124},"7":{"loc":{"start":{"line":125,"column":27},"end":{"line":125,"column":null}},"type":"cond-expr","locations":[{"start":{"line":125,"column":63},"end":{"line":125,"column":88}},{"start":{"line":125,"column":88},"end":{"line":125,"column":null}}],"line":125},"8":{"loc":{"start":{"line":130,"column":6},"end":{"line":132,"column":null}},"type":"if","locations":[{"start":{"line":130,"column":6},"end":{"line":132,"column":null}},{"start":{},"end":{}}],"line":130},"9":{"loc":{"start":{"line":136,"column":4},"end":{"line":148,"column":null}},"type":"if","locations":[{"start":{"line":136,"column":4},"end":{"line":148,"column":null}},{"start":{"line":145,"column":11},"end":{"line":148,"column":null}}],"line":136},"10":{"loc":{"start":{"line":139,"column":6},"end":{"line":143,"column":null}},"type":"if","locations":[{"start":{"line":139,"column":6},"end":{"line":143,"column":null}},{"start":{},"end":{}}],"line":139},"11":{"loc":{"start":{"line":141,"column":8},"end":{"line":141,"column":null}},"type":"if","locations":[{"start":{"line":141,"column":8},"end":{"line":141,"column":null}},{"start":{},"end":{}}],"line":141}},"s":{"0":15,"1":15,"2":15,"3":15,"4":15,"5":15,"6":15,"7":27,"8":15,"9":15,"10":15,"11":15,"12":15,"13":1,"14":1,"15":1,"16":1,"17":1,"18":1,"19":1,"20":1,"21":12,"22":12,"23":12,"24":12,"25":1,"26":1,"27":11,"28":11,"29":8,"30":1,"31":1,"32":7,"33":9,"34":1,"35":7,"36":7,"37":7,"38":7,"39":11,"40":11,"41":5,"42":5,"43":5,"44":3,"45":3,"46":2,"47":3,"48":5,"49":0,"50":0,"51":0},"f":{"0":15,"1":27,"2":1,"3":9,"4":1,"5":0},"b":{"0":[27,0],"1":[15,0],"2":[1,14],"3":[1,0],"4":[1,11],"5":[1,7],"6":[1,6],"7":[1,6],"8":[11,0],"9":[5,0],"10":[3,2],"11":[2,1]},"meta":{"lastBranch":12,"lastFunction":6,"lastStatement":52,"seen":{"f:23:22:23:42":0,"s:29:2:29:Infinity":0,"s:31:20:31:Infinity":1,"s:32:17:32:Infinity":2,"s:33:17:33:Infinity":3,"s:34:21:34:Infinity":4,"s:37:34:37:Infinity":5,"s:40:24:47:Infinity":6,"f:40:24:40:31":1,"s:41:4:46:Infinity":7,"b:45:19:45:32:45:32:45:Infinity":0,"s:51:2:149:Infinity":8,"s:53:10:53:Infinity":9,"b:53:32:53:48:53:48:53:52":1,"s:54:4:54:Infinity":10,"s:57:39:57:Infinity":11,"b:58:4:67:Infinity:undefined:undefined:undefined:undefined":2,"s:58:4:67:Infinity":12,"s:59:37:59:Infinity":13,"s:60:6:60:Infinity":14,"b:61:6:66:Infinity:undefined:undefined:undefined:undefined":3,"s:61:6:66:Infinity":15,"s:62:25:62:Infinity":16,"f:62:38:62:43":2,"s:62:43:62:50":17,"s:63:14:63:Infinity":18,"s:64:8:64:Infinity":19,"s:65:8:65:Infinity":20,"s:70:27:70:Infinity":21,"s:71:23:71:Infinity":22,"s:74:4:77:Infinity":23,"b:80:4:86:Infinity:undefined:undefined:undefined:undefined":4,"s:80:4:86:Infinity":24,"s:81:6:84:Infinity":25,"s:85:6:85:Infinity":26,"s:88:4:133:Infinity":27,"s:90:21:90:Infinity":28,"b:93:6:99:Infinity:undefined:undefined:undefined:undefined":5,"s:93:6:99:Infinity":29,"s:94:8:97:Infinity":30,"s:98:8:98:Infinity":31,"s:102:35:104:Infinity":32,"f:103:16:103:17":3,"s:103:33:103:40":33,"f:104:13:104:14":4,"s:104:25:104:29":34,"s:107:12:107:Infinity":35,"s:108:12:108:Infinity":36,"s:110:35:118:Infinity":37,"s:121:6:127:Infinity":38,"b:124:66:124:89:124:89:124:Infinity":6,"b:125:63:125:88:125:88:125:Infinity":7,"b:130:6:132:Infinity:undefined:undefined:undefined:undefined":8,"s:130:6:132:Infinity":39,"s:131:8:131:Infinity":40,"b:136:4:148:Infinity:145:11:148:Infinity":9,"s:136:4:148:Infinity":41,"s:138:16:138:Infinity":42,"b:139:6:143:Infinity:undefined:undefined:undefined:undefined":10,"s:139:6:143:Infinity":43,"s:140:47:140:Infinity":44,"b:141:8:141:Infinity:undefined:undefined:undefined:undefined":11,"s:141:8:141:Infinity":45,"s:141:26:141:Infinity":46,"s:142:8:142:Infinity":47,"s:144:6:144:Infinity":48,"s:146:12:146:Infinity":49,"s:147:6:147:Infinity":50,"f:152:16:152:45":5,"s:153:2:153:Infinity":51}}}
,"C:\\Users\\tokyo\\Documents\\CanvasApp\\src\\listeners\\commands\\index.ts": {"path":"C:\\Users\\tokyo\\Documents\\CanvasApp\\src\\listeners\\commands\\index.ts","statementMap":{"0":{"start":{"line":5,"column":2},"end":{"line":5,"column":null}}},"fnMap":{"0":{"name":"registerCommands","decl":{"start":{"line":4,"column":16},"end":{"line":4,"column":33}},"loc":{"start":{"line":4,"column":49},"end":{"line":6,"column":null}},"line":4}},"branchMap":{},"s":{"0":0},"f":{"0":0},"b":{},"meta":{"lastBranch":0,"lastFunction":1,"lastStatement":1,"seen":{"f:4:16:4:33":0,"s:5:2:5:Infinity":0}}}
,"C:\\Users\\tokyo\\Documents\\CanvasApp\\src\\services\\block-builder.ts": {"path":"C:\\Users\\tokyo\\Documents\\CanvasApp\\src\\services\\block-builder.ts","statementMap":{"0":{"start":{"line":10,"column":2},"end":{"line":18,"column":null}},"1":{"start":{"line":34,"column":8},"end":{"line":34,"column":null}},"2":{"start":{"line":36,"column":31},"end":{"line":52,"column":null}},"3":{"start":{"line":55,"column":2},"end":{"line":63,"column":null}},"4":{"start":{"line":56,"column":4},"end":{"line":62,"column":null}},"5":{"start":{"line":66,"column":2},"end":{"line":77,"column":null}},"6":{"start":{"line":67,"column":19},"end":{"line":67,"column":null}},"7":{"start":{"line":67,"column":53},"end":{"line":67,"column":66}},"8":{"start":{"line":68,"column":4},"end":{"line":76,"column":null}},"9":{"start":{"line":80,"column":2},"end":{"line":91,"column":null}},"10":{"start":{"line":93,"column":2},"end":{"line":93,"column":null}},"11":{"start":{"line":100,"column":31},"end":{"line":108,"column":null}},"12":{"start":{"line":110,"column":2},"end":{"line":121,"column":null}},"13":{"start":{"line":111,"column":19},"end":{"line":111,"column":null}},"14":{"start":{"line":111,"column":45},"end":{"line":111,"column":58}},"15":{"start":{"line":112,"column":4},"end":{"line":120,"column":null}},"16":{"start":{"line":123,"column":2},"end":{"line":123,"column":null}},"17":{"start":{"line":130,"column":2},"end":{"line":138,"column":null}},"18":{"start":{"line":145,"column":2},"end":{"line":153,"column":null}}},"fnMap":{"0":{"name":"buildCollectingBlocks","decl":{"start":{"line":9,"column":16},"end":{"line":9,"column":38}},"loc":{"start":{"line":9,"column":114},"end":{"line":19,"column":null}},"line":9},"1":{"name":"buildCompletionBlocks","decl":{"start":{"line":24,"column":16},"end":{"line":24,"column":null}},"loc":{"start":{"line":33,"column":16},"end":{"line":94,"column":null}},"line":33},"2":{"name":"(anonymous_2)","decl":{"start":{"line":67,"column":47},"end":{"line":67,"column":53}},"loc":{"start":{"line":67,"column":53},"end":{"line":67,"column":66}},"line":67},"3":{"name":"buildNoResultBlocks","decl":{"start":{"line":99,"column":16},"end":{"line":99,"column":36}},"loc":{"start":{"line":99,"column":108},"end":{"line":124,"column":null}},"line":99},"4":{"name":"(anonymous_4)","decl":{"start":{"line":111,"column":39},"end":{"line":111,"column":45}},"loc":{"start":{"line":111,"column":45},"end":{"line":111,"column":58}},"line":111},"5":{"name":"buildErrorBlocks","decl":{"start":{"line":129,"column":16},"end":{"line":129,"column":33}},"loc":{"start":{"line":129,"column":64},"end":{"line":139,"column":null}},"line":129},"6":{"name":"buildLockConflictBlocks","decl":{"start":{"line":144,"column":16},"end":{"line":144,"column":40}},"loc":{"start":{"line":144,"column":94},"end":{"line":154,"column":null}},"line":144}},"branchMap":{"0":{"loc":{"start":{"line":55,"column":2},"end":{"line":63,"column":null}},"type":"if","locations":[{"start":{"line":55,"column":2},"end":{"line":63,"column":null}},{"start":{},"end":{}}],"line":55},"1":{"loc":{"start":{"line":55,"column":6},"end":{"line":55,"column":80}},"type":"binary-expr","locations":[{"start":{"line":55,"column":6},"end":{"line":55,"column":39}},{"start":{"line":55,"column":39},"end":{"line":55,"column":80}}],"line":55},"2":{"loc":{"start":{"line":66,"column":2},"end":{"line":77,"column":null}},"type":"if","locations":[{"start":{"line":66,"column":2},"end":{"line":77,"column":null}},{"start":{},"end":{}}],"line":66},"3":{"loc":{"start":{"line":66,"column":6},"end":{"line":66,"column":70}},"type":"binary-expr","locations":[{"start":{"line":66,"column":6},"end":{"line":66,"column":34}},{"start":{"line":66,"column":34},"end":{"line":66,"column":70}}],"line":66},"4":{"loc":{"start":{"line":110,"column":2},"end":{"line":121,"column":null}},"type":"if","locations":[{"start":{"line":110,"column":2},"end":{"line":121,"column":null}},{"start":{},"end":{}}],"line":110},"5":{"loc":{"start":{"line":110,"column":6},"end":{"line":110,"column":53}},"type":"binary-expr","locations":[{"start":{"line":110,"column":6},"end":{"line":110,"column":25}},{"start":{"line":110,"column":25},"end":{"line":110,"column":53}}],"line":110}},"s":{"0":14,"1":13,"2":13,"3":13,"4":2,"5":13,"6":2,"7":2,"8":2,"9":13,"10":13,"11":4,"12":4,"13":1,"14":1,"15":1,"16":4,"17":7,"18":3},"f":{"0":14,"1":13,"2":2,"3":4,"4":1,"5":7,"6":3},"b":{"0":[2,11],"1":[13,2],"2":[2,11],"3":[13,2],"4":[1,3],"5":[4,2]},"meta":{"lastBranch":6,"lastFunction":7,"lastStatement":19,"seen":{"f:9:16:9:38":0,"s:10:2:18:Infinity":0,"f:24:16:24:Infinity":1,"s:34:8:34:Infinity":1,"s:36:31:52:Infinity":2,"b:55:2:63:Infinity:undefined:undefined:undefined:undefined":0,"s:55:2:63:Infinity":3,"b:55:6:55:39:55:39:55:80":1,"s:56:4:62:Infinity":4,"b:66:2:77:Infinity:undefined:undefined:undefined:undefined":2,"s:66:2:77:Infinity":5,"b:66:6:66:34:66:34:66:70":3,"s:67:19:67:Infinity":6,"f:67:47:67:53":2,"s:67:53:67:66":7,"s:68:4:76:Infinity":8,"s:80:2:91:Infinity":9,"s:93:2:93:Infinity":10,"f:99:16:99:36":3,"s:100:31:108:Infinity":11,"b:110:2:121:Infinity:undefined:undefined:undefined:undefined":4,"s:110:2:121:Infinity":12,"b:110:6:110:25:110:25:110:53":5,"s:111:19:111:Infinity":13,"f:111:39:111:45":4,"s:111:45:111:58":14,"s:112:4:120:Infinity":15,"s:123:2:123:Infinity":16,"f:129:16:129:33":5,"s:130:2:138:Infinity":17,"f:144:16:144:40":6,"s:145:2:153:Infinity":18}}}
,"C:\\Users\\tokyo\\Documents\\CanvasApp\\src\\services\\canvas-manager.ts": {"path":"C:\\Users\\tokyo\\Documents\\CanvasApp\\src\\services\\canvas-manager.ts","statementMap":{"0":{"start":{"line":10,"column":2},"end":{"line":10,"column":null}},"1":{"start":{"line":23,"column":16},"end":{"line":23,"column":null}},"2":{"start":{"line":24,"column":41},"end":{"line":24,"column":null}},"3":{"start":{"line":28,"column":2},"end":{"line":50,"column":null}},"4":{"start":{"line":29,"column":19},"end":{"line":36,"column":null}},"5":{"start":{"line":30,"column":7},"end":{"line":35,"column":null}},"6":{"start":{"line":38,"column":18},"end":{"line":38,"column":null}},"7":{"start":{"line":39,"column":4},"end":{"line":47,"column":null}},"8":{"start":{"line":40,"column":6},"end":{"line":46,"column":null}},"9":{"start":{"line":41,"column":8},"end":{"line":45,"column":null}},"10":{"start":{"line":49,"column":4},"end":{"line":49,"column":null}},"11":{"start":{"line":52,"column":2},"end":{"line":54,"column":null}},"12":{"start":{"line":53,"column":4},"end":{"line":53,"column":null}},"13":{"start":{"line":57,"column":2},"end":{"line":57,"column":null}},"14":{"start":{"line":57,"column":34},"end":{"line":57,"column":55}},"15":{"start":{"line":58,"column":2},"end":{"line":58,"column":null}},"16":{"start":{"line":72,"column":16},"end":{"line":72,"column":null}},"17":{"start":{"line":74,"column":17},"end":{"line":83,"column":null}},"18":{"start":{"line":75,"column":5},"end":{"line":82,"column":null}},"19":{"start":{"line":85,"column":2},"end":{"line":87,"column":null}},"20":{"start":{"line":86,"column":4},"end":{"line":86,"column":null}},"21":{"start":{"line":90,"column":20},"end":{"line":90,"column":null}},"22":{"start":{"line":92,"column":2},"end":{"line":95,"column":null}},"23":{"start":{"line":106,"column":2},"end":{"line":119,"column":null}},"24":{"start":{"line":107,"column":5},"end":{"line":118,"column":null}},"25":{"start":{"line":134,"column":19},"end":{"line":134,"column":null}},"26":{"start":{"line":136,"column":2},"end":{"line":146,"column":null}},"27":{"start":{"line":138,"column":4},"end":{"line":138,"column":null}},"28":{"start":{"line":140,"column":22},"end":{"line":140,"column":null}},"29":{"start":{"line":141,"column":4},"end":{"line":141,"column":null}},"30":{"start":{"line":144,"column":26},"end":{"line":144,"column":null}},"31":{"start":{"line":145,"column":4},"end":{"line":145,"column":null}}},"fnMap":{"0":{"name":"getCanvasTitle","decl":{"start":{"line":9,"column":16},"end":{"line":9,"column":31}},"loc":{"start":{"line":9,"column":54},"end":{"line":11,"column":null}},"line":9},"1":{"name":"findCanvas","decl":{"start":{"line":18,"column":22},"end":{"line":18,"column":null}},"loc":{"start":{"line":22,"column":30},"end":{"line":59,"column":null}},"line":22},"2":{"name":"(anonymous_2)","decl":{"start":{"line":29,"column":44},"end":{"line":29,"column":null}},"loc":{"start":{"line":30,"column":7},"end":{"line":35,"column":null}},"line":30},"3":{"name":"(anonymous_3)","decl":{"start":{"line":57,"column":24},"end":{"line":57,"column":25}},"loc":{"start":{"line":57,"column":34},"end":{"line":57,"column":55}},"line":57},"4":{"name":"createCanvas","decl":{"start":{"line":64,"column":22},"end":{"line":64,"column":null}},"loc":{"start":{"line":71,"column":52},"end":{"line":96,"column":null}},"line":71},"5":{"name":"(anonymous_5)","decl":{"start":{"line":74,"column":42},"end":{"line":74,"column":null}},"loc":{"start":{"line":75,"column":5},"end":{"line":82,"column":null}},"line":75},"6":{"name":"appendToCanvas","decl":{"start":{"line":101,"column":22},"end":{"line":101,"column":null}},"loc":{"start":{"line":105,"column":17},"end":{"line":120,"column":null}},"line":105},"7":{"name":"(anonymous_7)","decl":{"start":{"line":106,"column":22},"end":{"line":106,"column":null}},"loc":{"start":{"line":107,"column":5},"end":{"line":118,"column":null}},"line":107},"8":{"name":"upsertCanvas","decl":{"start":{"line":125,"column":22},"end":{"line":125,"column":null}},"loc":{"start":{"line":133,"column":50},"end":{"line":147,"column":null}},"line":133}},"branchMap":{"0":{"loc":{"start":{"line":38,"column":18},"end":{"line":38,"column":null}},"type":"binary-expr","locations":[{"start":{"line":38,"column":18},"end":{"line":38,"column":34}},{"start":{"line":38,"column":34},"end":{"line":38,"column":null}}],"line":38},"1":{"loc":{"start":{"line":40,"column":6},"end":{"line":46,"column":null}},"type":"if","locations":[{"start":{"line":40,"column":6},"end":{"line":46,"column":null}},{"start":{},"end":{}}],"line":40},"2":{"loc":{"start":{"line":44,"column":19},"end":{"line":44,"column":null}},"type":"binary-expr","locations":[{"start":{"line":44,"column":19},"end":{"line":44,"column":35}},{"start":{"line":44,"column":35},"end":{"line":44,"column":null}}],"line":44},"3":{"loc":{"start":{"line":49,"column":13},"end":{"line":49,"column":null}},"type":"binary-expr","locations":[{"start":{"line":49,"column":13},"end":{"line":49,"column":54}},{"start":{"line":49,"column":54},"end":{"line":49,"column":null}}],"line":49},"4":{"loc":{"start":{"line":52,"column":2},"end":{"line":54,"column":null}},"type":"if","locations":[{"start":{"line":52,"column":2},"end":{"line":54,"column":null}},{"start":{},"end":{}}],"line":52},"5":{"loc":{"start":{"line":85,"column":2},"end":{"line":87,"column":null}},"type":"if","locations":[{"start":{"line":85,"column":2},"end":{"line":87,"column":null}},{"start":{},"end":{}}],"line":85},"6":{"loc":{"start":{"line":90,"column":20},"end":{"line":90,"column":null}},"type":"binary-expr","locations":[{"start":{"line":90,"column":20},"end":{"line":90,"column":41}},{"start":{"line":90,"column":41},"end":{"line":90,"column":null}}],"line":90},"7":{"loc":{"start":{"line":136,"column":2},"end":{"line":146,"column":null}},"type":"if","locations":[{"start":{"line":136,"column":2},"end":{"line":146,"column":null}},{"start":{"line":142,"column":9},"end":{"line":146,"column":null}}],"line":136}},"s":{"0":25,"1":13,"2":13,"3":13,"4":14,"5":14,"6":14,"7":14,"8":8,"9":6,"10":14,"11":13,"12":8,"13":5,"14":1,"15":5,"16":10,"17":10,"18":10,"19":10,"20":1,"21":9,"22":10,"23":3,"24":3,"25":9,"26":9,"27":2,"28":2,"29":2,"30":7,"31":7},"f":{"0":25,"1":13,"2":14,"3":1,"4":10,"5":10,"6":3,"7":3,"8":9},"b":{"0":[14,0],"1":[6,2],"2":[6,0],"3":[14,13],"4":[8,5],"5":[1,9],"6":[9,8],"7":[2,7]},"meta":{"lastBranch":8,"lastFunction":9,"lastStatement":32,"seen":{"f:9:16:9:31":0,"s:10:2:10:Infinity":0,"f:18:22:18:Infinity":1,"s:23:16:23:Infinity":1,"s:24:41:24:Infinity":2,"s:28:2:50:Infinity":3,"s:29:19:36:Infinity":4,"f:29:44:29:Infinity":2,"s:30:7:35:Infinity":5,"s:38:18:38:Infinity":6,"b:38:18:38:34:38:34:38:Infinity":0,"s:39:4:47:Infinity":7,"b:40:6:46:Infinity:undefined:undefined:undefined:undefined":1,"s:40:6:46:Infinity":8,"s:41:8:45:Infinity":9,"b:44:19:44:35:44:35:44:Infinity":2,"s:49:4:49:Infinity":10,"b:49:13:49:54:49:54:49:Infinity":3,"b:52:2:54:Infinity:undefined:undefined:undefined:undefined":4,"s:52:2:54:Infinity":11,"s:53:4:53:Infinity":12,"s:57:2:57:Infinity":13,"f:57:24:57:25":3,"s:57:34:57:55":14,"s:58:2:58:Infinity":15,"f:64:22:64:Infinity":4,"s:72:16:72:Infinity":16,"s:74:17:83:Infinity":17,"f:74:42:74:Infinity":5,"s:75:5:82:Infinity":18,"b:85:2:87:Infinity:undefined:undefined:undefined:undefined":5,"s:85:2:87:Infinity":19,"s:86:4:86:Infinity":20,"s:90:20:90:Infinity":21,"b:90:20:90:41:90:41:90:Infinity":6,"s:92:2:95:Infinity":22,"f:101:22:101:Infinity":6,"s:106:2:119:Infinity":23,"f:106:22:106:Infinity":7,"s:107:5:118:Infinity":24,"f:125:22:125:Infinity":8,"s:134:19:134:Infinity":25,"b:136:2:146:Infinity:142:9:146:Infinity":7,"s:136:2:146:Infinity":26,"s:138:4:138:Infinity":27,"s:140:22:140:Infinity":28,"s:141:4:141:Infinity":29,"s:144:26:144:Infinity":30,"s:145:4:145:Infinity":31}}}
,"C:\\Users\\tokyo\\Documents\\CanvasApp\\src\\services\\command-parser.ts": {"path":"C:\\Users\\tokyo\\Documents\\CanvasApp\\src\\services\\command-parser.ts","statementMap":{"0":{"start":{"line":6,"column":31},"end":{"line":6,"column":null}},"1":{"start":{"line":9,"column":30},"end":{"line":9,"column":null}},"2":{"start":{"line":12,"column":22},"end":{"line":12,"column":null}},"3":{"start":{"line":19,"column":23},"end":{"line":19,"column":null}},"4":{"start":{"line":25,"column":2},"end":{"line":29,"column":null}},"5":{"start":{"line":25,"column":15},"end":{"line":25,"column":18}},"6":{"start":{"line":26,"column":4},"end":{"line":28,"column":null}},"7":{"start":{"line":27,"column":6},"end":{"line":27,"column":null}},"8":{"start":{"line":30,"column":2},"end":{"line":30,"column":null}},"9":{"start":{"line":44,"column":18},"end":{"line":44,"column":null}},"10":{"start":{"line":46,"column":2},"end":{"line":48,"column":null}},"11":{"start":{"line":47,"column":4},"end":{"line":47,"column":null}},"12":{"start":{"line":51,"column":17},"end":{"line":51,"column":null}},"13":{"start":{"line":54,"column":21},"end":{"line":54,"column":null}},"14":{"start":{"line":55,"column":2},"end":{"line":60,"column":null}},"15":{"start":{"line":56,"column":4},"end":{"line":59,"column":null}},"16":{"start":{"line":61,"column":16},"end":{"line":61,"column":null}},"17":{"start":{"line":64,"column":29},"end":{"line":64,"column":null}},"18":{"start":{"line":65,"column":33},"end":{"line":65,"column":null}},"19":{"start":{"line":66,"column":20},"end":{"line":66,"column":null}},"20":{"start":{"line":69,"column":22},"end":{"line":69,"column":null}},"21":{"start":{"line":71,"column":2},"end":{"line":73,"column":null}},"22":{"start":{"line":72,"column":4},"end":{"line":72,"column":null}},"23":{"start":{"line":76,"column":2},"end":{"line":84,"column":null}},"24":{"start":{"line":78,"column":26},"end":{"line":78,"column":null}},"25":{"start":{"line":79,"column":23},"end":{"line":79,"column":null}},"26":{"start":{"line":81,"column":4},"end":{"line":83,"column":null}},"27":{"start":{"line":82,"column":6},"end":{"line":82,"column":null}},"28":{"start":{"line":87,"column":24},"end":{"line":87,"column":null}},"29":{"start":{"line":88,"column":2},"end":{"line":93,"column":null}},"30":{"start":{"line":89,"column":4},"end":{"line":92,"column":null}},"31":{"start":{"line":96,"column":22},"end":{"line":96,"column":null}},"32":{"start":{"line":97,"column":28},"end":{"line":97,"column":null}},"33":{"start":{"line":99,"column":2},"end":{"line":101,"column":null}},"34":{"start":{"line":100,"column":4},"end":{"line":100,"column":null}},"35":{"start":{"line":103,"column":2},"end":{"line":105,"column":null}},"36":{"start":{"line":104,"column":4},"end":{"line":104,"column":null}},"37":{"start":{"line":107,"column":21},"end":{"line":107,"column":null}},"38":{"start":{"line":109,"column":2},"end":{"line":111,"column":null}},"39":{"start":{"line":110,"column":4},"end":{"line":110,"column":null}},"40":{"start":{"line":113,"column":2},"end":{"line":113,"column":null}}},"fnMap":{"0":{"name":"extractPeriodDays","decl":{"start":{"line":24,"column":9},"end":{"line":24,"column":27}},"loc":{"start":{"line":24,"column":59},"end":{"line":31,"column":null}},"line":24},"1":{"name":"parseCommand","decl":{"start":{"line":43,"column":16},"end":{"line":43,"column":29}},"loc":{"start":{"line":43,"column":83},"end":{"line":114,"column":null}},"line":43}},"branchMap":{"0":{"loc":{"start":{"line":26,"column":4},"end":{"line":28,"column":null}},"type":"if","locations":[{"start":{"line":26,"column":4},"end":{"line":28,"column":null}},{"start":{},"end":{}}],"line":26},"1":{"loc":{"start":{"line":46,"column":2},"end":{"line":48,"column":null}},"type":"if","locations":[{"start":{"line":46,"column":2},"end":{"line":48,"column":null}},{"start":{},"end":{}}],"line":46},"2":{"loc":{"start":{"line":55,"column":2},"end":{"line":60,"column":null}},"type":"if","locations":[{"start":{"line":55,"column":2},"end":{"line":60,"column":null}},{"start":{},"end":{}}],"line":55},"3":{"loc":{"start":{"line":76,"column":2},"end":{"line":84,"column":null}},"type":"if","locations":[{"start":{"line":76,"column":2},"end":{"line":84,"column":null}},{"start":{},"end":{}}],"line":76},"4":{"loc":{"start":{"line":88,"column":2},"end":{"line":93,"column":null}},"type":"if","locations":[{"start":{"line":88,"column":2},"end":{"line":93,"column":null}},{"start":{},"end":{}}],"line":88},"5":{"loc":{"start":{"line":103,"column":2},"end":{"line":105,"column":null}},"type":"if","locations":[{"start":{"line":103,"column":2},"end":{"line":105,"column":null}},{"start":{},"end":{}}],"line":103},"6":{"loc":{"start":{"line":107,"column":21},"end":{"line":107,"column":null}},"type":"cond-expr","locations":[{"start":{"line":107,"column":44},"end":{"line":107,"column":57}},{"start":{"line":107,"column":57},"end":{"line":107,"column":null}}],"line":107},"7":{"loc":{"start":{"line":109,"column":2},"end":{"line":111,"column":null}},"type":"if","locations":[{"start":{"line":109,"column":2},"end":{"line":111,"column":null}},{"start":{},"end":{}}],"line":109},"8":{"loc":{"start":{"line":109,"column":6},"end":{"line":109,"column":46}},"type":"binary-expr","locations":[{"start":{"line":109,"column":6},"end":{"line":109,"column":29}},{"start":{"line":109,"column":29},"end":{"line":109,"column":46}}],"line":109}},"s":{"0":2,"1":2,"2":2,"3":2,"4":14,"5":14,"6":37,"7":14,"8":0,"9":41,"10":41,"11":4,"12":37,"13":37,"14":37,"15":3,"16":34,"17":34,"18":34,"19":34,"20":34,"21":34,"22":28,"23":34,"24":26,"25":26,"26":26,"27":4,"28":34,"29":34,"30":2,"31":32,"32":32,"33":32,"34":14,"35":32,"36":2,"37":30,"38":41,"39":0,"40":30},"f":{"0":14,"1":41},"b":{"0":[14,23],"1":[4,37],"2":[3,34],"3":[26,8],"4":[2,32],"5":[2,30],"6":[10,20],"7":[0,41],"8":[41,10]},"meta":{"lastBranch":9,"lastFunction":2,"lastStatement":41,"seen":{"s:6:31:6:Infinity":0,"s:9:30:9:Infinity":1,"s:12:22:12:Infinity":2,"s:19:23:19:Infinity":3,"f:24:9:24:27":0,"s:25:2:29:Infinity":4,"s:25:15:25:18":5,"b:26:4:28:Infinity:undefined:undefined:undefined:undefined":0,"s:26:4:28:Infinity":6,"s:27:6:27:Infinity":7,"s:30:2:30:Infinity":8,"f:43:16:43:29":1,"s:44:18:44:Infinity":9,"b:46:2:48:Infinity:undefined:undefined:undefined:undefined":1,"s:46:2:48:Infinity":10,"s:47:4:47:Infinity":11,"s:51:17:51:Infinity":12,"s:54:21:54:Infinity":13,"b:55:2:60:Infinity:undefined:undefined:undefined:undefined":2,"s:55:2:60:Infinity":14,"s:56:4:59:Infinity":15,"s:61:16:61:Infinity":16,"s:64:29:64:Infinity":17,"s:65:33:65:Infinity":18,"s:66:20:66:Infinity":19,"s:69:22:69:Infinity":20,"s:71:2:73:Infinity":21,"s:72:4:72:Infinity":22,"b:76:2:84:Infinity:undefined:undefined:undefined:undefined":3,"s:76:2:84:Infinity":23,"s:78:26:78:Infinity":24,"s:79:23:79:Infinity":25,"s:81:4:83:Infinity":26,"s:82:6:82:Infinity":27,"s:87:24:87:Infinity":28,"b:88:2:93:Infinity:undefined:undefined:undefined:undefined":4,"s:88:2:93:Infinity":29,"s:89:4:92:Infinity":30,"s:96:22:96:Infinity":31,"s:97:28:97:Infinity":32,"s:99:2:101:Infinity":33,"s:100:4:100:Infinity":34,"b:103:2:105:Infinity:undefined:undefined:undefined:undefined":5,"s:103:2:105:Infinity":35,"s:104:4:104:Infinity":36,"s:107:21:107:Infinity":37,"b:107:44:107:57:107:57:107:Infinity":6,"b:109:2:111:Infinity:undefined:undefined:undefined:undefined":7,"s:109:2:111:Infinity":38,"b:109:6:109:29:109:29:109:46":8,"s:110:4:110:Infinity":39,"s:113:2:113:Infinity":40}}}
,"C:\\Users\\tokyo\\Documents\\CanvasApp\\src\\services\\lock-manager.ts": {"path":"C:\\Users\\tokyo\\Documents\\CanvasApp\\src\\services\\lock-manager.ts","statementMap":{"0":{"start":{"line":2,"column":20},"end":{"line":2,"column":null}},"1":{"start":{"line":13,"column":18},"end":{"line":13,"column":null}},"2":{"start":{"line":20,"column":4},"end":{"line":20,"column":null}},"3":{"start":{"line":22,"column":4},"end":{"line":24,"column":null}},"4":{"start":{"line":23,"column":6},"end":{"line":23,"column":null}},"5":{"start":{"line":26,"column":4},"end":{"line":26,"column":null}},"6":{"start":{"line":27,"column":4},"end":{"line":27,"column":null}},"7":{"start":{"line":34,"column":4},"end":{"line":34,"column":null}},"8":{"start":{"line":39,"column":4},"end":{"line":39,"column":null}},"9":{"start":{"line":46,"column":16},"end":{"line":46,"column":null}},"10":{"start":{"line":47,"column":4},"end":{"line":51,"column":null}},"11":{"start":{"line":48,"column":6},"end":{"line":50,"column":null}},"12":{"start":{"line":49,"column":8},"end":{"line":49,"column":null}},"13":{"start":{"line":56,"column":27},"end":{"line":56,"column":null}}},"fnMap":{"0":{"name":"(anonymous_0)","decl":{"start":{"line":19,"column":2},"end":{"line":19,"column":10}},"loc":{"start":{"line":19,"column":34},"end":{"line":28,"column":null}},"line":19},"1":{"name":"(anonymous_1)","decl":{"start":{"line":33,"column":2},"end":{"line":33,"column":10}},"loc":{"start":{"line":33,"column":31},"end":{"line":35,"column":null}},"line":33},"2":{"name":"(anonymous_2)","decl":{"start":{"line":38,"column":2},"end":{"line":38,"column":24}},"loc":{"start":{"line":38,"column":24},"end":{"line":40,"column":null}},"line":38},"3":{"name":"(anonymous_3)","decl":{"start":{"line":45,"column":10},"end":{"line":45,"column":26}},"loc":{"start":{"line":45,"column":26},"end":{"line":52,"column":null}},"line":45}},"branchMap":{"0":{"loc":{"start":{"line":22,"column":4},"end":{"line":24,"column":null}},"type":"if","locations":[{"start":{"line":22,"column":4},"end":{"line":24,"column":null}},{"start":{},"end":{}}],"line":22},"1":{"loc":{"start":{"line":48,"column":6},"end":{"line":50,"column":null}},"type":"if","locations":[{"start":{"line":48,"column":6},"end":{"line":50,"column":null}},{"start":{},"end":{}}],"line":48}},"s":{"0":2,"1":2,"2":26,"3":26,"4":4,"5":22,"6":22,"7":13,"8":22,"9":26,"10":26,"11":6,"12":1,"13":2},"f":{"0":26,"1":13,"2":22,"3":26},"b":{"0":[4,22],"1":[1,5]},"meta":{"lastBranch":2,"lastFunction":4,"lastStatement":14,"seen":{"s:2:20:2:Infinity":0,"s:13:18:13:Infinity":1,"f:19:2:19:10":0,"s:20:4:20:Infinity":2,"b:22:4:24:Infinity:undefined:undefined:undefined:undefined":0,"s:22:4:24:Infinity":3,"s:23:6:23:Infinity":4,"s:26:4:26:Infinity":5,"s:27:4:27:Infinity":6,"f:33:2:33:10":1,"s:34:4:34:Infinity":7,"f:38:2:38:24":2,"s:39:4:39:Infinity":8,"f:45:10:45:26":3,"s:46:16:46:Infinity":9,"s:47:4:51:Infinity":10,"b:48:6:50:Infinity:undefined:undefined:undefined:undefined":1,"s:48:6:50:Infinity":11,"s:49:8:49:Infinity":12,"s:56:27:56:Infinity":13}}}
,"C:\\Users\\tokyo\\Documents\\CanvasApp\\src\\services\\markdown-builder.ts": {"path":"C:\\Users\\tokyo\\Documents\\CanvasApp\\src\\services\\markdown-builder.ts","statementMap":{"0":{"start":{"line":19,"column":14},"end":{"line":19,"column":null}},"1":{"start":{"line":20,"column":26},"end":{"line":20,"column":null}},"2":{"start":{"line":23,"column":2},"end":{"line":23,"column":null}},"3":{"start":{"line":24,"column":2},"end":{"line":24,"column":null}},"4":{"start":{"line":25,"column":2},"end":{"line":25,"column":null}},"5":{"start":{"line":26,"column":2},"end":{"line":28,"column":null}},"6":{"start":{"line":27,"column":4},"end":{"line":27,"column":null}},"7":{"start":{"line":29,"column":2},"end":{"line":29,"column":null}},"8":{"start":{"line":32,"column":18},"end":{"line":32,"column":null}},"9":{"start":{"line":34,"column":2},"end":{"line":55,"column":null}},"10":{"start":{"line":35,"column":4},"end":{"line":35,"column":null}},"11":{"start":{"line":37,"column":4},"end":{"line":54,"column":null}},"12":{"start":{"line":38,"column":6},"end":{"line":38,"column":null}},"13":{"start":{"line":40,"column":6},"end":{"line":51,"column":null}},"14":{"start":{"line":41,"column":14},"end":{"line":41,"column":null}},"15":{"start":{"line":42,"column":18},"end":{"line":42,"column":null}},"16":{"start":{"line":43,"column":18},"end":{"line":43,"column":null}},"17":{"start":{"line":44,"column":24},"end":{"line":44,"column":null}},"18":{"start":{"line":46,"column":8},"end":{"line":50,"column":null}},"19":{"start":{"line":47,"column":10},"end":{"line":47,"column":null}},"20":{"start":{"line":49,"column":10},"end":{"line":49,"column":null}},"21":{"start":{"line":53,"column":6},"end":{"line":53,"column":null}},"22":{"start":{"line":57,"column":2},"end":{"line":57,"column":null}},"23":{"start":{"line":65,"column":26},"end":{"line":65,"column":null}},"24":{"start":{"line":67,"column":2},"end":{"line":67,"column":null}},"25":{"start":{"line":68,"column":2},"end":{"line":68,"column":null}},"26":{"start":{"line":69,"column":2},"end":{"line":69,"column":null}},"27":{"start":{"line":71,"column":2},"end":{"line":71,"column":null}},"28":{"start":{"line":81,"column":17},"end":{"line":81,"column":null}},"29":{"start":{"line":83,"column":2},"end":{"line":94,"column":null}},"30":{"start":{"line":84,"column":4},"end":{"line":86,"column":null}},"31":{"start":{"line":85,"column":6},"end":{"line":85,"column":null}},"32":{"start":{"line":87,"column":23},"end":{"line":87,"column":null}},"33":{"start":{"line":89,"column":10},"end":{"line":89,"column":null}},"34":{"start":{"line":90,"column":4},"end":{"line":92,"column":null}},"35":{"start":{"line":91,"column":6},"end":{"line":91,"column":null}},"36":{"start":{"line":93,"column":4},"end":{"line":93,"column":null}},"37":{"start":{"line":96,"column":2},"end":{"line":96,"column":null}}},"fnMap":{"0":{"name":"buildMarkdown","decl":{"start":{"line":18,"column":16},"end":{"line":18,"column":30}},"loc":{"start":{"line":18,"column":131},"end":{"line":58,"column":null}},"line":18},"1":{"name":"buildAppendMarkdown","decl":{"start":{"line":64,"column":16},"end":{"line":64,"column":36}},"loc":{"start":{"line":64,"column":137},"end":{"line":72,"column":null}},"line":64},"2":{"name":"groupByChannelAndDate","decl":{"start":{"line":78,"column":9},"end":{"line":78,"column":null}},"loc":{"start":{"line":80,"column":48},"end":{"line":97,"column":null}},"line":80}},"branchMap":{"0":{"loc":{"start":{"line":26,"column":2},"end":{"line":28,"column":null}},"type":"if","locations":[{"start":{"line":26,"column":2},"end":{"line":28,"column":null}},{"start":{},"end":{}}],"line":26},"1":{"loc":{"start":{"line":46,"column":8},"end":{"line":50,"column":null}},"type":"if","locations":[{"start":{"line":46,"column":8},"end":{"line":50,"column":null}},{"start":{"line":48,"column":15},"end":{"line":50,"column":null}}],"line":46},"2":{"loc":{"start":{"line":84,"column":4},"end":{"line":86,"column":null}},"type":"if","locations":[{"start":{"line":84,"column":4},"end":{"line":86,"column":null}},{"start":{},"end":{}}],"line":84},"3":{"loc":{"start":{"line":90,"column":4},"end":{"line":92,"column":null}},"type":"if","locations":[{"start":{"line":90,"column":4},"end":{"line":92,"column":null}},{"start":{},"end":{}}],"line":90}},"s":{"0":27,"1":27,"2":27,"3":27,"4":27,"5":27,"6":15,"7":27,"8":27,"9":27,"10":26,"11":26,"12":34,"13":34,"14":1048,"15":1048,"16":1048,"17":1048,"18":1048,"19":1047,"20":1,"21":34,"22":27,"23":9,"24":9,"25":9,"26":9,"27":9,"28":27,"29":27,"30":1048,"31":26,"32":1048,"33":1048,"34":1048,"35":34,"36":1048,"37":27},"f":{"0":27,"1":9,"2":27},"b":{"0":[15,12],"1":[1047,1],"2":[26,1022],"3":[34,1014]},"meta":{"lastBranch":4,"lastFunction":3,"lastStatement":38,"seen":{"f:18:16:18:30":0,"s:19:14:19:Infinity":0,"s:20:26:20:Infinity":1,"s:23:2:23:Infinity":2,"s:24:2:24:Infinity":3,"s:25:2:25:Infinity":4,"b:26:2:28:Infinity:undefined:undefined:undefined:undefined":0,"s:26:2:28:Infinity":5,"s:27:4:27:Infinity":6,"s:29:2:29:Infinity":7,"s:32:18:32:Infinity":8,"s:34:2:55:Infinity":9,"s:35:4:35:Infinity":10,"s:37:4:54:Infinity":11,"s:38:6:38:Infinity":12,"s:40:6:51:Infinity":13,"s:41:14:41:Infinity":14,"s:42:18:42:Infinity":15,"s:43:18:43:Infinity":16,"s:44:24:44:Infinity":17,"b:46:8:50:Infinity:48:15:50:Infinity":1,"s:46:8:50:Infinity":18,"s:47:10:47:Infinity":19,"s:49:10:49:Infinity":20,"s:53:6:53:Infinity":21,"s:57:2:57:Infinity":22,"f:64:16:64:36":1,"s:65:26:65:Infinity":23,"s:67:2:67:Infinity":24,"s:68:2:68:Infinity":25,"s:69:2:69:Infinity":26,"s:71:2:71:Infinity":27,"f:78:9:78:Infinity":2,"s:81:17:81:Infinity":28,"s:83:2:94:Infinity":29,"b:84:4:86:Infinity:undefined:undefined:undefined:undefined":2,"s:84:4:86:Infinity":30,"s:85:6:85:Infinity":31,"s:87:23:87:Infinity":32,"s:89:10:89:Infinity":33,"b:90:4:92:Infinity:undefined:undefined:undefined:undefined":3,"s:90:4:92:Infinity":34,"s:91:6:91:Infinity":35,"s:93:4:93:Infinity":36,"s:96:2:96:Infinity":37}}}
,"C:\\Users\\tokyo\\Documents\\CanvasApp\\src\\services\\message-collector.ts": {"path":"C:\\Users\\tokyo\\Documents\\CanvasApp\\src\\services\\message-collector.ts","statementMap":{"0":{"start":{"line":7,"column":33},"end":{"line":7,"column":null}},"1":{"start":{"line":18,"column":42},"end":{"line":18,"column":null}},"2":{"start":{"line":19,"column":30},"end":{"line":19,"column":null}},"3":{"start":{"line":20,"column":41},"end":{"line":20,"column":null}},"4":{"start":{"line":23,"column":22},"end":{"line":23,"column":null}},"5":{"start":{"line":25,"column":2},"end":{"line":54,"column":null}},"6":{"start":{"line":27,"column":4},"end":{"line":33,"column":null}},"7":{"start":{"line":28,"column":19},"end":{"line":28,"column":null}},"8":{"start":{"line":29,"column":6},"end":{"line":31,"column":null}},"9":{"start":{"line":30,"column":8},"end":{"line":30,"column":null}},"10":{"start":{"line":32,"column":6},"end":{"line":32,"column":null}},"11":{"start":{"line":35,"column":4},"end":{"line":53,"column":null}},"12":{"start":{"line":36,"column":41},"end":{"line":41,"column":null}},"13":{"start":{"line":42,"column":6},"end":{"line":42,"column":null}},"14":{"start":{"line":43,"column":6},"end":{"line":43,"column":null}},"15":{"start":{"line":45,"column":6},"end":{"line":51,"column":null}},"16":{"start":{"line":46,"column":21},"end":{"line":46,"column":null}},"17":{"start":{"line":47,"column":8},"end":{"line":49,"column":null}},"18":{"start":{"line":48,"column":10},"end":{"line":48,"column":null}},"19":{"start":{"line":50,"column":8},"end":{"line":50,"column":null}},"20":{"start":{"line":52,"column":6},"end":{"line":52,"column":null}},"21":{"start":{"line":57,"column":2},"end":{"line":57,"column":null}},"22":{"start":{"line":57,"column":29},"end":{"line":57,"column":64}},"23":{"start":{"line":59,"column":2},"end":{"line":59,"column":null}},"24":{"start":{"line":71,"column":22},"end":{"line":71,"column":null}},"25":{"start":{"line":72,"column":39},"end":{"line":72,"column":null}},"26":{"start":{"line":73,"column":21},"end":{"line":73,"column":null}},"27":{"start":{"line":75,"column":17},"end":{"line":75,"column":null}},"28":{"start":{"line":79,"column":23},"end":{"line":79,"column":null}},"29":{"start":{"line":81,"column":2},"end":{"line":137,"column":null}},"30":{"start":{"line":82,"column":19},"end":{"line":89,"column":null}},"31":{"start":{"line":83,"column":6},"end":{"line":88,"column":null}},"32":{"start":{"line":91,"column":28},"end":{"line":91,"column":null}},"33":{"start":{"line":93,"column":4},"end":{"line":131,"column":null}},"34":{"start":{"line":94,"column":6},"end":{"line":98,"column":null}},"35":{"start":{"line":95,"column":8},"end":{"line":95,"column":null}},"36":{"start":{"line":96,"column":8},"end":{"line":96,"column":null}},"37":{"start":{"line":97,"column":8},"end":{"line":97,"column":null}},"38":{"start":{"line":101,"column":6},"end":{"line":109,"column":null}},"39":{"start":{"line":102,"column":26},"end":{"line":102,"column":null}},"40":{"start":{"line":103,"column":8},"end":{"line":108,"column":null}},"41":{"start":{"line":112,"column":6},"end":{"line":130,"column":null}},"42":{"start":{"line":113,"column":31},"end":{"line":120,"column":null}},"43":{"start":{"line":122,"column":8},"end":{"line":127,"column":null}},"44":{"start":{"line":123,"column":10},"end":{"line":123,"column":null}},"45":{"start":{"line":124,"column":10},"end":{"line":124,"column":null}},"46":{"start":{"line":125,"column":10},"end":{"line":125,"column":null}},"47":{"start":{"line":126,"column":10},"end":{"line":126,"column":null}},"48":{"start":{"line":129,"column":8},"end":{"line":129,"column":null}},"49":{"start":{"line":133,"column":4},"end":{"line":133,"column":null}},"50":{"start":{"line":134,"column":4},"end":{"line":136,"column":null}},"51":{"start":{"line":135,"column":6},"end":{"line":135,"column":null}},"52":{"start":{"line":139,"column":2},"end":{"line":139,"column":null}},"53":{"start":{"line":153,"column":39},"end":{"line":153,"column":null}},"54":{"start":{"line":156,"column":23},"end":{"line":156,"column":null}},"55":{"start":{"line":158,"column":2},"end":{"line":194,"column":null}},"56":{"start":{"line":159,"column":19},"end":{"line":166,"column":null}},"57":{"start":{"line":160,"column":6},"end":{"line":165,"column":null}},"58":{"start":{"line":168,"column":26},"end":{"line":168,"column":null}},"59":{"start":{"line":170,"column":4},"end":{"line":188,"column":null}},"60":{"start":{"line":172,"column":6},"end":{"line":172,"column":null}},"61":{"start":{"line":172,"column":31},"end":{"line":172,"column":null}},"62":{"start":{"line":174,"column":6},"end":{"line":177,"column":null}},"63":{"start":{"line":175,"column":8},"end":{"line":175,"column":null}},"64":{"start":{"line":176,"column":8},"end":{"line":176,"column":null}},"65":{"start":{"line":179,"column":6},"end":{"line":187,"column":null}},"66":{"start":{"line":180,"column":26},"end":{"line":180,"column":null}},"67":{"start":{"line":181,"column":8},"end":{"line":186,"column":null}},"68":{"start":{"line":190,"column":4},"end":{"line":190,"column":null}},"69":{"start":{"line":191,"column":4},"end":{"line":193,"column":null}},"70":{"start":{"line":192,"column":6},"end":{"line":192,"column":null}},"71":{"start":{"line":196,"column":2},"end":{"line":196,"column":null}},"72":{"start":{"line":203,"column":2},"end":{"line":203,"column":null}},"73":{"start":{"line":203,"column":26},"end":{"line":203,"column":null}},"74":{"start":{"line":204,"column":2},"end":{"line":204,"column":null}},"75":{"start":{"line":204,"column":44},"end":{"line":204,"column":60}},"76":{"start":{"line":211,"column":19},"end":{"line":211,"column":null}},"77":{"start":{"line":214,"column":2},"end":{"line":228,"column":null}},"78":{"start":{"line":215,"column":19},"end":{"line":221,"column":null}},"79":{"start":{"line":216,"column":6},"end":{"line":220,"column":null}},"80":{"start":{"line":223,"column":4},"end":{"line":225,"column":null}},"81":{"start":{"line":224,"column":6},"end":{"line":224,"column":null}},"82":{"start":{"line":224,"column":17},"end":{"line":224,"column":null}},"83":{"start":{"line":227,"column":4},"end":{"line":227,"column":null}},"84":{"start":{"line":230,"column":2},"end":{"line":230,"column":null}},"85":{"start":{"line":237,"column":2},"end":{"line":244,"column":null}},"86":{"start":{"line":238,"column":19},"end":{"line":240,"column":null}},"87":{"start":{"line":239,"column":6},"end":{"line":239,"column":null}},"88":{"start":{"line":241,"column":4},"end":{"line":241,"column":null}},"89":{"start":{"line":243,"column":4},"end":{"line":243,"column":null}},"90":{"start":{"line":251,"column":2},"end":{"line":261,"column":null}},"91":{"start":{"line":252,"column":19},"end":{"line":254,"column":null}},"92":{"start":{"line":253,"column":6},"end":{"line":253,"column":null}},"93":{"start":{"line":255,"column":4},"end":{"line":258,"column":null}},"94":{"start":{"line":260,"column":4},"end":{"line":260,"column":null}},"95":{"start":{"line":275,"column":2},"end":{"line":275,"column":null}},"96":{"start":{"line":275,"column":26},"end":{"line":275,"column":null}},"97":{"start":{"line":277,"column":29},"end":{"line":277,"column":null}},"98":{"start":{"line":278,"column":29},"end":{"line":278,"column":null}},"99":{"start":{"line":281,"column":19},"end":{"line":281,"column":null}},"100":{"start":{"line":284,"column":2},"end":{"line":300,"column":null}},"101":{"start":{"line":285,"column":19},"end":{"line":291,"column":null}},"102":{"start":{"line":286,"column":6},"end":{"line":290,"column":null}},"103":{"start":{"line":293,"column":4},"end":{"line":297,"column":null}},"104":{"start":{"line":294,"column":6},"end":{"line":296,"column":null}},"105":{"start":{"line":295,"column":8},"end":{"line":295,"column":null}},"106":{"start":{"line":299,"column":4},"end":{"line":299,"column":null}},"107":{"start":{"line":302,"column":2},"end":{"line":309,"column":null}},"108":{"start":{"line":303,"column":15},"end":{"line":303,"column":null}},"109":{"start":{"line":304,"column":4},"end":{"line":308,"column":null}},"110":{"start":{"line":305,"column":6},"end":{"line":305,"column":null}},"111":{"start":{"line":307,"column":6},"end":{"line":307,"column":null}},"112":{"start":{"line":311,"column":2},"end":{"line":311,"column":null}},"113":{"start":{"line":318,"column":2},"end":{"line":328,"column":null}},"114":{"start":{"line":319,"column":19},"end":{"line":324,"column":null}},"115":{"start":{"line":320,"column":6},"end":{"line":323,"column":null}},"116":{"start":{"line":325,"column":4},"end":{"line":325,"column":null}},"117":{"start":{"line":327,"column":4},"end":{"line":327,"column":null}}},"fnMap":{"0":{"name":"collectMessages","decl":{"start":{"line":12,"column":22},"end":{"line":12,"column":null}},"loc":{"start":{"line":17,"column":29},"end":{"line":60,"column":null}},"line":17},"1":{"name":"(anonymous_1)","decl":{"start":{"line":57,"column":19},"end":{"line":57,"column":20}},"loc":{"start":{"line":57,"column":29},"end":{"line":57,"column":64}},"line":57},"2":{"name":"collectFromChannel","decl":{"start":{"line":65,"column":15},"end":{"line":65,"column":null}},"loc":{"start":{"line":70,"column":68},"end":{"line":140,"column":null}},"line":70},"3":{"name":"(anonymous_3)","decl":{"start":{"line":82,"column":39},"end":{"line":82,"column":null}},"loc":{"start":{"line":83,"column":6},"end":{"line":88,"column":null}},"line":83},"4":{"name":"collectFromThread","decl":{"start":{"line":145,"column":15},"end":{"line":145,"column":null}},"loc":{"start":{"line":152,"column":45},"end":{"line":197,"column":null}},"line":152},"5":{"name":"(anonymous_5)","decl":{"start":{"line":159,"column":39},"end":{"line":159,"column":null}},"loc":{"start":{"line":160,"column":6},"end":{"line":165,"column":null}},"line":160},"6":{"name":"hasReaction","decl":{"start":{"line":202,"column":9},"end":{"line":202,"column":21}},"loc":{"start":{"line":202,"column":59},"end":{"line":205,"column":null}},"line":202},"7":{"name":"(anonymous_7)","decl":{"start":{"line":204,"column":32},"end":{"line":204,"column":33}},"loc":{"start":{"line":204,"column":44},"end":{"line":204,"column":60}},"line":204},"8":{"name":"getBotChannels","decl":{"start":{"line":210,"column":15},"end":{"line":210,"column":30}},"loc":{"start":{"line":210,"column":71},"end":{"line":231,"column":null}},"line":210},"9":{"name":"(anonymous_9)","decl":{"start":{"line":215,"column":39},"end":{"line":215,"column":null}},"loc":{"start":{"line":216,"column":6},"end":{"line":220,"column":null}},"line":216},"10":{"name":"getChannelName","decl":{"start":{"line":236,"column":15},"end":{"line":236,"column":30}},"loc":{"start":{"line":236,"column":85},"end":{"line":245,"column":null}},"line":236},"11":{"name":"(anonymous_11)","decl":{"start":{"line":238,"column":39},"end":{"line":238,"column":null}},"loc":{"start":{"line":239,"column":6},"end":{"line":239,"column":null}},"line":239},"12":{"name":"getChannelInfo","decl":{"start":{"line":250,"column":15},"end":{"line":250,"column":30}},"loc":{"start":{"line":250,"column":97},"end":{"line":262,"column":null}},"line":250},"13":{"name":"(anonymous_13)","decl":{"start":{"line":252,"column":39},"end":{"line":252,"column":null}},"loc":{"start":{"line":253,"column":6},"end":{"line":253,"column":null}},"line":253},"14":{"name":"resolveChannelNames","decl":{"start":{"line":271,"column":22},"end":{"line":271,"column":null}},"loc":{"start":{"line":274,"column":55},"end":{"line":312,"column":null}},"line":274},"15":{"name":"(anonymous_15)","decl":{"start":{"line":285,"column":39},"end":{"line":285,"column":null}},"loc":{"start":{"line":286,"column":6},"end":{"line":290,"column":null}},"line":286},"16":{"name":"getPermalink","decl":{"start":{"line":317,"column":15},"end":{"line":317,"column":28}},"loc":{"start":{"line":317,"column":102},"end":{"line":329,"column":null}},"line":317},"17":{"name":"(anonymous_17)","decl":{"start":{"line":319,"column":39},"end":{"line":319,"column":null}},"loc":{"start":{"line":320,"column":6},"end":{"line":323,"column":null}},"line":320}},"branchMap":{"0":{"loc":{"start":{"line":27,"column":4},"end":{"line":33,"column":null}},"type":"if","locations":[{"start":{"line":27,"column":4},"end":{"line":33,"column":null}},{"start":{},"end":{}}],"line":27},"1":{"loc":{"start":{"line":29,"column":6},"end":{"line":31,"column":null}},"type":"if","locations":[{"start":{"line":29,"column":6},"end":{"line":31,"column":null}},{"start":{},"end":{}}],"line":29},"2":{"loc":{"start":{"line":45,"column":6},"end":{"line":51,"column":null}},"type":"if","locations":[{"start":{"line":45,"column":6},"end":{"line":51,"column":null}},{"start":{},"end":{}}],"line":45},"3":{"loc":{"start":{"line":47,"column":8},"end":{"line":49,"column":null}},"type":"if","locations":[{"start":{"line":47,"column":8},"end":{"line":49,"column":null}},{"start":{},"end":{}}],"line":47},"4":{"loc":{"start":{"line":75,"column":17},"end":{"line":75,"column":null}},"type":"cond-expr","locations":[{"start":{"line":75,"column":32},"end":{"line":75,"column":70}},{"start":{"line":75,"column":70},"end":{"line":75,"column":null}}],"line":75},"5":{"loc":{"start":{"line":91,"column":28},"end":{"line":91,"column":null}},"type":"binary-expr","locations":[{"start":{"line":91,"column":28},"end":{"line":91,"column":47}},{"start":{"line":91,"column":47},"end":{"line":91,"column":null}}],"line":91},"6":{"loc":{"start":{"line":94,"column":6},"end":{"line":98,"column":null}},"type":"if","locations":[{"start":{"line":94,"column":6},"end":{"line":98,"column":null}},{"start":{},"end":{}}],"line":94},"7":{"loc":{"start":{"line":101,"column":6},"end":{"line":109,"column":null}},"type":"if","locations":[{"start":{"line":101,"column":6},"end":{"line":109,"column":null}},{"start":{},"end":{}}],"line":101},"8":{"loc":{"start":{"line":112,"column":6},"end":{"line":130,"column":null}},"type":"if","locations":[{"start":{"line":112,"column":6},"end":{"line":130,"column":null}},{"start":{},"end":{}}],"line":112},"9":{"loc":{"start":{"line":112,"column":10},"end":{"line":112,"column":50}},"type":"binary-expr","locations":[{"start":{"line":112,"column":10},"end":{"line":112,"column":29}},{"start":{"line":112,"column":29},"end":{"line":112,"column":50}}],"line":112},"10":{"loc":{"start":{"line":122,"column":8},"end":{"line":127,"column":null}},"type":"if","locations":[{"start":{"line":122,"column":8},"end":{"line":127,"column":null}},{"start":{},"end":{}}],"line":122},"11":{"loc":{"start":{"line":133,"column":13},"end":{"line":133,"column":null}},"type":"binary-expr","locations":[{"start":{"line":133,"column":13},"end":{"line":133,"column":54}},{"start":{"line":133,"column":54},"end":{"line":133,"column":null}}],"line":133},"12":{"loc":{"start":{"line":134,"column":4},"end":{"line":136,"column":null}},"type":"if","locations":[{"start":{"line":134,"column":4},"end":{"line":136,"column":null}},{"start":{},"end":{}}],"line":134},"13":{"loc":{"start":{"line":168,"column":26},"end":{"line":168,"column":null}},"type":"binary-expr","locations":[{"start":{"line":168,"column":26},"end":{"line":168,"column":45}},{"start":{"line":168,"column":45},"end":{"line":168,"column":null}}],"line":168},"14":{"loc":{"start":{"line":172,"column":6},"end":{"line":172,"column":null}},"type":"if","locations":[{"start":{"line":172,"column":6},"end":{"line":172,"column":null}},{"start":{},"end":{}}],"line":172},"15":{"loc":{"start":{"line":174,"column":6},"end":{"line":177,"column":null}},"type":"if","locations":[{"start":{"line":174,"column":6},"end":{"line":177,"column":null}},{"start":{},"end":{}}],"line":174},"16":{"loc":{"start":{"line":179,"column":6},"end":{"line":187,"column":null}},"type":"if","locations":[{"start":{"line":179,"column":6},"end":{"line":187,"column":null}},{"start":{},"end":{}}],"line":179},"17":{"loc":{"start":{"line":190,"column":13},"end":{"line":190,"column":null}},"type":"binary-expr","locations":[{"start":{"line":190,"column":13},"end":{"line":190,"column":54}},{"start":{"line":190,"column":54},"end":{"line":190,"column":null}}],"line":190},"18":{"loc":{"start":{"line":191,"column":4},"end":{"line":193,"column":null}},"type":"if","locations":[{"start":{"line":191,"column":4},"end":{"line":193,"column":null}},{"start":{},"end":{}}],"line":191},"19":{"loc":{"start":{"line":203,"column":2},"end":{"line":203,"column":null}},"type":"if","locations":[{"start":{"line":203,"column":2},"end":{"line":203,"column":null}},{"start":{},"end":{}}],"line":203},"20":{"loc":{"start":{"line":223,"column":21},"end":{"line":223,"column":44}},"type":"binary-expr","locations":[{"start":{"line":223,"column":21},"end":{"line":223,"column":40}},{"start":{"line":223,"column":40},"end":{"line":223,"column":44}}],"line":223},"21":{"loc":{"start":{"line":224,"column":6},"end":{"line":224,"column":null}},"type":"if","locations":[{"start":{"line":224,"column":6},"end":{"line":224,"column":null}},{"start":{},"end":{}}],"line":224},"22":{"loc":{"start":{"line":227,"column":13},"end":{"line":227,"column":null}},"type":"binary-expr","locations":[{"start":{"line":227,"column":13},"end":{"line":227,"column":54}},{"start":{"line":227,"column":54},"end":{"line":227,"column":null}}],"line":227},"23":{"loc":{"start":{"line":241,"column":12},"end":{"line":241,"column":null}},"type":"binary-expr","locations":[{"start":{"line":241,"column":12},"end":{"line":241,"column":44}},{"start":{"line":241,"column":44},"end":{"line":241,"column":null}}],"line":241},"24":{"loc":{"start":{"line":257,"column":13},"end":{"line":257,"column":null}},"type":"binary-expr","locations":[{"start":{"line":257,"column":13},"end":{"line":257,"column":45}},{"start":{"line":257,"column":45},"end":{"line":257,"column":null}}],"line":257},"25":{"loc":{"start":{"line":275,"column":2},"end":{"line":275,"column":null}},"type":"if","locations":[{"start":{"line":275,"column":2},"end":{"line":275,"column":null}},{"start":{},"end":{}}],"line":275},"26":{"loc":{"start":{"line":293,"column":21},"end":{"line":293,"column":44}},"type":"binary-expr","locations":[{"start":{"line":293,"column":21},"end":{"line":293,"column":40}},{"start":{"line":293,"column":40},"end":{"line":293,"column":44}}],"line":293},"27":{"loc":{"start":{"line":294,"column":6},"end":{"line":296,"column":null}},"type":"if","locations":[{"start":{"line":294,"column":6},"end":{"line":296,"column":null}},{"start":{},"end":{}}],"line":294},"28":{"loc":{"start":{"line":294,"column":10},"end":{"line":294,"column":28}},"type":"binary-expr","locations":[{"start":{"line":294,"column":10},"end":{"line":294,"column":19}},{"start":{"line":294,"column":19},"end":{"line":294,"column":28}}],"line":294},"29":{"loc":{"start":{"line":299,"column":13},"end":{"line":299,"column":null}},"type":"binary-expr","locations":[{"start":{"line":299,"column":13},"end":{"line":299,"column":54}},{"start":{"line":299,"column":54},"end":{"line":299,"column":null}}],"line":299},"30":{"loc":{"start":{"line":304,"column":4},"end":{"line":308,"column":null}},"type":"if","locations":[{"start":{"line":304,"column":4},"end":{"line":308,"column":null}},{"start":{"line":306,"column":11},"end":{"line":308,"column":null}}],"line":304},"31":{"loc":{"start":{"line":325,"column":11},"end":{"line":325,"column":null}},"type":"binary-expr","locations":[{"start":{"line":325,"column":11},"end":{"line":325,"column":31}},{"start":{"line":325,"column":31},"end":{"line":325,"column":null}}],"line":325}},"s":{"0":2,"1":20,"2":20,"3":20,"4":20,"5":19,"6":22,"7":2,"8":2,"9":2,"10":2,"11":20,"12":20,"13":18,"14":18,"15":2,"16":0,"17":0,"18":0,"19":0,"20":2,"21":17,"22":510,"23":17,"24":20,"25":20,"26":20,"27":20,"28":20,"29":20,"30":21,"31":21,"32":19,"33":21,"34":527,"35":1,"36":1,"37":1,"38":526,"39":521,"40":521,"41":526,"42":1,"43":1,"44":0,"45":0,"46":0,"47":0,"48":1,"49":19,"50":21,"51":18,"52":18,"53":1,"54":1,"55":1,"56":1,"57":1,"58":1,"59":1,"60":3,"61":1,"62":2,"63":0,"64":0,"65":2,"66":1,"67":1,"68":1,"69":1,"70":1,"71":1,"72":528,"73":2,"74":526,"75":525,"76":20,"77":20,"78":20,"79":20,"80":19,"81":21,"82":21,"83":19,"84":19,"85":20,"86":20,"87":20,"88":20,"89":0,"90":2,"91":2,"92":2,"93":2,"94":0,"95":5,"96":1,"97":4,"98":4,"99":4,"100":4,"101":5,"102":5,"103":5,"104":5,"105":5,"106":5,"107":4,"108":6,"109":6,"110":4,"111":2,"112":4,"113":522,"114":522,"115":522,"116":521,"117":1},"f":{"0":20,"1":510,"2":20,"3":21,"4":1,"5":1,"6":528,"7":525,"8":20,"9":20,"10":20,"11":20,"12":2,"13":2,"14":5,"15":5,"16":522,"17":522},"b":{"0":[2,20],"1":[2,0],"2":[0,2],"3":[0,0],"4":[3,17],"5":[19,0],"6":[1,526],"7":[521,5],"8":[1,525],"9":[526,1],"10":[0,1],"11":[19,18],"12":[18,3],"13":[1,0],"14":[1,2],"15":[0,2],"16":[1,1],"17":[1,1],"18":[1,0],"19":[2,526],"20":[19,0],"21":[21,0],"22":[19,19],"23":[20,0],"24":[2,0],"25":[1,4],"26":[5,0],"27":[5,0],"28":[5,5],"29":[5,4],"30":[4,2],"31":[521,0]},"meta":{"lastBranch":32,"lastFunction":18,"lastStatement":118,"seen":{"s:7:33:7:Infinity":0,"f:12:22:12:Infinity":0,"s:18:42:18:Infinity":1,"s:19:30:19:Infinity":2,"s:20:41:20:Infinity":3,"s:23:22:23:Infinity":4,"s:25:2:54:Infinity":5,"b:27:4:33:Infinity:undefined:undefined:undefined:undefined":0,"s:27:4:33:Infinity":6,"s:28:19:28:Infinity":7,"b:29:6:31:Infinity:undefined:undefined:undefined:undefined":1,"s:29:6:31:Infinity":8,"s:30:8:30:Infinity":9,"s:32:6:32:Infinity":10,"s:35:4:53:Infinity":11,"s:36:41:41:Infinity":12,"s:42:6:42:Infinity":13,"s:43:6:43:Infinity":14,"b:45:6:51:Infinity:undefined:undefined:undefined:undefined":2,"s:45:6:51:Infinity":15,"s:46:21:46:Infinity":16,"b:47:8:49:Infinity:undefined:undefined:undefined:undefined":3,"s:47:8:49:Infinity":17,"s:48:10:48:Infinity":18,"s:50:8:50:Infinity":19,"s:52:6:52:Infinity":20,"s:57:2:57:Infinity":21,"f:57:19:57:20":1,"s:57:29:57:64":22,"s:59:2:59:Infinity":23,"f:65:15:65:Infinity":2,"s:71:22:71:Infinity":24,"s:72:39:72:Infinity":25,"s:73:21:73:Infinity":26,"s:75:17:75:Infinity":27,"b:75:32:75:70:75:70:75:Infinity":4,"s:79:23:79:Infinity":28,"s:81:2:137:Infinity":29,"s:82:19:89:Infinity":30,"f:82:39:82:Infinity":3,"s:83:6:88:Infinity":31,"s:91:28:91:Infinity":32,"b:91:28:91:47:91:47:91:Infinity":5,"s:93:4:131:Infinity":33,"b:94:6:98:Infinity:undefined:undefined:undefined:undefined":6,"s:94:6:98:Infinity":34,"s:95:8:95:Infinity":35,"s:96:8:96:Infinity":36,"s:97:8:97:Infinity":37,"b:101:6:109:Infinity:undefined:undefined:undefined:undefined":7,"s:101:6:109:Infinity":38,"s:102:26:102:Infinity":39,"s:103:8:108:Infinity":40,"b:112:6:130:Infinity:undefined:undefined:undefined:undefined":8,"s:112:6:130:Infinity":41,"b:112:10:112:29:112:29:112:50":9,"s:113:31:120:Infinity":42,"b:122:8:127:Infinity:undefined:undefined:undefined:undefined":10,"s:122:8:127:Infinity":43,"s:123:10:123:Infinity":44,"s:124:10:124:Infinity":45,"s:125:10:125:Infinity":46,"s:126:10:126:Infinity":47,"s:129:8:129:Infinity":48,"s:133:4:133:Infinity":49,"b:133:13:133:54:133:54:133:Infinity":11,"b:134:4:136:Infinity:undefined:undefined:undefined:undefined":12,"s:134:4:136:Infinity":50,"s:135:6:135:Infinity":51,"s:139:2:139:Infinity":52,"f:145:15:145:Infinity":4,"s:153:39:153:Infinity":53,"s:156:23:156:Infinity":54,"s:158:2:194:Infinity":55,"s:159:19:166:Infinity":56,"f:159:39:159:Infinity":5,"s:160:6:165:Infinity":57,"s:168:26:168:Infinity":58,"b:168:26:168:45:168:45:168:Infinity":13,"s:170:4:188:Infinity":59,"b:172:6:172:Infinity:undefined:undefined:undefined:undefined":14,"s:172:6:172:Infinity":60,"s:172:31:172:Infinity":61,"b:174:6:177:Infinity:undefined:undefined:undefined:undefined":15,"s:174:6:177:Infinity":62,"s:175:8:175:Infinity":63,"s:176:8:176:Infinity":64,"b:179:6:187:Infinity:undefined:undefined:undefined:undefined":16,"s:179:6:187:Infinity":65,"s:180:26:180:Infinity":66,"s:181:8:186:Infinity":67,"s:190:4:190:Infinity":68,"b:190:13:190:54:190:54:190:Infinity":17,"b:191:4:193:Infinity:undefined:undefined:undefined:undefined":18,"s:191:4:193:Infinity":69,"s:192:6:192:Infinity":70,"s:196:2:196:Infinity":71,"f:202:9:202:21":6,"b:203:2:203:Infinity:undefined:undefined:undefined:undefined":19,"s:203:2:203:Infinity":72,"s:203:26:203:Infinity":73,"s:204:2:204:Infinity":74,"f:204:32:204:33":7,"s:204:44:204:60":75,"f:210:15:210:30":8,"s:211:19:211:Infinity":76,"s:214:2:228:Infinity":77,"s:215:19:221:Infinity":78,"f:215:39:215:Infinity":9,"s:216:6:220:Infinity":79,"s:223:4:225:Infinity":80,"b:223:21:223:40:223:40:223:44":20,"b:224:6:224:Infinity:undefined:undefined:undefined:undefined":21,"s:224:6:224:Infinity":81,"s:224:17:224:Infinity":82,"s:227:4:227:Infinity":83,"b:227:13:227:54:227:54:227:Infinity":22,"s:230:2:230:Infinity":84,"f:236:15:236:30":10,"s:237:2:244:Infinity":85,"s:238:19:240:Infinity":86,"f:238:39:238:Infinity":11,"s:239:6:239:Infinity":87,"s:241:4:241:Infinity":88,"b:241:12:241:44:241:44:241:Infinity":23,"s:243:4:243:Infinity":89,"f:250:15:250:30":12,"s:251:2:261:Infinity":90,"s:252:19:254:Infinity":91,"f:252:39:252:Infinity":13,"s:253:6:253:Infinity":92,"s:255:4:258:Infinity":93,"b:257:13:257:45:257:45:257:Infinity":24,"s:260:4:260:Infinity":94,"f:271:22:271:Infinity":14,"b:275:2:275:Infinity:undefined:undefined:undefined:undefined":25,"s:275:2:275:Infinity":95,"s:275:26:275:Infinity":96,"s:277:29:277:Infinity":97,"s:278:29:278:Infinity":98,"s:281:19:281:Infinity":99,"s:284:2:300:Infinity":100,"s:285:19:291:Infinity":101,"f:285:39:285:Infinity":15,"s:286:6:290:Infinity":102,"s:293:4:297:Infinity":103,"b:293:21:293:40:293:40:293:44":26,"b:294:6:296:Infinity:undefined:undefined:undefined:undefined":27,"s:294:6:296:Infinity":104,"b:294:10:294:19:294:19:294:28":28,"s:295:8:295:Infinity":105,"s:299:4:299:Infinity":106,"b:299:13:299:54:299:54:299:Infinity":29,"s:302:2:309:Infinity":107,"s:303:15:303:Infinity":108,"b:304:4:308:Infinity:306:11:308:Infinity":30,"s:304:4:308:Infinity":109,"s:305:6:305:Infinity":110,"s:307:6:307:Infinity":111,"s:311:2:311:Infinity":112,"f:317:15:317:28":16,"s:318:2:328:Infinity":113,"s:319:19:324:Infinity":114,"f:319:39:319:Infinity":17,"s:320:6:323:Infinity":115,"s:325:4:325:Infinity":116,"b:325:11:325:31:325:31:325:Infinity":31,"s:327:4:327:Infinity":117}}}
,"C:\\Users\\tokyo\\Documents\\CanvasApp\\src\\services\\slack-api.ts": {"path":"C:\\Users\\tokyo\\Documents\\CanvasApp\\src\\services\\slack-api.ts","statementMap":{"0":{"start":{"line":5,"column":21},"end":{"line":11,"column":null}},"1":{"start":{"line":14,"column":25},"end":{"line":17,"column":null}},"2":{"start":{"line":20,"column":20},"end":{"line":20,"column":null}},"3":{"start":{"line":21,"column":22},"end":{"line":21,"column":null}},"4":{"start":{"line":27,"column":16},"end":{"line":27,"column":null}},"5":{"start":{"line":29,"column":2},"end":{"line":39,"column":null}},"6":{"start":{"line":30,"column":4},"end":{"line":32,"column":null}},"7":{"start":{"line":31,"column":6},"end":{"line":31,"column":null}},"8":{"start":{"line":33,"column":4},"end":{"line":35,"column":null}},"9":{"start":{"line":34,"column":6},"end":{"line":34,"column":null}},"10":{"start":{"line":36,"column":4},"end":{"line":38,"column":null}},"11":{"start":{"line":37,"column":6},"end":{"line":37,"column":null}},"12":{"start":{"line":41,"column":2},"end":{"line":43,"column":null}},"13":{"start":{"line":42,"column":4},"end":{"line":42,"column":null}},"14":{"start":{"line":45,"column":2},"end":{"line":47,"column":null}},"15":{"start":{"line":46,"column":4},"end":{"line":46,"column":null}},"16":{"start":{"line":49,"column":2},"end":{"line":51,"column":null}},"17":{"start":{"line":50,"column":4},"end":{"line":50,"column":null}},"18":{"start":{"line":53,"column":2},"end":{"line":55,"column":null}},"19":{"start":{"line":54,"column":4},"end":{"line":54,"column":null}},"20":{"start":{"line":57,"column":2},"end":{"line":59,"column":null}},"21":{"start":{"line":58,"column":4},"end":{"line":58,"column":null}},"22":{"start":{"line":61,"column":2},"end":{"line":61,"column":null}},"23":{"start":{"line":71,"column":2},"end":{"line":86,"column":null}},"24":{"start":{"line":71,"column":21},"end":{"line":71,"column":24}},"25":{"start":{"line":72,"column":4},"end":{"line":85,"column":null}},"26":{"start":{"line":73,"column":6},"end":{"line":73,"column":null}},"27":{"start":{"line":75,"column":20},"end":{"line":75,"column":null}},"28":{"start":{"line":77,"column":6},"end":{"line":82,"column":null}},"29":{"start":{"line":78,"column":22},"end":{"line":78,"column":null}},"30":{"start":{"line":79,"column":8},"end":{"line":79,"column":null}},"31":{"start":{"line":80,"column":8},"end":{"line":80,"column":null}},"32":{"start":{"line":81,"column":8},"end":{"line":81,"column":null}},"33":{"start":{"line":84,"column":6},"end":{"line":84,"column":null}},"34":{"start":{"line":89,"column":2},"end":{"line":89,"column":null}},"35":{"start":{"line":98,"column":24},"end":{"line":98,"column":null}},"36":{"start":{"line":101,"column":2},"end":{"line":105,"column":null}},"37":{"start":{"line":102,"column":19},"end":{"line":102,"column":null}},"38":{"start":{"line":102,"column":45},"end":{"line":102,"column":60}},"39":{"start":{"line":103,"column":4},"end":{"line":103,"column":null}},"40":{"start":{"line":104,"column":4},"end":{"line":104,"column":null}},"41":{"start":{"line":107,"column":2},"end":{"line":107,"column":null}},"42":{"start":{"line":114,"column":2},"end":{"line":116,"column":null}},"43":{"start":{"line":115,"column":4},"end":{"line":115,"column":null}},"44":{"start":{"line":117,"column":2},"end":{"line":117,"column":null}},"45":{"start":{"line":121,"column":2},"end":{"line":121,"column":null}},"46":{"start":{"line":121,"column":34},"end":{"line":121,"column":57}}},"fnMap":{"0":{"name":"classifyError","decl":{"start":{"line":26,"column":9},"end":{"line":26,"column":23}},"loc":{"start":{"line":26,"column":49},"end":{"line":62,"column":null}},"line":26},"1":{"name":"callWithRetry","decl":{"start":{"line":68,"column":22},"end":{"line":68,"column":null}},"loc":{"start":{"line":70,"column":14},"end":{"line":90,"column":null}},"line":70},"2":{"name":"fetchAllPages","decl":{"start":{"line":95,"column":22},"end":{"line":95,"column":null}},"loc":{"start":{"line":97,"column":16},"end":{"line":108,"column":null}},"line":97},"3":{"name":"(anonymous_3)","decl":{"start":{"line":102,"column":39},"end":{"line":102,"column":45}},"loc":{"start":{"line":102,"column":45},"end":{"line":102,"column":60}},"line":102},"4":{"name":"isSkippableError","decl":{"start":{"line":113,"column":16},"end":{"line":113,"column":33}},"loc":{"start":{"line":113,"column":58},"end":{"line":118,"column":null}},"line":113},"5":{"name":"sleep","decl":{"start":{"line":120,"column":9},"end":{"line":120,"column":15}},"loc":{"start":{"line":120,"column":42},"end":{"line":122,"column":null}},"line":120},"6":{"name":"(anonymous_6)","decl":{"start":{"line":121,"column":21},"end":{"line":121,"column":22}},"loc":{"start":{"line":121,"column":34},"end":{"line":121,"column":57}},"line":121}},"branchMap":{"0":{"loc":{"start":{"line":27,"column":16},"end":{"line":27,"column":null}},"type":"binary-expr","locations":[{"start":{"line":27,"column":16},"end":{"line":27,"column":47}},{"start":{"line":27,"column":47},"end":{"line":27,"column":70}},{"start":{"line":27,"column":70},"end":{"line":27,"column":null}}],"line":27},"1":{"loc":{"start":{"line":29,"column":2},"end":{"line":39,"column":null}},"type":"if","locations":[{"start":{"line":29,"column":2},"end":{"line":39,"column":null}},{"start":{},"end":{}}],"line":29},"2":{"loc":{"start":{"line":30,"column":4},"end":{"line":32,"column":null}},"type":"if","locations":[{"start":{"line":30,"column":4},"end":{"line":32,"column":null}},{"start":{},"end":{}}],"line":30},"3":{"loc":{"start":{"line":33,"column":4},"end":{"line":35,"column":null}},"type":"if","locations":[{"start":{"line":33,"column":4},"end":{"line":35,"column":null}},{"start":{},"end":{}}],"line":33},"4":{"loc":{"start":{"line":33,"column":8},"end":{"line":33,"column":90}},"type":"binary-expr","locations":[{"start":{"line":33,"column":8},"end":{"line":33,"column":36}},{"start":{"line":33,"column":36},"end":{"line":33,"column":61}},{"start":{"line":33,"column":61},"end":{"line":33,"column":90}}],"line":33},"5":{"loc":{"start":{"line":36,"column":4},"end":{"line":38,"column":null}},"type":"if","locations":[{"start":{"line":36,"column":4},"end":{"line":38,"column":null}},{"start":{},"end":{}}],"line":36},"6":{"loc":{"start":{"line":41,"column":2},"end":{"line":43,"column":null}},"type":"if","locations":[{"start":{"line":41,"column":2},"end":{"line":43,"column":null}},{"start":{},"end":{}}],"line":41},"7":{"loc":{"start":{"line":45,"column":2},"end":{"line":47,"column":null}},"type":"if","locations":[{"start":{"line":45,"column":2},"end":{"line":47,"column":null}},{"start":{},"end":{}}],"line":45},"8":{"loc":{"start":{"line":49,"column":2},"end":{"line":51,"column":null}},"type":"if","locations":[{"start":{"line":49,"column":2},"end":{"line":51,"column":null}},{"start":{},"end":{}}],"line":49},"9":{"loc":{"start":{"line":53,"column":2},"end":{"line":55,"column":null}},"type":"if","locations":[{"start":{"line":53,"column":2},"end":{"line":55,"column":null}},{"start":{},"end":{}}],"line":53},"10":{"loc":{"start":{"line":57,"column":2},"end":{"line":59,"column":null}},"type":"if","locations":[{"start":{"line":57,"column":2},"end":{"line":59,"column":null}},{"start":{},"end":{}}],"line":57},"11":{"loc":{"start":{"line":61,"column":55},"end":{"line":61,"column":67}},"type":"binary-expr","locations":[{"start":{"line":61,"column":55},"end":{"line":61,"column":63}},{"start":{"line":61,"column":63},"end":{"line":61,"column":67}}],"line":61},"12":{"loc":{"start":{"line":75,"column":20},"end":{"line":75,"column":null}},"type":"binary-expr","locations":[{"start":{"line":75,"column":20},"end":{"line":75,"column":51}},{"start":{"line":75,"column":51},"end":{"line":75,"column":74}},{"start":{"line":75,"column":74},"end":{"line":75,"column":null}}],"line":75},"13":{"loc":{"start":{"line":77,"column":6},"end":{"line":82,"column":null}},"type":"if","locations":[{"start":{"line":77,"column":6},"end":{"line":82,"column":null}},{"start":{},"end":{}}],"line":77},"14":{"loc":{"start":{"line":77,"column":10},"end":{"line":77,"column":59}},"type":"binary-expr","locations":[{"start":{"line":77,"column":10},"end":{"line":77,"column":36}},{"start":{"line":77,"column":36},"end":{"line":77,"column":59}}],"line":77},"15":{"loc":{"start":{"line":114,"column":2},"end":{"line":116,"column":null}},"type":"if","locations":[{"start":{"line":114,"column":2},"end":{"line":116,"column":null}},{"start":{},"end":{}}],"line":114}},"s":{"0":4,"1":4,"2":4,"3":4,"4":14,"5":14,"6":4,"7":2,"8":2,"9":1,"10":1,"11":1,"12":10,"13":1,"14":9,"15":1,"16":8,"17":1,"18":7,"19":1,"20":6,"21":1,"22":5,"23":638,"24":638,"25":644,"26":644,"27":20,"28":20,"29":6,"30":6,"31":6,"32":6,"33":14,"34":0,"35":4,"36":4,"37":7,"38":7,"39":7,"40":7,"41":4,"42":7,"43":4,"44":3,"45":6,"46":6},"f":{"0":14,"1":638,"2":4,"3":7,"4":7,"5":6,"6":6},"b":{"0":[14,3,3],"1":[4,10],"2":[2,2],"3":[1,1],"4":[2,1,1],"5":[1,0],"6":[1,9],"7":[1,8],"8":[1,7],"9":[1,6],"10":[1,5],"11":[5,3],"12":[20,3,3],"13":[6,14],"14":[20,7],"15":[4,3]},"meta":{"lastBranch":16,"lastFunction":7,"lastStatement":47,"seen":{"s:5:21:11:Infinity":0,"s:14:25:17:Infinity":1,"s:20:20:20:Infinity":2,"s:21:22:21:Infinity":3,"f:26:9:26:23":0,"s:27:16:27:Infinity":4,"b:27:16:27:47:27:47:27:70:27:70:27:Infinity":0,"b:29:2:39:Infinity:undefined:undefined:undefined:undefined":1,"s:29:2:39:Infinity":5,"b:30:4:32:Infinity:undefined:undefined:undefined:undefined":2,"s:30:4:32:Infinity":6,"s:31:6:31:Infinity":7,"b:33:4:35:Infinity:undefined:undefined:undefined:undefined":3,"s:33:4:35:Infinity":8,"b:33:8:33:36:33:36:33:61:33:61:33:90":4,"s:34:6:34:Infinity":9,"b:36:4:38:Infinity:undefined:undefined:undefined:undefined":5,"s:36:4:38:Infinity":10,"s:37:6:37:Infinity":11,"b:41:2:43:Infinity:undefined:undefined:undefined:undefined":6,"s:41:2:43:Infinity":12,"s:42:4:42:Infinity":13,"b:45:2:47:Infinity:undefined:undefined:undefined:undefined":7,"s:45:2:47:Infinity":14,"s:46:4:46:Infinity":15,"b:49:2:51:Infinity:undefined:undefined:undefined:undefined":8,"s:49:2:51:Infinity":16,"s:50:4:50:Infinity":17,"b:53:2:55:Infinity:undefined:undefined:undefined:undefined":9,"s:53:2:55:Infinity":18,"s:54:4:54:Infinity":19,"b:57:2:59:Infinity:undefined:undefined:undefined:undefined":10,"s:57:2:59:Infinity":20,"s:58:4:58:Infinity":21,"s:61:2:61:Infinity":22,"b:61:55:61:63:61:63:61:67":11,"f:68:22:68:Infinity":1,"s:71:2:86:Infinity":23,"s:71:21:71:24":24,"s:72:4:85:Infinity":25,"s:73:6:73:Infinity":26,"s:75:20:75:Infinity":27,"b:75:20:75:51:75:51:75:74:75:74:75:Infinity":12,"b:77:6:82:Infinity:undefined:undefined:undefined:undefined":13,"s:77:6:82:Infinity":28,"b:77:10:77:36:77:36:77:59":14,"s:78:22:78:Infinity":29,"s:79:8:79:Infinity":30,"s:80:8:80:Infinity":31,"s:81:8:81:Infinity":32,"s:84:6:84:Infinity":33,"s:89:2:89:Infinity":34,"f:95:22:95:Infinity":2,"s:98:24:98:Infinity":35,"s:101:2:105:Infinity":36,"s:102:19:102:Infinity":37,"f:102:39:102:45":3,"s:102:45:102:60":38,"s:103:4:103:Infinity":39,"s:104:4:104:Infinity":40,"s:107:2:107:Infinity":41,"f:113:16:113:33":4,"b:114:2:116:Infinity:undefined:undefined:undefined:undefined":15,"s:114:2:116:Infinity":42,"s:115:4:115:Infinity":43,"s:117:2:117:Infinity":44,"f:120:9:120:15":5,"s:121:2:121:Infinity":45,"f:121:21:121:22":6,"s:121:34:121:57":46}}}
,"C:\\Users\\tokyo\\Documents\\CanvasApp\\src\\types\\index.ts": {"path":"C:\\Users\\tokyo\\Documents\\CanvasApp\\src\\types\\index.ts","statementMap":{"0":{"start":{"line":69,"column":4},"end":{"line":69,"column":null}},"1":{"start":{"line":64,"column":20},"end":{"line":64,"column":null}},"2":{"start":{"line":66,"column":20},"end":{"line":66,"column":null}},"3":{"start":{"line":67,"column":20},"end":{"line":67,"column":null}},"4":{"start":{"line":70,"column":4},"end":{"line":70,"column":null}}},"fnMap":{"0":{"name":"(anonymous_0)","decl":{"start":{"line":63,"column":2},"end":{"line":63,"column":null}},"loc":{"start":{"line":68,"column":4},"end":{"line":71,"column":null}},"line":68}},"branchMap":{},"s":{"0":42,"1":42,"2":42,"3":42,"4":42},"f":{"0":42},"b":{},"meta":{"lastBranch":0,"lastFunction":1,"lastStatement":5,"seen":{"f:63:2:63:Infinity":0,"s:69:4:69:Infinity":0,"s:64:20:64:Infinity":1,"s:66:20:66:Infinity":2,"s:67:20:67:Infinity":3,"s:70:4:70:Infinity":4}}}
,"C:\\Users\\tokyo\\Documents\\CanvasApp\\src\\utils\\date.ts": {"path":"C:\\Users\\tokyo\\Documents\\CanvasApp\\src\\utils\\date.ts","statementMap":{"0":{"start":{"line":5,"column":18},"end":{"line":5,"column":null}},"1":{"start":{"line":6,"column":2},"end":{"line":6,"column":null}},"2":{"start":{"line":13,"column":12},"end":{"line":13,"column":null}},"3":{"start":{"line":14,"column":12},"end":{"line":14,"column":null}},"4":{"start":{"line":15,"column":12},"end":{"line":15,"column":null}},"5":{"start":{"line":16,"column":12},"end":{"line":16,"column":null}},"6":{"start":{"line":17,"column":14},"end":{"line":17,"column":null}},"7":{"start":{"line":18,"column":2},"end":{"line":18,"column":null}},"8":{"start":{"line":25,"column":12},"end":{"line":25,"column":null}},"9":{"start":{"line":26,"column":12},"end":{"line":26,"column":null}},"10":{"start":{"line":27,"column":12},"end":{"line":27,"column":null}},"11":{"start":{"line":28,"column":2},"end":{"line":28,"column":null}},"12":{"start":{"line":35,"column":14},"end":{"line":35,"column":null}},"13":{"start":{"line":36,"column":15},"end":{"line":36,"column":null}},"14":{"start":{"line":37,"column":2},"end":{"line":37,"column":null}}},"fnMap":{"0":{"name":"slackTsToDate","decl":{"start":{"line":4,"column":16},"end":{"line":4,"column":30}},"loc":{"start":{"line":4,"column":48},"end":{"line":7,"column":null}},"line":4},"1":{"name":"formatDateUTC","decl":{"start":{"line":12,"column":16},"end":{"line":12,"column":30}},"loc":{"start":{"line":12,"column":50},"end":{"line":19,"column":null}},"line":12},"2":{"name":"formatDateOnlyUTC","decl":{"start":{"line":24,"column":16},"end":{"line":24,"column":34}},"loc":{"start":{"line":24,"column":54},"end":{"line":29,"column":null}},"line":24},"3":{"name":"daysAgoToSlackTs","decl":{"start":{"line":34,"column":16},"end":{"line":34,"column":33}},"loc":{"start":{"line":34,"column":55},"end":{"line":38,"column":null}},"line":34}},"branchMap":{},"s":{"0":2098,"1":2098,"2":29,"3":29,"4":29,"5":29,"6":29,"7":29,"8":1050,"9":1050,"10":1050,"11":1050,"12":6,"13":6,"14":6},"f":{"0":2098,"1":29,"2":1050,"3":6},"b":{},"meta":{"lastBranch":0,"lastFunction":4,"lastStatement":15,"seen":{"f:4:16:4:30":0,"s:5:18:5:Infinity":0,"s:6:2:6:Infinity":1,"f:12:16:12:30":1,"s:13:12:13:Infinity":2,"s:14:12:14:Infinity":3,"s:15:12:15:Infinity":4,"s:16:12:16:Infinity":5,"s:17:14:17:Infinity":6,"s:18:2:18:Infinity":7,"f:24:16:24:34":2,"s:25:12:25:Infinity":8,"s:26:12:26:Infinity":9,"s:27:12:27:Infinity":10,"s:28:2:28:Infinity":11,"f:34:16:34:33":3,"s:35:14:35:Infinity":12,"s:36:15:36:Infinity":13,"s:37:2:37:Infinity":14}}}
}
