{"C:\\Users\\tokyo\\Documents\\CanvasApp\\src\\i18n\\index.ts": {"path":"C:\\Users\\tokyo\\Documents\\CanvasApp\\src\\i18n\\index.ts","statementMap":{"0":{"start":{"line":14,"column":52},"end":{"line":14,"column":null}},"1":{"start":{"line":17,"column":40},"end":{"line":17,"column":null}},"2":{"start":{"line":20,"column":26},"end":{"line":20,"column":null}},"3":{"start":{"line":31,"column":19},"end":{"line":31,"column":null}},"4":{"start":{"line":33,"column":2},"end":{"line":33,"column":null}},"5":{"start":{"line":33,"column":15},"end":{"line":33,"column":null}},"6":{"start":{"line":35,"column":2},"end":{"line":37,"column":null}},"7":{"start":{"line":36,"column":4},"end":{"line":36,"column":null}},"8":{"start":{"line":41,"column":20},"end":{"line":41,"column":null}},"9":{"start":{"line":44,"column":21},"end":{"line":44,"column":null}},"10":{"start":{"line":52,"column":17},"end":{"line":52,"column":null}},"11":{"start":{"line":53,"column":2},"end":{"line":55,"column":null}},"12":{"start":{"line":54,"column":4},"end":{"line":54,"column":null}},"13":{"start":{"line":57,"column":2},"end":{"line":76,"column":null}},"14":{"start":{"line":58,"column":19},"end":{"line":61,"column":null}},"15":{"start":{"line":63,"column":32},"end":{"line":63,"column":null}},"16":{"start":{"line":64,"column":19},"end":{"line":64,"column":null}},"17":{"start":{"line":67,"column":4},"end":{"line":70,"column":null}},"18":{"start":{"line":72,"column":4},"end":{"line":72,"column":null}},"19":{"start":{"line":75,"column":4},"end":{"line":75,"column":null}},"20":{"start":{"line":84,"column":2},"end":{"line":84,"column":null}},"21":{"start":{"line":88,"column":2},"end":{"line":88,"column":null}},"22":{"start":{"line":88,"column":20},"end":{"line":88,"column":null}},"23":{"start":{"line":91,"column":15},"end":{"line":91,"column":null}},"24":{"start":{"line":93,"column":2},"end":{"line":95,"column":null}},"25":{"start":{"line":94,"column":4},"end":{"line":94,"column":null}},"26":{"start":{"line":98,"column":2},"end":{"line":100,"column":null}},"27":{"start":{"line":99,"column":4},"end":{"line":99,"column":null}},"28":{"start":{"line":102,"column":2},"end":{"line":102,"column":null}}},"fnMap":{"0":{"name":"t","decl":{"start":{"line":26,"column":16},"end":{"line":26,"column":null}},"loc":{"start":{"line":30,"column":10},"end":{"line":38,"column":null}},"line":30},"1":{"name":"(anonymous_1)","decl":{"start":{"line":35,"column":44},"end":{"line":35,"column":45}},"loc":{"start":{"line":35,"column":65},"end":{"line":37,"column":3}},"line":35},"2":{"name":"getUserLocale","decl":{"start":{"line":50,"column":22},"end":{"line":50,"column":36}},"loc":{"start":{"line":50,"column":97},"end":{"line":77,"column":null}},"line":50},"3":{"name":"_clearLocaleCacheForTest","decl":{"start":{"line":83,"column":16},"end":{"line":83,"column":49}},"loc":{"start":{"line":83,"column":49},"end":{"line":85,"column":null}},"line":83},"4":{"name":"resolveLocale","decl":{"start":{"line":87,"column":16},"end":{"line":87,"column":30}},"loc":{"start":{"line":87,"column":68},"end":{"line":103,"column":null}},"line":87}},"branchMap":{"0":{"loc":{"start":{"line":31,"column":19},"end":{"line":31,"column":null}},"type":"binary-expr","locations":[{"start":{"line":31,"column":19},"end":{"line":31,"column":46}},{"start":{"line":31,"column":46},"end":{"line":31,"column":null}}],"line":31},"1":{"loc":{"start":{"line":33,"column":2},"end":{"line":33,"column":null}},"type":"if","locations":[{"start":{"line":33,"column":2},"end":{"line":33,"column":null}},{"start":{},"end":{}}],"line":33},"2":{"loc":{"start":{"line":36,"column":11},"end":{"line":36,"column":null}},"type":"cond-expr","locations":[{"start":{"line":36,"column":40},"end":{"line":36,"column":63}},{"start":{"line":36,"column":63},"end":{"line":36,"column":null}}],"line":36},"3":{"loc":{"start":{"line":53,"column":2},"end":{"line":55,"column":null}},"type":"if","locations":[{"start":{"line":53,"column":2},"end":{"line":55,"column":null}},{"start":{},"end":{}}],"line":53},"4":{"loc":{"start":{"line":53,"column":6},"end":{"line":53,"column":47}},"type":"binary-expr","locations":[{"start":{"line":53,"column":6},"end":{"line":53,"column":16}},{"start":{"line":53,"column":16},"end":{"line":53,"column":47}}],"line":53},"5":{"loc":{"start":{"line":63,"column":32},"end":{"line":63,"column":null}},"type":"binary-expr","locations":[{"start":{"line":63,"column":32},"end":{"line":63,"column":55}},{"start":{"line":63,"column":55},"end":{"line":63,"column":null}}],"line":63},"6":{"loc":{"start":{"line":88,"column":2},"end":{"line":88,"column":null}},"type":"if","locations":[{"start":{"line":88,"column":2},"end":{"line":88,"column":null}},{"start":{},"end":{}}],"line":88},"7":{"loc":{"start":{"line":93,"column":2},"end":{"line":95,"column":null}},"type":"if","locations":[{"start":{"line":93,"column":2},"end":{"line":95,"column":null}},{"start":{},"end":{}}],"line":93},"8":{"loc":{"start":{"line":98,"column":2},"end":{"line":100,"column":null}},"type":"if","locations":[{"start":{"line":98,"column":2},"end":{"line":100,"column":null}},{"start":{},"end":{}}],"line":98}},"s":{"0":4,"1":4,"2":4,"3":355,"4":355,"5":291,"6":64,"7":80,"8":4,"9":4,"10":7,"11":7,"12":1,"13":6,"14":6,"15":5,"16":7,"17":7,"18":7,"19":1,"20":5,"21":16,"22":2,"23":14,"24":14,"25":13,"26":1,"27":0,"28":1},"f":{"0":355,"1":80,"2":7,"3":5,"4":16},"b":{"0":[355,0],"1":[291,64],"2":[79,1],"3":[1,6],"4":[7,2],"5":[5,1],"6":[2,14],"7":[13,1],"8":[0,1]},"meta":{"lastBranch":9,"lastFunction":5,"lastStatement":29,"seen":{"s:14:52:14:Infinity":0,"s:17:40:17:Infinity":1,"s:20:26:20:Infinity":2,"f:26:16:26:Infinity":0,"s:31:19:31:Infinity":3,"b:31:19:31:46:31:46:31:Infinity":0,"b:33:2:33:Infinity:undefined:undefined:undefined:undefined":1,"s:33:2:33:Infinity":4,"s:33:15:33:Infinity":5,"s:35:2:37:Infinity":6,"f:35:44:35:45":1,"s:36:4:36:Infinity":7,"b:36:40:36:63:36:63:36:Infinity":2,"s:41:20:41:Infinity":8,"s:44:21:44:Infinity":9,"f:50:22:50:36":2,"s:52:17:52:Infinity":10,"b:53:2:55:Infinity:undefined:undefined:undefined:undefined":3,"s:53:2:55:Infinity":11,"b:53:6:53:16:53:16:53:47":4,"s:54:4:54:Infinity":12,"s:57:2:76:Infinity":13,"s:58:19:61:Infinity":14,"s:63:32:63:Infinity":15,"b:63:32:63:55:63:55:63:Infinity":5,"s:64:19:64:Infinity":16,"s:67:4:70:Infinity":17,"s:72:4:72:Infinity":18,"s:75:4:75:Infinity":19,"f:83:16:83:49":3,"s:84:2:84:Infinity":20,"f:87:16:87:30":4,"b:88:2:88:Infinity:undefined:undefined:undefined:undefined":6,"s:88:2:88:Infinity":21,"s:88:20:88:Infinity":22,"s:91:15:91:Infinity":23,"b:93:2:95:Infinity:undefined:undefined:undefined:undefined":7,"s:93:2:95:Infinity":24,"s:94:4:94:Infinity":25,"b:98:2:100:Infinity:undefined:undefined:undefined:undefined":8,"s:98:2:100:Infinity":26,"s:99:4:99:Infinity":27,"s:102:2:102:Infinity":28}}}
,"C:\\Users\\tokyo\\Documents\\CanvasApp\\src\\i18n\\types.ts": {"path":"C:\\Users\\tokyo\\Documents\\CanvasApp\\src\\i18n\\types.ts","statementMap":{},"fnMap":{},"branchMap":{},"s":{},"f":{},"b":{},"meta":{"lastBranch":0,"lastFunction":0,"lastStatement":0,"seen":{}}}
,"C:\\Users\\tokyo\\Documents\\CanvasApp\\src\\i18n\\locales\\en.ts": {"path":"C:\\Users\\tokyo\\Documents\\CanvasApp\\src\\i18n\\locales\\en.ts","statementMap":{"0":{"start":{"line":3,"column":21},"end":{"line":48,"column":null}}},"fnMap":{},"branchMap":{},"s":{"0":4},"f":{},"b":{},"meta":{"lastBranch":0,"lastFunction":0,"lastStatement":1,"seen":{"s:3:21:48:Infinity":0}}}
,"C:\\Users\\tokyo\\Documents\\CanvasApp\\src\\i18n\\locales\\es.ts": {"path":"C:\\Users\\tokyo\\Documents\\CanvasApp\\src\\i18n\\locales\\es.ts","statementMap":{"0":{"start":{"line":3,"column":21},"end":{"line":48,"column":null}}},"fnMap":{},"branchMap":{},"s":{"0":4},"f":{},"b":{},"meta":{"lastBranch":0,"lastFunction":0,"lastStatement":1,"seen":{"s:3:21:48:Infinity":0}}}
,"C:\\Users\\tokyo\\Documents\\CanvasApp\\src\\i18n\\locales\\fr.ts": {"path":"C:\\Users\\tokyo\\Documents\\CanvasApp\\src\\i18n\\locales\\fr.ts","statementMap":{"0":{"start":{"line":3,"column":21},"end":{"line":48,"column":null}}},"fnMap":{},"branchMap":{},"s":{"0":4},"f":{},"b":{},"meta":{"lastBranch":0,"lastFunction":0,"lastStatement":1,"seen":{"s:3:21:48:Infinity":0}}}
,"C:\\Users\\tokyo\\Documents\\CanvasApp\\src\\i18n\\locales\\hi.ts": {"path":"C:\\Users\\tokyo\\Documents\\CanvasApp\\src\\i18n\\locales\\hi.ts","statementMap":{"0":{"start":{"line":3,"column":21},"end":{"line":48,"column":null}}},"fnMap":{},"branchMap":{},"s":{"0":4},"f":{},"b":{},"meta":{"lastBranch":0,"lastFunction":0,"lastStatement":1,"seen":{"s:3:21:48:Infinity":0}}}
,"C:\\Users\\tokyo\\Documents\\CanvasApp\\src\\i18n\\locales\\ja.ts": {"path":"C:\\Users\\tokyo\\Documents\\CanvasApp\\src\\i18n\\locales\\ja.ts","statementMap":{"0":{"start":{"line":3,"column":21},"end":{"line":48,"column":null}}},"fnMap":{},"branchMap":{},"s":{"0":4},"f":{},"b":{},"meta":{"lastBranch":0,"lastFunction":0,"lastStatement":1,"seen":{"s:3:21:48:Infinity":0}}}
,"C:\\Users\\tokyo\\Documents\\CanvasApp\\src\\i18n\\locales\\ko.ts": {"path":"C:\\Users\\tokyo\\Documents\\CanvasApp\\src\\i18n\\locales\\ko.ts","statementMap":{"0":{"start":{"line":3,"column":21},"end":{"line":48,"column":null}}},"fnMap":{},"branchMap":{},"s":{"0":4},"f":{},"b":{},"meta":{"lastBranch":0,"lastFunction":0,"lastStatement":1,"seen":{"s:3:21:48:Infinity":0}}}
,"C:\\Users\\tokyo\\Documents\\CanvasApp\\src\\i18n\\locales\\zh.ts": {"path":"C:\\Users\\tokyo\\Documents\\CanvasApp\\src\\i18n\\locales\\zh.ts","statementMap":{"0":{"start":{"line":3,"column":21},"end":{"line":48,"column":null}}},"fnMap":{},"branchMap":{},"s":{"0":4},"f":{},"b":{},"meta":{"lastBranch":0,"lastFunction":0,"lastStatement":1,"seen":{"s:3:21:48:Infinity":0}}}
,"C:\\Users\\tokyo\\Documents\\CanvasApp\\src\\listeners\\commands\\canvas-collect.ts": {"path":"C:\\Users\\tokyo\\Documents\\CanvasApp\\src\\listeners\\commands\\canvas-collect.ts","statementMap":{"0":{"start":{"line":20,"column":2},"end":{"line":143,"column":null}},"1":{"start":{"line":22,"column":4},"end":{"line":22,"column":null}},"2":{"start":{"line":24,"column":22},"end":{"line":24,"column":null}},"3":{"start":{"line":25,"column":19},"end":{"line":25,"column":null}},"4":{"start":{"line":26,"column":19},"end":{"line":26,"column":null}},"5":{"start":{"line":27,"column":23},"end":{"line":27,"column":null}},"6":{"start":{"line":30,"column":36},"end":{"line":30,"column":null}},"7":{"start":{"line":33,"column":26},"end":{"line":40,"column":null}},"8":{"start":{"line":34,"column":6},"end":{"line":39,"column":null}},"9":{"start":{"line":44,"column":4},"end":{"line":142,"column":null}},"10":{"start":{"line":46,"column":12},"end":{"line":46,"column":null}},"11":{"start":{"line":47,"column":6},"end":{"line":47,"column":null}},"12":{"start":{"line":50,"column":41},"end":{"line":50,"column":null}},"13":{"start":{"line":51,"column":6},"end":{"line":60,"column":null}},"14":{"start":{"line":52,"column":39},"end":{"line":52,"column":null}},"15":{"start":{"line":53,"column":8},"end":{"line":53,"column":null}},"16":{"start":{"line":54,"column":8},"end":{"line":59,"column":null}},"17":{"start":{"line":55,"column":27},"end":{"line":55,"column":null}},"18":{"start":{"line":55,"column":45},"end":{"line":55,"column":52}},"19":{"start":{"line":56,"column":16},"end":{"line":56,"column":null}},"20":{"start":{"line":57,"column":10},"end":{"line":57,"column":null}},"21":{"start":{"line":58,"column":10},"end":{"line":58,"column":null}},"22":{"start":{"line":63,"column":29},"end":{"line":63,"column":null}},"23":{"start":{"line":64,"column":25},"end":{"line":64,"column":null}},"24":{"start":{"line":67,"column":6},"end":{"line":70,"column":null}},"25":{"start":{"line":73,"column":6},"end":{"line":79,"column":null}},"26":{"start":{"line":74,"column":8},"end":{"line":77,"column":null}},"27":{"start":{"line":78,"column":8},"end":{"line":78,"column":null}},"28":{"start":{"line":81,"column":6},"end":{"line":126,"column":null}},"29":{"start":{"line":83,"column":23},"end":{"line":83,"column":null}},"30":{"start":{"line":86,"column":8},"end":{"line":92,"column":null}},"31":{"start":{"line":87,"column":10},"end":{"line":90,"column":null}},"32":{"start":{"line":91,"column":10},"end":{"line":91,"column":null}},"33":{"start":{"line":95,"column":37},"end":{"line":97,"column":null}},"34":{"start":{"line":96,"column":35},"end":{"line":96,"column":42}},"35":{"start":{"line":97,"column":27},"end":{"line":97,"column":31}},"36":{"start":{"line":100,"column":14},"end":{"line":100,"column":null}},"37":{"start":{"line":101,"column":14},"end":{"line":101,"column":null}},"38":{"start":{"line":103,"column":37},"end":{"line":111,"column":null}},"39":{"start":{"line":114,"column":8},"end":{"line":120,"column":null}},"40":{"start":{"line":123,"column":8},"end":{"line":125,"column":null}},"41":{"start":{"line":124,"column":10},"end":{"line":124,"column":null}},"42":{"start":{"line":129,"column":6},"end":{"line":141,"column":null}},"43":{"start":{"line":131,"column":18},"end":{"line":131,"column":null}},"44":{"start":{"line":132,"column":8},"end":{"line":136,"column":null}},"45":{"start":{"line":133,"column":49},"end":{"line":133,"column":null}},"46":{"start":{"line":134,"column":10},"end":{"line":134,"column":null}},"47":{"start":{"line":134,"column":28},"end":{"line":134,"column":null}},"48":{"start":{"line":135,"column":10},"end":{"line":135,"column":null}},"49":{"start":{"line":137,"column":8},"end":{"line":137,"column":null}},"50":{"start":{"line":139,"column":14},"end":{"line":139,"column":null}},"51":{"start":{"line":140,"column":8},"end":{"line":140,"column":null}}},"fnMap":{"0":{"name":"registerCanvasCollectCommand","decl":{"start":{"line":19,"column":16},"end":{"line":19,"column":45}},"loc":{"start":{"line":19,"column":61},"end":{"line":144,"column":null}},"line":19},"1":{"name":"(anonymous_1)","decl":{"start":{"line":20,"column":33},"end":{"line":20,"column":40}},"loc":{"start":{"line":20,"column":69},"end":{"line":143,"column":3}},"line":20},"2":{"name":"(anonymous_2)","decl":{"start":{"line":33,"column":26},"end":{"line":33,"column":33}},"loc":{"start":{"line":33,"column":73},"end":{"line":40,"column":null}},"line":33},"3":{"name":"(anonymous_3)","decl":{"start":{"line":55,"column":40},"end":{"line":55,"column":45}},"loc":{"start":{"line":55,"column":45},"end":{"line":55,"column":52}},"line":55},"4":{"name":"(anonymous_4)","decl":{"start":{"line":96,"column":18},"end":{"line":96,"column":19}},"loc":{"start":{"line":96,"column":35},"end":{"line":96,"column":42}},"line":96},"5":{"name":"(anonymous_5)","decl":{"start":{"line":97,"column":15},"end":{"line":97,"column":16}},"loc":{"start":{"line":97,"column":27},"end":{"line":97,"column":31}},"line":97}},"branchMap":{"0":{"loc":{"start":{"line":38,"column":12},"end":{"line":38,"column":null}},"type":"cond-expr","locations":[{"start":{"line":38,"column":21},"end":{"line":38,"column":34}},{"start":{"line":38,"column":34},"end":{"line":38,"column":null}}],"line":38},"1":{"loc":{"start":{"line":46,"column":34},"end":{"line":46,"column":54}},"type":"binary-expr","locations":[{"start":{"line":46,"column":34},"end":{"line":46,"column":50}},{"start":{"line":46,"column":50},"end":{"line":46,"column":54}}],"line":46},"2":{"loc":{"start":{"line":51,"column":6},"end":{"line":60,"column":null}},"type":"if","locations":[{"start":{"line":51,"column":6},"end":{"line":60,"column":null}},{"start":{},"end":{}}],"line":51},"3":{"loc":{"start":{"line":54,"column":8},"end":{"line":59,"column":null}},"type":"if","locations":[{"start":{"line":54,"column":8},"end":{"line":59,"column":null}},{"start":{},"end":{}}],"line":54},"4":{"loc":{"start":{"line":73,"column":6},"end":{"line":79,"column":null}},"type":"if","locations":[{"start":{"line":73,"column":6},"end":{"line":79,"column":null}},{"start":{},"end":{}}],"line":73},"5":{"loc":{"start":{"line":86,"column":8},"end":{"line":92,"column":null}},"type":"if","locations":[{"start":{"line":86,"column":8},"end":{"line":92,"column":null}},{"start":{},"end":{}}],"line":86},"6":{"loc":{"start":{"line":117,"column":34},"end":{"line":117,"column":null}},"type":"cond-expr","locations":[{"start":{"line":117,"column":68},"end":{"line":117,"column":91}},{"start":{"line":117,"column":91},"end":{"line":117,"column":null}}],"line":117},"7":{"loc":{"start":{"line":118,"column":29},"end":{"line":118,"column":null}},"type":"cond-expr","locations":[{"start":{"line":118,"column":65},"end":{"line":118,"column":90}},{"start":{"line":118,"column":90},"end":{"line":118,"column":null}}],"line":118},"8":{"loc":{"start":{"line":123,"column":8},"end":{"line":125,"column":null}},"type":"if","locations":[{"start":{"line":123,"column":8},"end":{"line":125,"column":null}},{"start":{},"end":{}}],"line":123},"9":{"loc":{"start":{"line":129,"column":6},"end":{"line":141,"column":null}},"type":"if","locations":[{"start":{"line":129,"column":6},"end":{"line":141,"column":null}},{"start":{"line":138,"column":13},"end":{"line":141,"column":null}}],"line":129},"10":{"loc":{"start":{"line":132,"column":8},"end":{"line":136,"column":null}},"type":"if","locations":[{"start":{"line":132,"column":8},"end":{"line":136,"column":null}},{"start":{},"end":{}}],"line":132},"11":{"loc":{"start":{"line":134,"column":10},"end":{"line":134,"column":null}},"type":"if","locations":[{"start":{"line":134,"column":10},"end":{"line":134,"column":null}},{"start":{},"end":{}}],"line":134}},"s":{"0":0,"1":0,"2":0,"3":0,"4":0,"5":0,"6":0,"7":0,"8":0,"9":0,"10":0,"11":0,"12":0,"13":0,"14":0,"15":0,"16":0,"17":0,"18":0,"19":0,"20":0,"21":0,"22":0,"23":0,"24":0,"25":0,"26":0,"27":0,"28":0,"29":0,"30":0,"31":0,"32":0,"33":0,"34":0,"35":0,"36":0,"37":0,"38":0,"39":0,"40":0,"41":0,"42":0,"43":0,"44":0,"45":0,"46":0,"47":0,"48":0,"49":0,"50":0,"51":0},"f":{"0":0,"1":0,"2":0,"3":0,"4":0,"5":0},"b":{"0":[0,0],"1":[0,0],"2":[0,0],"3":[0,0],"4":[0,0],"5":[0,0],"6":[0,0],"7":[0,0],"8":[0,0],"9":[0,0],"10":[0,0],"11":[0,0]},"meta":{"lastBranch":12,"lastFunction":6,"lastStatement":52,"seen":{"f:19:16:19:45":0,"s:20:2:143:Infinity":0,"f:20:33:20:40":1,"s:22:4:22:Infinity":1,"s:24:22:24:Infinity":2,"s:25:19:25:Infinity":3,"s:26:19:26:Infinity":4,"s:27:23:27:Infinity":5,"s:30:36:30:Infinity":6,"s:33:26:40:Infinity":7,"f:33:26:33:33":2,"s:34:6:39:Infinity":8,"b:38:21:38:34:38:34:38:Infinity":0,"s:44:4:142:Infinity":9,"s:46:12:46:Infinity":10,"b:46:34:46:50:46:50:46:54":1,"s:47:6:47:Infinity":11,"s:50:41:50:Infinity":12,"b:51:6:60:Infinity:undefined:undefined:undefined:undefined":2,"s:51:6:60:Infinity":13,"s:52:39:52:Infinity":14,"s:53:8:53:Infinity":15,"b:54:8:59:Infinity:undefined:undefined:undefined:undefined":3,"s:54:8:59:Infinity":16,"s:55:27:55:Infinity":17,"f:55:40:55:45":3,"s:55:45:55:52":18,"s:56:16:56:Infinity":19,"s:57:10:57:Infinity":20,"s:58:10:58:Infinity":21,"s:63:29:63:Infinity":22,"s:64:25:64:Infinity":23,"s:67:6:70:Infinity":24,"b:73:6:79:Infinity:undefined:undefined:undefined:undefined":4,"s:73:6:79:Infinity":25,"s:74:8:77:Infinity":26,"s:78:8:78:Infinity":27,"s:81:6:126:Infinity":28,"s:83:23:83:Infinity":29,"b:86:8:92:Infinity:undefined:undefined:undefined:undefined":5,"s:86:8:92:Infinity":30,"s:87:10:90:Infinity":31,"s:91:10:91:Infinity":32,"s:95:37:97:Infinity":33,"f:96:18:96:19":4,"s:96:35:96:42":34,"f:97:15:97:16":5,"s:97:27:97:31":35,"s:100:14:100:Infinity":36,"s:101:14:101:Infinity":37,"s:103:37:111:Infinity":38,"s:114:8:120:Infinity":39,"b:117:68:117:91:117:91:117:Infinity":6,"b:118:65:118:90:118:90:118:Infinity":7,"b:123:8:125:Infinity:undefined:undefined:undefined:undefined":8,"s:123:8:125:Infinity":40,"s:124:10:124:Infinity":41,"b:129:6:141:Infinity:138:13:141:Infinity":9,"s:129:6:141:Infinity":42,"s:131:18:131:Infinity":43,"b:132:8:136:Infinity:undefined:undefined:undefined:undefined":10,"s:132:8:136:Infinity":44,"s:133:49:133:Infinity":45,"b:134:10:134:Infinity:undefined:undefined:undefined:undefined":11,"s:134:10:134:Infinity":46,"s:134:28:134:Infinity":47,"s:135:10:135:Infinity":48,"s:137:8:137:Infinity":49,"s:139:14:139:Infinity":50,"s:140:8:140:Infinity":51}}}
,"C:\\Users\\tokyo\\Documents\\CanvasApp\\src\\listeners\\commands\\index.ts": {"path":"C:\\Users\\tokyo\\Documents\\CanvasApp\\src\\listeners\\commands\\index.ts","statementMap":{"0":{"start":{"line":5,"column":2},"end":{"line":5,"column":null}}},"fnMap":{"0":{"name":"registerCommands","decl":{"start":{"line":4,"column":16},"end":{"line":4,"column":33}},"loc":{"start":{"line":4,"column":49},"end":{"line":6,"column":null}},"line":4}},"branchMap":{},"s":{"0":0},"f":{"0":0},"b":{},"meta":{"lastBranch":0,"lastFunction":1,"lastStatement":1,"seen":{"f:4:16:4:33":0,"s:5:2:5:Infinity":0}}}
,"C:\\Users\\tokyo\\Documents\\CanvasApp\\src\\services\\block-builder.ts": {"path":"C:\\Users\\tokyo\\Documents\\CanvasApp\\src\\services\\block-builder.ts","statementMap":{"0":{"start":{"line":10,"column":2},"end":{"line":18,"column":null}},"1":{"start":{"line":34,"column":8},"end":{"line":34,"column":null}},"2":{"start":{"line":36,"column":31},"end":{"line":52,"column":null}},"3":{"start":{"line":55,"column":2},"end":{"line":63,"column":null}},"4":{"start":{"line":56,"column":4},"end":{"line":62,"column":null}},"5":{"start":{"line":66,"column":2},"end":{"line":77,"column":null}},"6":{"start":{"line":67,"column":19},"end":{"line":67,"column":null}},"7":{"start":{"line":67,"column":53},"end":{"line":67,"column":66}},"8":{"start":{"line":68,"column":4},"end":{"line":76,"column":null}},"9":{"start":{"line":80,"column":2},"end":{"line":91,"column":null}},"10":{"start":{"line":93,"column":2},"end":{"line":93,"column":null}},"11":{"start":{"line":100,"column":31},"end":{"line":108,"column":null}},"12":{"start":{"line":110,"column":2},"end":{"line":121,"column":null}},"13":{"start":{"line":111,"column":19},"end":{"line":111,"column":null}},"14":{"start":{"line":111,"column":45},"end":{"line":111,"column":58}},"15":{"start":{"line":112,"column":4},"end":{"line":120,"column":null}},"16":{"start":{"line":123,"column":2},"end":{"line":123,"column":null}},"17":{"start":{"line":130,"column":2},"end":{"line":138,"column":null}},"18":{"start":{"line":145,"column":2},"end":{"line":153,"column":null}}},"fnMap":{"0":{"name":"buildCollectingBlocks","decl":{"start":{"line":9,"column":16},"end":{"line":9,"column":38}},"loc":{"start":{"line":9,"column":114},"end":{"line":19,"column":null}},"line":9},"1":{"name":"buildCompletionBlocks","decl":{"start":{"line":24,"column":16},"end":{"line":24,"column":null}},"loc":{"start":{"line":33,"column":16},"end":{"line":94,"column":null}},"line":33},"2":{"name":"(anonymous_2)","decl":{"start":{"line":67,"column":47},"end":{"line":67,"column":53}},"loc":{"start":{"line":67,"column":53},"end":{"line":67,"column":66}},"line":67},"3":{"name":"buildNoResultBlocks","decl":{"start":{"line":99,"column":16},"end":{"line":99,"column":36}},"loc":{"start":{"line":99,"column":108},"end":{"line":124,"column":null}},"line":99},"4":{"name":"(anonymous_4)","decl":{"start":{"line":111,"column":39},"end":{"line":111,"column":45}},"loc":{"start":{"line":111,"column":45},"end":{"line":111,"column":58}},"line":111},"5":{"name":"buildErrorBlocks","decl":{"start":{"line":129,"column":16},"end":{"line":129,"column":33}},"loc":{"start":{"line":129,"column":64},"end":{"line":139,"column":null}},"line":129},"6":{"name":"buildLockConflictBlocks","decl":{"start":{"line":144,"column":16},"end":{"line":144,"column":40}},"loc":{"start":{"line":144,"column":94},"end":{"line":154,"column":null}},"line":144}},"branchMap":{"0":{"loc":{"start":{"line":55,"column":2},"end":{"line":63,"column":null}},"type":"if","locations":[{"start":{"line":55,"column":2},"end":{"line":63,"column":null}},{"start":{},"end":{}}],"line":55},"1":{"loc":{"start":{"line":55,"column":6},"end":{"line":55,"column":80}},"type":"binary-expr","locations":[{"start":{"line":55,"column":6},"end":{"line":55,"column":39}},{"start":{"line":55,"column":39},"end":{"line":55,"column":80}}],"line":55},"2":{"loc":{"start":{"line":66,"column":2},"end":{"line":77,"column":null}},"type":"if","locations":[{"start":{"line":66,"column":2},"end":{"line":77,"column":null}},{"start":{},"end":{}}],"line":66},"3":{"loc":{"start":{"line":66,"column":6},"end":{"line":66,"column":70}},"type":"binary-expr","locations":[{"start":{"line":66,"column":6},"end":{"line":66,"column":34}},{"start":{"line":66,"column":34},"end":{"line":66,"column":70}}],"line":66},"4":{"loc":{"start":{"line":110,"column":2},"end":{"line":121,"column":null}},"type":"if","locations":[{"start":{"line":110,"column":2},"end":{"line":121,"column":null}},{"start":{},"end":{}}],"line":110},"5":{"loc":{"start":{"line":110,"column":6},"end":{"line":110,"column":53}},"type":"binary-expr","locations":[{"start":{"line":110,"column":6},"end":{"line":110,"column":25}},{"start":{"line":110,"column":25},"end":{"line":110,"column":53}}],"line":110}},"s":{"0":2,"1":6,"2":6,"3":6,"4":1,"5":6,"6":1,"7":1,"8":1,"9":6,"10":6,"11":3,"12":3,"13":1,"14":1,"15":1,"16":3,"17":1,"18":2},"f":{"0":2,"1":6,"2":1,"3":3,"4":1,"5":1,"6":2},"b":{"0":[1,5],"1":[6,1],"2":[1,5],"3":[6,1],"4":[1,2],"5":[3,1]},"meta":{"lastBranch":6,"lastFunction":7,"lastStatement":19,"seen":{"f:9:16:9:38":0,"s:10:2:18:Infinity":0,"f:24:16:24:Infinity":1,"s:34:8:34:Infinity":1,"s:36:31:52:Infinity":2,"b:55:2:63:Infinity:undefined:undefined:undefined:undefined":0,"s:55:2:63:Infinity":3,"b:55:6:55:39:55:39:55:80":1,"s:56:4:62:Infinity":4,"b:66:2:77:Infinity:undefined:undefined:undefined:undefined":2,"s:66:2:77:Infinity":5,"b:66:6:66:34:66:34:66:70":3,"s:67:19:67:Infinity":6,"f:67:47:67:53":2,"s:67:53:67:66":7,"s:68:4:76:Infinity":8,"s:80:2:91:Infinity":9,"s:93:2:93:Infinity":10,"f:99:16:99:36":3,"s:100:31:108:Infinity":11,"b:110:2:121:Infinity:undefined:undefined:undefined:undefined":4,"s:110:2:121:Infinity":12,"b:110:6:110:25:110:25:110:53":5,"s:111:19:111:Infinity":13,"f:111:39:111:45":4,"s:111:45:111:58":14,"s:112:4:120:Infinity":15,"s:123:2:123:Infinity":16,"f:129:16:129:33":5,"s:130:2:138:Infinity":17,"f:144:16:144:40":6,"s:145:2:153:Infinity":18}}}
,"C:\\Users\\tokyo\\Documents\\CanvasApp\\src\\services\\canvas-manager.ts": {"path":"C:\\Users\\tokyo\\Documents\\CanvasApp\\src\\services\\canvas-manager.ts","statementMap":{"0":{"start":{"line":10,"column":2},"end":{"line":10,"column":null}},"1":{"start":{"line":23,"column":16},"end":{"line":23,"column":null}},"2":{"start":{"line":24,"column":41},"end":{"line":24,"column":null}},"3":{"start":{"line":28,"column":2},"end":{"line":50,"column":null}},"4":{"start":{"line":29,"column":19},"end":{"line":36,"column":null}},"5":{"start":{"line":30,"column":7},"end":{"line":35,"column":null}},"6":{"start":{"line":38,"column":18},"end":{"line":38,"column":null}},"7":{"start":{"line":39,"column":4},"end":{"line":47,"column":null}},"8":{"start":{"line":40,"column":6},"end":{"line":46,"column":null}},"9":{"start":{"line":41,"column":8},"end":{"line":45,"column":null}},"10":{"start":{"line":49,"column":4},"end":{"line":49,"column":null}},"11":{"start":{"line":52,"column":2},"end":{"line":54,"column":null}},"12":{"start":{"line":53,"column":4},"end":{"line":53,"column":null}},"13":{"start":{"line":57,"column":2},"end":{"line":57,"column":null}},"14":{"start":{"line":57,"column":34},"end":{"line":57,"column":55}},"15":{"start":{"line":58,"column":2},"end":{"line":58,"column":null}},"16":{"start":{"line":72,"column":16},"end":{"line":72,"column":null}},"17":{"start":{"line":74,"column":17},"end":{"line":83,"column":null}},"18":{"start":{"line":75,"column":5},"end":{"line":82,"column":null}},"19":{"start":{"line":85,"column":2},"end":{"line":87,"column":null}},"20":{"start":{"line":86,"column":4},"end":{"line":86,"column":null}},"21":{"start":{"line":90,"column":20},"end":{"line":90,"column":null}},"22":{"start":{"line":92,"column":2},"end":{"line":95,"column":null}},"23":{"start":{"line":106,"column":2},"end":{"line":119,"column":null}},"24":{"start":{"line":107,"column":5},"end":{"line":118,"column":null}},"25":{"start":{"line":134,"column":19},"end":{"line":134,"column":null}},"26":{"start":{"line":136,"column":2},"end":{"line":146,"column":null}},"27":{"start":{"line":138,"column":4},"end":{"line":138,"column":null}},"28":{"start":{"line":140,"column":22},"end":{"line":140,"column":null}},"29":{"start":{"line":141,"column":4},"end":{"line":141,"column":null}},"30":{"start":{"line":144,"column":26},"end":{"line":144,"column":null}},"31":{"start":{"line":145,"column":4},"end":{"line":145,"column":null}}},"fnMap":{"0":{"name":"getCanvasTitle","decl":{"start":{"line":9,"column":16},"end":{"line":9,"column":31}},"loc":{"start":{"line":9,"column":54},"end":{"line":11,"column":null}},"line":9},"1":{"name":"findCanvas","decl":{"start":{"line":18,"column":22},"end":{"line":18,"column":null}},"loc":{"start":{"line":22,"column":30},"end":{"line":59,"column":null}},"line":22},"2":{"name":"(anonymous_2)","decl":{"start":{"line":29,"column":44},"end":{"line":29,"column":null}},"loc":{"start":{"line":30,"column":7},"end":{"line":35,"column":null}},"line":30},"3":{"name":"(anonymous_3)","decl":{"start":{"line":57,"column":24},"end":{"line":57,"column":25}},"loc":{"start":{"line":57,"column":34},"end":{"line":57,"column":55}},"line":57},"4":{"name":"createCanvas","decl":{"start":{"line":64,"column":22},"end":{"line":64,"column":null}},"loc":{"start":{"line":71,"column":52},"end":{"line":96,"column":null}},"line":71},"5":{"name":"(anonymous_5)","decl":{"start":{"line":74,"column":42},"end":{"line":74,"column":null}},"loc":{"start":{"line":75,"column":5},"end":{"line":82,"column":null}},"line":75},"6":{"name":"appendToCanvas","decl":{"start":{"line":101,"column":22},"end":{"line":101,"column":null}},"loc":{"start":{"line":105,"column":17},"end":{"line":120,"column":null}},"line":105},"7":{"name":"(anonymous_7)","decl":{"start":{"line":106,"column":22},"end":{"line":106,"column":null}},"loc":{"start":{"line":107,"column":5},"end":{"line":118,"column":null}},"line":107},"8":{"name":"upsertCanvas","decl":{"start":{"line":125,"column":22},"end":{"line":125,"column":null}},"loc":{"start":{"line":133,"column":50},"end":{"line":147,"column":null}},"line":133}},"branchMap":{"0":{"loc":{"start":{"line":38,"column":18},"end":{"line":38,"column":null}},"type":"binary-expr","locations":[{"start":{"line":38,"column":18},"end":{"line":38,"column":34}},{"start":{"line":38,"column":34},"end":{"line":38,"column":null}}],"line":38},"1":{"loc":{"start":{"line":40,"column":6},"end":{"line":46,"column":null}},"type":"if","locations":[{"start":{"line":40,"column":6},"end":{"line":46,"column":null}},{"start":{},"end":{}}],"line":40},"2":{"loc":{"start":{"line":44,"column":19},"end":{"line":44,"column":null}},"type":"binary-expr","locations":[{"start":{"line":44,"column":19},"end":{"line":44,"column":35}},{"start":{"line":44,"column":35},"end":{"line":44,"column":null}}],"line":44},"3":{"loc":{"start":{"line":49,"column":13},"end":{"line":49,"column":null}},"type":"binary-expr","locations":[{"start":{"line":49,"column":13},"end":{"line":49,"column":54}},{"start":{"line":49,"column":54},"end":{"line":49,"column":null}}],"line":49},"4":{"loc":{"start":{"line":52,"column":2},"end":{"line":54,"column":null}},"type":"if","locations":[{"start":{"line":52,"column":2},"end":{"line":54,"column":null}},{"start":{},"end":{}}],"line":52},"5":{"loc":{"start":{"line":85,"column":2},"end":{"line":87,"column":null}},"type":"if","locations":[{"start":{"line":85,"column":2},"end":{"line":87,"column":null}},{"start":{},"end":{}}],"line":85},"6":{"loc":{"start":{"line":90,"column":20},"end":{"line":90,"column":null}},"type":"binary-expr","locations":[{"start":{"line":90,"column":20},"end":{"line":90,"column":41}},{"start":{"line":90,"column":41},"end":{"line":90,"column":null}}],"line":90},"7":{"loc":{"start":{"line":136,"column":2},"end":{"line":146,"column":null}},"type":"if","locations":[{"start":{"line":136,"column":2},"end":{"line":146,"column":null}},{"start":{"line":142,"column":9},"end":{"line":146,"column":null}}],"line":136}},"s":{"0":12,"1":6,"2":6,"3":6,"4":7,"5":7,"6":7,"7":7,"8":7,"9":5,"10":7,"11":6,"12":2,"13":4,"14":1,"15":4,"16":4,"17":4,"18":4,"19":4,"20":1,"21":3,"22":4,"23":2,"24":2,"25":2,"26":2,"27":1,"28":1,"29":1,"30":1,"31":1},"f":{"0":12,"1":6,"2":7,"3":1,"4":4,"5":4,"6":2,"7":2,"8":2},"b":{"0":[7,0],"1":[5,2],"2":[5,0],"3":[7,6],"4":[2,4],"5":[1,3],"6":[3,2],"7":[1,1]},"meta":{"lastBranch":8,"lastFunction":9,"lastStatement":32,"seen":{"f:9:16:9:31":0,"s:10:2:10:Infinity":0,"f:18:22:18:Infinity":1,"s:23:16:23:Infinity":1,"s:24:41:24:Infinity":2,"s:28:2:50:Infinity":3,"s:29:19:36:Infinity":4,"f:29:44:29:Infinity":2,"s:30:7:35:Infinity":5,"s:38:18:38:Infinity":6,"b:38:18:38:34:38:34:38:Infinity":0,"s:39:4:47:Infinity":7,"b:40:6:46:Infinity:undefined:undefined:undefined:undefined":1,"s:40:6:46:Infinity":8,"s:41:8:45:Infinity":9,"b:44:19:44:35:44:35:44:Infinity":2,"s:49:4:49:Infinity":10,"b:49:13:49:54:49:54:49:Infinity":3,"b:52:2:54:Infinity:undefined:undefined:undefined:undefined":4,"s:52:2:54:Infinity":11,"s:53:4:53:Infinity":12,"s:57:2:57:Infinity":13,"f:57:24:57:25":3,"s:57:34:57:55":14,"s:58:2:58:Infinity":15,"f:64:22:64:Infinity":4,"s:72:16:72:Infinity":16,"s:74:17:83:Infinity":17,"f:74:42:74:Infinity":5,"s:75:5:82:Infinity":18,"b:85:2:87:Infinity:undefined:undefined:undefined:undefined":5,"s:85:2:87:Infinity":19,"s:86:4:86:Infinity":20,"s:90:20:90:Infinity":21,"b:90:20:90:41:90:41:90:Infinity":6,"s:92:2:95:Infinity":22,"f:101:22:101:Infinity":6,"s:106:2:119:Infinity":23,"f:106:22:106:Infinity":7,"s:107:5:118:Infinity":24,"f:125:22:125:Infinity":8,"s:134:19:134:Infinity":25,"b:136:2:146:Infinity:142:9:146:Infinity":7,"s:136:2:146:Infinity":26,"s:138:4:138:Infinity":27,"s:140:22:140:Infinity":28,"s:141:4:141:Infinity":29,"s:144:26:144:Infinity":30,"s:145:4:145:Infinity":31}}}
,"C:\\Users\\tokyo\\Documents\\CanvasApp\\src\\services\\command-parser.ts": {"path":"C:\\Users\\tokyo\\Documents\\CanvasApp\\src\\services\\command-parser.ts","statementMap":{"0":{"start":{"line":6,"column":31},"end":{"line":6,"column":null}},"1":{"start":{"line":9,"column":30},"end":{"line":9,"column":null}},"2":{"start":{"line":12,"column":22},"end":{"line":12,"column":null}},"3":{"start":{"line":19,"column":23},"end":{"line":19,"column":null}},"4":{"start":{"line":25,"column":2},"end":{"line":29,"column":null}},"5":{"start":{"line":25,"column":15},"end":{"line":25,"column":18}},"6":{"start":{"line":26,"column":4},"end":{"line":28,"column":null}},"7":{"start":{"line":27,"column":6},"end":{"line":27,"column":null}},"8":{"start":{"line":30,"column":2},"end":{"line":30,"column":null}},"9":{"start":{"line":44,"column":18},"end":{"line":44,"column":null}},"10":{"start":{"line":46,"column":2},"end":{"line":48,"column":null}},"11":{"start":{"line":47,"column":4},"end":{"line":47,"column":null}},"12":{"start":{"line":51,"column":17},"end":{"line":51,"column":null}},"13":{"start":{"line":54,"column":21},"end":{"line":54,"column":null}},"14":{"start":{"line":55,"column":2},"end":{"line":60,"column":null}},"15":{"start":{"line":56,"column":4},"end":{"line":59,"column":null}},"16":{"start":{"line":61,"column":16},"end":{"line":61,"column":null}},"17":{"start":{"line":64,"column":29},"end":{"line":64,"column":null}},"18":{"start":{"line":65,"column":33},"end":{"line":65,"column":null}},"19":{"start":{"line":66,"column":20},"end":{"line":66,"column":null}},"20":{"start":{"line":69,"column":22},"end":{"line":69,"column":null}},"21":{"start":{"line":71,"column":2},"end":{"line":73,"column":null}},"22":{"start":{"line":72,"column":4},"end":{"line":72,"column":null}},"23":{"start":{"line":76,"column":2},"end":{"line":84,"column":null}},"24":{"start":{"line":78,"column":26},"end":{"line":78,"column":null}},"25":{"start":{"line":79,"column":23},"end":{"line":79,"column":null}},"26":{"start":{"line":81,"column":4},"end":{"line":83,"column":null}},"27":{"start":{"line":82,"column":6},"end":{"line":82,"column":null}},"28":{"start":{"line":87,"column":24},"end":{"line":87,"column":null}},"29":{"start":{"line":88,"column":2},"end":{"line":93,"column":null}},"30":{"start":{"line":89,"column":4},"end":{"line":92,"column":null}},"31":{"start":{"line":96,"column":22},"end":{"line":96,"column":null}},"32":{"start":{"line":97,"column":28},"end":{"line":97,"column":null}},"33":{"start":{"line":99,"column":2},"end":{"line":101,"column":null}},"34":{"start":{"line":100,"column":4},"end":{"line":100,"column":null}},"35":{"start":{"line":103,"column":2},"end":{"line":105,"column":null}},"36":{"start":{"line":104,"column":4},"end":{"line":104,"column":null}},"37":{"start":{"line":107,"column":21},"end":{"line":107,"column":null}},"38":{"start":{"line":109,"column":2},"end":{"line":111,"column":null}},"39":{"start":{"line":110,"column":4},"end":{"line":110,"column":null}},"40":{"start":{"line":113,"column":2},"end":{"line":113,"column":null}}},"fnMap":{"0":{"name":"extractPeriodDays","decl":{"start":{"line":24,"column":9},"end":{"line":24,"column":27}},"loc":{"start":{"line":24,"column":59},"end":{"line":31,"column":null}},"line":24},"1":{"name":"parseCommand","decl":{"start":{"line":43,"column":16},"end":{"line":43,"column":29}},"loc":{"start":{"line":43,"column":83},"end":{"line":114,"column":null}},"line":43}},"branchMap":{"0":{"loc":{"start":{"line":26,"column":4},"end":{"line":28,"column":null}},"type":"if","locations":[{"start":{"line":26,"column":4},"end":{"line":28,"column":null}},{"start":{},"end":{}}],"line":26},"1":{"loc":{"start":{"line":46,"column":2},"end":{"line":48,"column":null}},"type":"if","locations":[{"start":{"line":46,"column":2},"end":{"line":48,"column":null}},{"start":{},"end":{}}],"line":46},"2":{"loc":{"start":{"line":55,"column":2},"end":{"line":60,"column":null}},"type":"if","locations":[{"start":{"line":55,"column":2},"end":{"line":60,"column":null}},{"start":{},"end":{}}],"line":55},"3":{"loc":{"start":{"line":76,"column":2},"end":{"line":84,"column":null}},"type":"if","locations":[{"start":{"line":76,"column":2},"end":{"line":84,"column":null}},{"start":{},"end":{}}],"line":76},"4":{"loc":{"start":{"line":88,"column":2},"end":{"line":93,"column":null}},"type":"if","locations":[{"start":{"line":88,"column":2},"end":{"line":93,"column":null}},{"start":{},"end":{}}],"line":88},"5":{"loc":{"start":{"line":103,"column":2},"end":{"line":105,"column":null}},"type":"if","locations":[{"start":{"line":103,"column":2},"end":{"line":105,"column":null}},{"start":{},"end":{}}],"line":103},"6":{"loc":{"start":{"line":107,"column":21},"end":{"line":107,"column":null}},"type":"cond-expr","locations":[{"start":{"line":107,"column":44},"end":{"line":107,"column":57}},{"start":{"line":107,"column":57},"end":{"line":107,"column":null}}],"line":107},"7":{"loc":{"start":{"line":109,"column":2},"end":{"line":111,"column":null}},"type":"if","locations":[{"start":{"line":109,"column":2},"end":{"line":111,"column":null}},{"start":{},"end":{}}],"line":109},"8":{"loc":{"start":{"line":109,"column":6},"end":{"line":109,"column":46}},"type":"binary-expr","locations":[{"start":{"line":109,"column":6},"end":{"line":109,"column":29}},{"start":{"line":109,"column":29},"end":{"line":109,"column":46}}],"line":109}},"s":{"0":1,"1":1,"2":1,"3":1,"4":13,"5":13,"6":35,"7":13,"8":0,"9":26,"10":26,"11":3,"12":23,"13":23,"14":23,"15":2,"16":21,"17":21,"18":21,"19":21,"20":21,"21":21,"22":24,"23":21,"24":16,"25":16,"26":16,"27":3,"28":21,"29":21,"30":2,"31":19,"32":19,"33":19,"34":13,"35":19,"36":2,"37":17,"38":26,"39":0,"40":17},"f":{"0":13,"1":26},"b":{"0":[13,22],"1":[3,23],"2":[2,21],"3":[16,5],"4":[2,19],"5":[2,17],"6":[9,8],"7":[0,26],"8":[26,9]},"meta":{"lastBranch":9,"lastFunction":2,"lastStatement":41,"seen":{"s:6:31:6:Infinity":0,"s:9:30:9:Infinity":1,"s:12:22:12:Infinity":2,"s:19:23:19:Infinity":3,"f:24:9:24:27":0,"s:25:2:29:Infinity":4,"s:25:15:25:18":5,"b:26:4:28:Infinity:undefined:undefined:undefined:undefined":0,"s:26:4:28:Infinity":6,"s:27:6:27:Infinity":7,"s:30:2:30:Infinity":8,"f:43:16:43:29":1,"s:44:18:44:Infinity":9,"b:46:2:48:Infinity:undefined:undefined:undefined:undefined":1,"s:46:2:48:Infinity":10,"s:47:4:47:Infinity":11,"s:51:17:51:Infinity":12,"s:54:21:54:Infinity":13,"b:55:2:60:Infinity:undefined:undefined:undefined:undefined":2,"s:55:2:60:Infinity":14,"s:56:4:59:Infinity":15,"s:61:16:61:Infinity":16,"s:64:29:64:Infinity":17,"s:65:33:65:Infinity":18,"s:66:20:66:Infinity":19,"s:69:22:69:Infinity":20,"s:71:2:73:Infinity":21,"s:72:4:72:Infinity":22,"b:76:2:84:Infinity:undefined:undefined:undefined:undefined":3,"s:76:2:84:Infinity":23,"s:78:26:78:Infinity":24,"s:79:23:79:Infinity":25,"s:81:4:83:Infinity":26,"s:82:6:82:Infinity":27,"s:87:24:87:Infinity":28,"b:88:2:93:Infinity:undefined:undefined:undefined:undefined":4,"s:88:2:93:Infinity":29,"s:89:4:92:Infinity":30,"s:96:22:96:Infinity":31,"s:97:28:97:Infinity":32,"s:99:2:101:Infinity":33,"s:100:4:100:Infinity":34,"b:103:2:105:Infinity:undefined:undefined:undefined:undefined":5,"s:103:2:105:Infinity":35,"s:104:4:104:Infinity":36,"s:107:21:107:Infinity":37,"b:107:44:107:57:107:57:107:Infinity":6,"b:109:2:111:Infinity:undefined:undefined:undefined:undefined":7,"s:109:2:111:Infinity":38,"b:109:6:109:29:109:29:109:46":8,"s:110:4:110:Infinity":39,"s:113:2:113:Infinity":40}}}
,"C:\\Users\\tokyo\\Documents\\CanvasApp\\src\\services\\lock-manager.ts": {"path":"C:\\Users\\tokyo\\Documents\\CanvasApp\\src\\services\\lock-manager.ts","statementMap":{"0":{"start":{"line":2,"column":20},"end":{"line":2,"column":null}},"1":{"start":{"line":13,"column":18},"end":{"line":13,"column":null}},"2":{"start":{"line":20,"column":4},"end":{"line":20,"column":null}},"3":{"start":{"line":22,"column":4},"end":{"line":24,"column":null}},"4":{"start":{"line":23,"column":6},"end":{"line":23,"column":null}},"5":{"start":{"line":26,"column":4},"end":{"line":26,"column":null}},"6":{"start":{"line":27,"column":4},"end":{"line":27,"column":null}},"7":{"start":{"line":34,"column":4},"end":{"line":34,"column":null}},"8":{"start":{"line":39,"column":4},"end":{"line":39,"column":null}},"9":{"start":{"line":46,"column":16},"end":{"line":46,"column":null}},"10":{"start":{"line":47,"column":4},"end":{"line":51,"column":null}},"11":{"start":{"line":48,"column":6},"end":{"line":50,"column":null}},"12":{"start":{"line":49,"column":8},"end":{"line":49,"column":null}},"13":{"start":{"line":56,"column":27},"end":{"line":56,"column":null}}},"fnMap":{"0":{"name":"(anonymous_0)","decl":{"start":{"line":19,"column":2},"end":{"line":19,"column":10}},"loc":{"start":{"line":19,"column":34},"end":{"line":28,"column":null}},"line":19},"1":{"name":"(anonymous_1)","decl":{"start":{"line":33,"column":2},"end":{"line":33,"column":10}},"loc":{"start":{"line":33,"column":31},"end":{"line":35,"column":null}},"line":33},"2":{"name":"(anonymous_2)","decl":{"start":{"line":38,"column":2},"end":{"line":38,"column":24}},"loc":{"start":{"line":38,"column":24},"end":{"line":40,"column":null}},"line":38},"3":{"name":"(anonymous_3)","decl":{"start":{"line":45,"column":10},"end":{"line":45,"column":26}},"loc":{"start":{"line":45,"column":26},"end":{"line":52,"column":null}},"line":45}},"branchMap":{"0":{"loc":{"start":{"line":22,"column":4},"end":{"line":24,"column":null}},"type":"if","locations":[{"start":{"line":22,"column":4},"end":{"line":24,"column":null}},{"start":{},"end":{}}],"line":22},"1":{"loc":{"start":{"line":48,"column":6},"end":{"line":50,"column":null}},"type":"if","locations":[{"start":{"line":48,"column":6},"end":{"line":50,"column":null}},{"start":{},"end":{}}],"line":48}},"s":{"0":1,"1":1,"2":12,"3":12,"4":3,"5":9,"6":9,"7":2,"8":7,"9":12,"10":12,"11":5,"12":1,"13":1},"f":{"0":12,"1":2,"2":7,"3":12},"b":{"0":[3,9],"1":[1,4]},"meta":{"lastBranch":2,"lastFunction":4,"lastStatement":14,"seen":{"s:2:20:2:Infinity":0,"s:13:18:13:Infinity":1,"f:19:2:19:10":0,"s:20:4:20:Infinity":2,"b:22:4:24:Infinity:undefined:undefined:undefined:undefined":0,"s:22:4:24:Infinity":3,"s:23:6:23:Infinity":4,"s:26:4:26:Infinity":5,"s:27:4:27:Infinity":6,"f:33:2:33:10":1,"s:34:4:34:Infinity":7,"f:38:2:38:24":2,"s:39:4:39:Infinity":8,"f:45:10:45:26":3,"s:46:16:46:Infinity":9,"s:47:4:51:Infinity":10,"b:48:6:50:Infinity:undefined:undefined:undefined:undefined":1,"s:48:6:50:Infinity":11,"s:49:8:49:Infinity":12,"s:56:27:56:Infinity":13}}}
,"C:\\Users\\tokyo\\Documents\\CanvasApp\\src\\services\\markdown-builder.ts": {"path":"C:\\Users\\tokyo\\Documents\\CanvasApp\\src\\services\\markdown-builder.ts","statementMap":{"0":{"start":{"line":19,"column":14},"end":{"line":19,"column":null}},"1":{"start":{"line":20,"column":26},"end":{"line":20,"column":null}},"2":{"start":{"line":23,"column":2},"end":{"line":23,"column":null}},"3":{"start":{"line":24,"column":2},"end":{"line":24,"column":null}},"4":{"start":{"line":25,"column":2},"end":{"line":25,"column":null}},"5":{"start":{"line":26,"column":2},"end":{"line":28,"column":null}},"6":{"start":{"line":27,"column":4},"end":{"line":27,"column":null}},"7":{"start":{"line":29,"column":2},"end":{"line":29,"column":null}},"8":{"start":{"line":32,"column":18},"end":{"line":32,"column":null}},"9":{"start":{"line":34,"column":2},"end":{"line":55,"column":null}},"10":{"start":{"line":35,"column":4},"end":{"line":35,"column":null}},"11":{"start":{"line":37,"column":4},"end":{"line":54,"column":null}},"12":{"start":{"line":38,"column":6},"end":{"line":38,"column":null}},"13":{"start":{"line":40,"column":6},"end":{"line":51,"column":null}},"14":{"start":{"line":41,"column":14},"end":{"line":41,"column":null}},"15":{"start":{"line":42,"column":18},"end":{"line":42,"column":null}},"16":{"start":{"line":43,"column":18},"end":{"line":43,"column":null}},"17":{"start":{"line":44,"column":24},"end":{"line":44,"column":null}},"18":{"start":{"line":46,"column":8},"end":{"line":50,"column":null}},"19":{"start":{"line":47,"column":10},"end":{"line":47,"column":null}},"20":{"start":{"line":49,"column":10},"end":{"line":49,"column":null}},"21":{"start":{"line":53,"column":6},"end":{"line":53,"column":null}},"22":{"start":{"line":57,"column":2},"end":{"line":57,"column":null}},"23":{"start":{"line":65,"column":26},"end":{"line":65,"column":null}},"24":{"start":{"line":67,"column":2},"end":{"line":67,"column":null}},"25":{"start":{"line":68,"column":2},"end":{"line":68,"column":null}},"26":{"start":{"line":69,"column":2},"end":{"line":69,"column":null}},"27":{"start":{"line":71,"column":2},"end":{"line":71,"column":null}},"28":{"start":{"line":81,"column":17},"end":{"line":81,"column":null}},"29":{"start":{"line":83,"column":2},"end":{"line":94,"column":null}},"30":{"start":{"line":84,"column":4},"end":{"line":86,"column":null}},"31":{"start":{"line":85,"column":6},"end":{"line":85,"column":null}},"32":{"start":{"line":87,"column":23},"end":{"line":87,"column":null}},"33":{"start":{"line":89,"column":10},"end":{"line":89,"column":null}},"34":{"start":{"line":90,"column":4},"end":{"line":92,"column":null}},"35":{"start":{"line":91,"column":6},"end":{"line":91,"column":null}},"36":{"start":{"line":93,"column":4},"end":{"line":93,"column":null}},"37":{"start":{"line":96,"column":2},"end":{"line":96,"column":null}}},"fnMap":{"0":{"name":"buildMarkdown","decl":{"start":{"line":18,"column":16},"end":{"line":18,"column":30}},"loc":{"start":{"line":18,"column":131},"end":{"line":58,"column":null}},"line":18},"1":{"name":"buildAppendMarkdown","decl":{"start":{"line":64,"column":16},"end":{"line":64,"column":36}},"loc":{"start":{"line":64,"column":137},"end":{"line":72,"column":null}},"line":64},"2":{"name":"groupByChannelAndDate","decl":{"start":{"line":78,"column":9},"end":{"line":78,"column":null}},"loc":{"start":{"line":80,"column":48},"end":{"line":97,"column":null}},"line":80}},"branchMap":{"0":{"loc":{"start":{"line":26,"column":2},"end":{"line":28,"column":null}},"type":"if","locations":[{"start":{"line":26,"column":2},"end":{"line":28,"column":null}},{"start":{},"end":{}}],"line":26},"1":{"loc":{"start":{"line":46,"column":8},"end":{"line":50,"column":null}},"type":"if","locations":[{"start":{"line":46,"column":8},"end":{"line":50,"column":null}},{"start":{"line":48,"column":15},"end":{"line":50,"column":null}}],"line":46},"2":{"loc":{"start":{"line":84,"column":4},"end":{"line":86,"column":null}},"type":"if","locations":[{"start":{"line":84,"column":4},"end":{"line":86,"column":null}},{"start":{},"end":{}}],"line":84},"3":{"loc":{"start":{"line":90,"column":4},"end":{"line":92,"column":null}},"type":"if","locations":[{"start":{"line":90,"column":4},"end":{"line":92,"column":null}},{"start":{},"end":{}}],"line":90}},"s":{"0":13,"1":13,"2":13,"3":13,"4":13,"5":13,"6":1,"7":13,"8":13,"9":13,"10":12,"11":12,"12":20,"13":20,"14":20,"15":20,"16":20,"17":20,"18":20,"19":19,"20":1,"21":20,"22":13,"23":2,"24":2,"25":2,"26":2,"27":2,"28":13,"29":13,"30":20,"31":12,"32":20,"33":20,"34":20,"35":20,"36":20,"37":13},"f":{"0":13,"1":2,"2":13},"b":{"0":[1,12],"1":[19,1],"2":[12,8],"3":[20,0]},"meta":{"lastBranch":4,"lastFunction":3,"lastStatement":38,"seen":{"f:18:16:18:30":0,"s:19:14:19:Infinity":0,"s:20:26:20:Infinity":1,"s:23:2:23:Infinity":2,"s:24:2:24:Infinity":3,"s:25:2:25:Infinity":4,"b:26:2:28:Infinity:undefined:undefined:undefined:undefined":0,"s:26:2:28:Infinity":5,"s:27:4:27:Infinity":6,"s:29:2:29:Infinity":7,"s:32:18:32:Infinity":8,"s:34:2:55:Infinity":9,"s:35:4:35:Infinity":10,"s:37:4:54:Infinity":11,"s:38:6:38:Infinity":12,"s:40:6:51:Infinity":13,"s:41:14:41:Infinity":14,"s:42:18:42:Infinity":15,"s:43:18:43:Infinity":16,"s:44:24:44:Infinity":17,"b:46:8:50:Infinity:48:15:50:Infinity":1,"s:46:8:50:Infinity":18,"s:47:10:47:Infinity":19,"s:49:10:49:Infinity":20,"s:53:6:53:Infinity":21,"s:57:2:57:Infinity":22,"f:64:16:64:36":1,"s:65:26:65:Infinity":23,"s:67:2:67:Infinity":24,"s:68:2:68:Infinity":25,"s:69:2:69:Infinity":26,"s:71:2:71:Infinity":27,"f:78:9:78:Infinity":2,"s:81:17:81:Infinity":28,"s:83:2:94:Infinity":29,"b:84:4:86:Infinity:undefined:undefined:undefined:undefined":2,"s:84:4:86:Infinity":30,"s:85:6:85:Infinity":31,"s:87:23:87:Infinity":32,"s:89:10:89:Infinity":33,"b:90:4:92:Infinity:undefined:undefined:undefined:undefined":3,"s:90:4:92:Infinity":34,"s:91:6:91:Infinity":35,"s:93:4:93:Infinity":36,"s:96:2:96:Infinity":37}}}
,"C:\\Users\\tokyo\\Documents\\CanvasApp\\src\\services\\message-collector.ts": {"path":"C:\\Users\\tokyo\\Documents\\CanvasApp\\src\\services\\message-collector.ts","statementMap":{"0":{"start":{"line":7,"column":33},"end":{"line":7,"column":null}},"1":{"start":{"line":18,"column":42},"end":{"line":18,"column":null}},"2":{"start":{"line":19,"column":30},"end":{"line":19,"column":null}},"3":{"start":{"line":20,"column":41},"end":{"line":20,"column":null}},"4":{"start":{"line":23,"column":22},"end":{"line":23,"column":null}},"5":{"start":{"line":25,"column":2},"end":{"line":54,"column":null}},"6":{"start":{"line":27,"column":4},"end":{"line":33,"column":null}},"7":{"start":{"line":28,"column":19},"end":{"line":28,"column":null}},"8":{"start":{"line":29,"column":6},"end":{"line":31,"column":null}},"9":{"start":{"line":30,"column":8},"end":{"line":30,"column":null}},"10":{"start":{"line":32,"column":6},"end":{"line":32,"column":null}},"11":{"start":{"line":35,"column":4},"end":{"line":53,"column":null}},"12":{"start":{"line":36,"column":41},"end":{"line":41,"column":null}},"13":{"start":{"line":42,"column":6},"end":{"line":42,"column":null}},"14":{"start":{"line":43,"column":6},"end":{"line":43,"column":null}},"15":{"start":{"line":45,"column":6},"end":{"line":51,"column":null}},"16":{"start":{"line":46,"column":21},"end":{"line":46,"column":null}},"17":{"start":{"line":47,"column":8},"end":{"line":49,"column":null}},"18":{"start":{"line":48,"column":10},"end":{"line":48,"column":null}},"19":{"start":{"line":50,"column":8},"end":{"line":50,"column":null}},"20":{"start":{"line":52,"column":6},"end":{"line":52,"column":null}},"21":{"start":{"line":57,"column":2},"end":{"line":57,"column":null}},"22":{"start":{"line":57,"column":29},"end":{"line":57,"column":64}},"23":{"start":{"line":59,"column":2},"end":{"line":59,"column":null}},"24":{"start":{"line":71,"column":22},"end":{"line":71,"column":null}},"25":{"start":{"line":72,"column":39},"end":{"line":72,"column":null}},"26":{"start":{"line":73,"column":21},"end":{"line":73,"column":null}},"27":{"start":{"line":75,"column":17},"end":{"line":75,"column":null}},"28":{"start":{"line":79,"column":23},"end":{"line":79,"column":null}},"29":{"start":{"line":81,"column":2},"end":{"line":137,"column":null}},"30":{"start":{"line":82,"column":19},"end":{"line":89,"column":null}},"31":{"start":{"line":83,"column":6},"end":{"line":88,"column":null}},"32":{"start":{"line":91,"column":28},"end":{"line":91,"column":null}},"33":{"start":{"line":93,"column":4},"end":{"line":131,"column":null}},"34":{"start":{"line":94,"column":6},"end":{"line":98,"column":null}},"35":{"start":{"line":95,"column":8},"end":{"line":95,"column":null}},"36":{"start":{"line":96,"column":8},"end":{"line":96,"column":null}},"37":{"start":{"line":97,"column":8},"end":{"line":97,"column":null}},"38":{"start":{"line":101,"column":6},"end":{"line":109,"column":null}},"39":{"start":{"line":102,"column":26},"end":{"line":102,"column":null}},"40":{"start":{"line":103,"column":8},"end":{"line":108,"column":null}},"41":{"start":{"line":112,"column":6},"end":{"line":130,"column":null}},"42":{"start":{"line":113,"column":31},"end":{"line":120,"column":null}},"43":{"start":{"line":122,"column":8},"end":{"line":127,"column":null}},"44":{"start":{"line":123,"column":10},"end":{"line":123,"column":null}},"45":{"start":{"line":124,"column":10},"end":{"line":124,"column":null}},"46":{"start":{"line":125,"column":10},"end":{"line":125,"column":null}},"47":{"start":{"line":126,"column":10},"end":{"line":126,"column":null}},"48":{"start":{"line":129,"column":8},"end":{"line":129,"column":null}},"49":{"start":{"line":133,"column":4},"end":{"line":133,"column":null}},"50":{"start":{"line":134,"column":4},"end":{"line":136,"column":null}},"51":{"start":{"line":135,"column":6},"end":{"line":135,"column":null}},"52":{"start":{"line":139,"column":2},"end":{"line":139,"column":null}},"53":{"start":{"line":153,"column":39},"end":{"line":153,"column":null}},"54":{"start":{"line":156,"column":23},"end":{"line":156,"column":null}},"55":{"start":{"line":158,"column":2},"end":{"line":194,"column":null}},"56":{"start":{"line":159,"column":19},"end":{"line":166,"column":null}},"57":{"start":{"line":160,"column":6},"end":{"line":165,"column":null}},"58":{"start":{"line":168,"column":26},"end":{"line":168,"column":null}},"59":{"start":{"line":170,"column":4},"end":{"line":188,"column":null}},"60":{"start":{"line":172,"column":6},"end":{"line":172,"column":null}},"61":{"start":{"line":172,"column":31},"end":{"line":172,"column":null}},"62":{"start":{"line":174,"column":6},"end":{"line":177,"column":null}},"63":{"start":{"line":175,"column":8},"end":{"line":175,"column":null}},"64":{"start":{"line":176,"column":8},"end":{"line":176,"column":null}},"65":{"start":{"line":179,"column":6},"end":{"line":187,"column":null}},"66":{"start":{"line":180,"column":26},"end":{"line":180,"column":null}},"67":{"start":{"line":181,"column":8},"end":{"line":186,"column":null}},"68":{"start":{"line":190,"column":4},"end":{"line":190,"column":null}},"69":{"start":{"line":191,"column":4},"end":{"line":193,"column":null}},"70":{"start":{"line":192,"column":6},"end":{"line":192,"column":null}},"71":{"start":{"line":196,"column":2},"end":{"line":196,"column":null}},"72":{"start":{"line":203,"column":2},"end":{"line":203,"column":null}},"73":{"start":{"line":203,"column":26},"end":{"line":203,"column":null}},"74":{"start":{"line":204,"column":2},"end":{"line":204,"column":null}},"75":{"start":{"line":204,"column":44},"end":{"line":204,"column":60}},"76":{"start":{"line":211,"column":19},"end":{"line":211,"column":null}},"77":{"start":{"line":214,"column":2},"end":{"line":228,"column":null}},"78":{"start":{"line":215,"column":19},"end":{"line":221,"column":null}},"79":{"start":{"line":216,"column":6},"end":{"line":220,"column":null}},"80":{"start":{"line":223,"column":4},"end":{"line":225,"column":null}},"81":{"start":{"line":224,"column":6},"end":{"line":224,"column":null}},"82":{"start":{"line":224,"column":17},"end":{"line":224,"column":null}},"83":{"start":{"line":227,"column":4},"end":{"line":227,"column":null}},"84":{"start":{"line":230,"column":2},"end":{"line":230,"column":null}},"85":{"start":{"line":237,"column":2},"end":{"line":244,"column":null}},"86":{"start":{"line":238,"column":19},"end":{"line":240,"column":null}},"87":{"start":{"line":239,"column":6},"end":{"line":239,"column":null}},"88":{"start":{"line":241,"column":4},"end":{"line":241,"column":null}},"89":{"start":{"line":243,"column":4},"end":{"line":243,"column":null}},"90":{"start":{"line":251,"column":2},"end":{"line":261,"column":null}},"91":{"start":{"line":252,"column":19},"end":{"line":254,"column":null}},"92":{"start":{"line":253,"column":6},"end":{"line":253,"column":null}},"93":{"start":{"line":255,"column":4},"end":{"line":258,"column":null}},"94":{"start":{"line":260,"column":4},"end":{"line":260,"column":null}},"95":{"start":{"line":275,"column":2},"end":{"line":275,"column":null}},"96":{"start":{"line":275,"column":26},"end":{"line":275,"column":null}},"97":{"start":{"line":277,"column":29},"end":{"line":277,"column":null}},"98":{"start":{"line":278,"column":29},"end":{"line":278,"column":null}},"99":{"start":{"line":281,"column":19},"end":{"line":281,"column":null}},"100":{"start":{"line":284,"column":2},"end":{"line":300,"column":null}},"101":{"start":{"line":285,"column":19},"end":{"line":291,"column":null}},"102":{"start":{"line":286,"column":6},"end":{"line":290,"column":null}},"103":{"start":{"line":293,"column":4},"end":{"line":297,"column":null}},"104":{"start":{"line":294,"column":6},"end":{"line":296,"column":null}},"105":{"start":{"line":295,"column":8},"end":{"line":295,"column":null}},"106":{"start":{"line":299,"column":4},"end":{"line":299,"column":null}},"107":{"start":{"line":302,"column":2},"end":{"line":309,"column":null}},"108":{"start":{"line":303,"column":15},"end":{"line":303,"column":null}},"109":{"start":{"line":304,"column":4},"end":{"line":308,"column":null}},"110":{"start":{"line":305,"column":6},"end":{"line":305,"column":null}},"111":{"start":{"line":307,"column":6},"end":{"line":307,"column":null}},"112":{"start":{"line":311,"column":2},"end":{"line":311,"column":null}},"113":{"start":{"line":318,"column":2},"end":{"line":328,"column":null}},"114":{"start":{"line":319,"column":19},"end":{"line":324,"column":null}},"115":{"start":{"line":320,"column":6},"end":{"line":323,"column":null}},"116":{"start":{"line":325,"column":4},"end":{"line":325,"column":null}},"117":{"start":{"line":327,"column":4},"end":{"line":327,"column":null}}},"fnMap":{"0":{"name":"collectMessages","decl":{"start":{"line":12,"column":22},"end":{"line":12,"column":null}},"loc":{"start":{"line":17,"column":29},"end":{"line":60,"column":null}},"line":17},"1":{"name":"(anonymous_1)","decl":{"start":{"line":57,"column":19},"end":{"line":57,"column":20}},"loc":{"start":{"line":57,"column":29},"end":{"line":57,"column":64}},"line":57},"2":{"name":"collectFromChannel","decl":{"start":{"line":65,"column":15},"end":{"line":65,"column":null}},"loc":{"start":{"line":70,"column":68},"end":{"line":140,"column":null}},"line":70},"3":{"name":"(anonymous_3)","decl":{"start":{"line":82,"column":39},"end":{"line":82,"column":null}},"loc":{"start":{"line":83,"column":6},"end":{"line":88,"column":null}},"line":83},"4":{"name":"collectFromThread","decl":{"start":{"line":145,"column":15},"end":{"line":145,"column":null}},"loc":{"start":{"line":152,"column":45},"end":{"line":197,"column":null}},"line":152},"5":{"name":"(anonymous_5)","decl":{"start":{"line":159,"column":39},"end":{"line":159,"column":null}},"loc":{"start":{"line":160,"column":6},"end":{"line":165,"column":null}},"line":160},"6":{"name":"hasReaction","decl":{"start":{"line":202,"column":9},"end":{"line":202,"column":21}},"loc":{"start":{"line":202,"column":59},"end":{"line":205,"column":null}},"line":202},"7":{"name":"(anonymous_7)","decl":{"start":{"line":204,"column":32},"end":{"line":204,"column":33}},"loc":{"start":{"line":204,"column":44},"end":{"line":204,"column":60}},"line":204},"8":{"name":"getBotChannels","decl":{"start":{"line":210,"column":15},"end":{"line":210,"column":30}},"loc":{"start":{"line":210,"column":71},"end":{"line":231,"column":null}},"line":210},"9":{"name":"(anonymous_9)","decl":{"start":{"line":215,"column":39},"end":{"line":215,"column":null}},"loc":{"start":{"line":216,"column":6},"end":{"line":220,"column":null}},"line":216},"10":{"name":"getChannelName","decl":{"start":{"line":236,"column":15},"end":{"line":236,"column":30}},"loc":{"start":{"line":236,"column":85},"end":{"line":245,"column":null}},"line":236},"11":{"name":"(anonymous_11)","decl":{"start":{"line":238,"column":39},"end":{"line":238,"column":null}},"loc":{"start":{"line":239,"column":6},"end":{"line":239,"column":null}},"line":239},"12":{"name":"getChannelInfo","decl":{"start":{"line":250,"column":15},"end":{"line":250,"column":30}},"loc":{"start":{"line":250,"column":97},"end":{"line":262,"column":null}},"line":250},"13":{"name":"(anonymous_13)","decl":{"start":{"line":252,"column":39},"end":{"line":252,"column":null}},"loc":{"start":{"line":253,"column":6},"end":{"line":253,"column":null}},"line":253},"14":{"name":"resolveChannelNames","decl":{"start":{"line":271,"column":22},"end":{"line":271,"column":null}},"loc":{"start":{"line":274,"column":55},"end":{"line":312,"column":null}},"line":274},"15":{"name":"(anonymous_15)","decl":{"start":{"line":285,"column":39},"end":{"line":285,"column":null}},"loc":{"start":{"line":286,"column":6},"end":{"line":290,"column":null}},"line":286},"16":{"name":"getPermalink","decl":{"start":{"line":317,"column":15},"end":{"line":317,"column":28}},"loc":{"start":{"line":317,"column":102},"end":{"line":329,"column":null}},"line":317},"17":{"name":"(anonymous_17)","decl":{"start":{"line":319,"column":39},"end":{"line":319,"column":null}},"loc":{"start":{"line":320,"column":6},"end":{"line":323,"column":null}},"line":320}},"branchMap":{"0":{"loc":{"start":{"line":27,"column":4},"end":{"line":33,"column":null}},"type":"if","locations":[{"start":{"line":27,"column":4},"end":{"line":33,"column":null}},{"start":{},"end":{}}],"line":27},"1":{"loc":{"start":{"line":29,"column":6},"end":{"line":31,"column":null}},"type":"if","locations":[{"start":{"line":29,"column":6},"end":{"line":31,"column":null}},{"start":{},"end":{}}],"line":29},"2":{"loc":{"start":{"line":45,"column":6},"end":{"line":51,"column":null}},"type":"if","locations":[{"start":{"line":45,"column":6},"end":{"line":51,"column":null}},{"start":{},"end":{}}],"line":45},"3":{"loc":{"start":{"line":47,"column":8},"end":{"line":49,"column":null}},"type":"if","locations":[{"start":{"line":47,"column":8},"end":{"line":49,"column":null}},{"start":{},"end":{}}],"line":47},"4":{"loc":{"start":{"line":75,"column":17},"end":{"line":75,"column":null}},"type":"cond-expr","locations":[{"start":{"line":75,"column":32},"end":{"line":75,"column":70}},{"start":{"line":75,"column":70},"end":{"line":75,"column":null}}],"line":75},"5":{"loc":{"start":{"line":91,"column":28},"end":{"line":91,"column":null}},"type":"binary-expr","locations":[{"start":{"line":91,"column":28},"end":{"line":91,"column":47}},{"start":{"line":91,"column":47},"end":{"line":91,"column":null}}],"line":91},"6":{"loc":{"start":{"line":94,"column":6},"end":{"line":98,"column":null}},"type":"if","locations":[{"start":{"line":94,"column":6},"end":{"line":98,"column":null}},{"start":{},"end":{}}],"line":94},"7":{"loc":{"start":{"line":101,"column":6},"end":{"line":109,"column":null}},"type":"if","locations":[{"start":{"line":101,"column":6},"end":{"line":109,"column":null}},{"start":{},"end":{}}],"line":101},"8":{"loc":{"start":{"line":112,"column":6},"end":{"line":130,"column":null}},"type":"if","locations":[{"start":{"line":112,"column":6},"end":{"line":130,"column":null}},{"start":{},"end":{}}],"line":112},"9":{"loc":{"start":{"line":112,"column":10},"end":{"line":112,"column":50}},"type":"binary-expr","locations":[{"start":{"line":112,"column":10},"end":{"line":112,"column":29}},{"start":{"line":112,"column":29},"end":{"line":112,"column":50}}],"line":112},"10":{"loc":{"start":{"line":122,"column":8},"end":{"line":127,"column":null}},"type":"if","locations":[{"start":{"line":122,"column":8},"end":{"line":127,"column":null}},{"start":{},"end":{}}],"line":122},"11":{"loc":{"start":{"line":133,"column":13},"end":{"line":133,"column":null}},"type":"binary-expr","locations":[{"start":{"line":133,"column":13},"end":{"line":133,"column":54}},{"start":{"line":133,"column":54},"end":{"line":133,"column":null}}],"line":133},"12":{"loc":{"start":{"line":134,"column":4},"end":{"line":136,"column":null}},"type":"if","locations":[{"start":{"line":134,"column":4},"end":{"line":136,"column":null}},{"start":{},"end":{}}],"line":134},"13":{"loc":{"start":{"line":168,"column":26},"end":{"line":168,"column":null}},"type":"binary-expr","locations":[{"start":{"line":168,"column":26},"end":{"line":168,"column":45}},{"start":{"line":168,"column":45},"end":{"line":168,"column":null}}],"line":168},"14":{"loc":{"start":{"line":172,"column":6},"end":{"line":172,"column":null}},"type":"if","locations":[{"start":{"line":172,"column":6},"end":{"line":172,"column":null}},{"start":{},"end":{}}],"line":172},"15":{"loc":{"start":{"line":174,"column":6},"end":{"line":177,"column":null}},"type":"if","locations":[{"start":{"line":174,"column":6},"end":{"line":177,"column":null}},{"start":{},"end":{}}],"line":174},"16":{"loc":{"start":{"line":179,"column":6},"end":{"line":187,"column":null}},"type":"if","locations":[{"start":{"line":179,"column":6},"end":{"line":187,"column":null}},{"start":{},"end":{}}],"line":179},"17":{"loc":{"start":{"line":190,"column":13},"end":{"line":190,"column":null}},"type":"binary-expr","locations":[{"start":{"line":190,"column":13},"end":{"line":190,"column":54}},{"start":{"line":190,"column":54},"end":{"line":190,"column":null}}],"line":190},"18":{"loc":{"start":{"line":191,"column":4},"end":{"line":193,"column":null}},"type":"if","locations":[{"start":{"line":191,"column":4},"end":{"line":193,"column":null}},{"start":{},"end":{}}],"line":191},"19":{"loc":{"start":{"line":203,"column":2},"end":{"line":203,"column":null}},"type":"if","locations":[{"start":{"line":203,"column":2},"end":{"line":203,"column":null}},{"start":{},"end":{}}],"line":203},"20":{"loc":{"start":{"line":223,"column":21},"end":{"line":223,"column":44}},"type":"binary-expr","locations":[{"start":{"line":223,"column":21},"end":{"line":223,"column":40}},{"start":{"line":223,"column":40},"end":{"line":223,"column":44}}],"line":223},"21":{"loc":{"start":{"line":224,"column":6},"end":{"line":224,"column":null}},"type":"if","locations":[{"start":{"line":224,"column":6},"end":{"line":224,"column":null}},{"start":{},"end":{}}],"line":224},"22":{"loc":{"start":{"line":227,"column":13},"end":{"line":227,"column":null}},"type":"binary-expr","locations":[{"start":{"line":227,"column":13},"end":{"line":227,"column":54}},{"start":{"line":227,"column":54},"end":{"line":227,"column":null}}],"line":227},"23":{"loc":{"start":{"line":241,"column":12},"end":{"line":241,"column":null}},"type":"binary-expr","locations":[{"start":{"line":241,"column":12},"end":{"line":241,"column":44}},{"start":{"line":241,"column":44},"end":{"line":241,"column":null}}],"line":241},"24":{"loc":{"start":{"line":257,"column":13},"end":{"line":257,"column":null}},"type":"binary-expr","locations":[{"start":{"line":257,"column":13},"end":{"line":257,"column":45}},{"start":{"line":257,"column":45},"end":{"line":257,"column":null}}],"line":257},"25":{"loc":{"start":{"line":275,"column":2},"end":{"line":275,"column":null}},"type":"if","locations":[{"start":{"line":275,"column":2},"end":{"line":275,"column":null}},{"start":{},"end":{}}],"line":275},"26":{"loc":{"start":{"line":293,"column":21},"end":{"line":293,"column":44}},"type":"binary-expr","locations":[{"start":{"line":293,"column":21},"end":{"line":293,"column":40}},{"start":{"line":293,"column":40},"end":{"line":293,"column":44}}],"line":293},"27":{"loc":{"start":{"line":294,"column":6},"end":{"line":296,"column":null}},"type":"if","locations":[{"start":{"line":294,"column":6},"end":{"line":296,"column":null}},{"start":{},"end":{}}],"line":294},"28":{"loc":{"start":{"line":294,"column":10},"end":{"line":294,"column":28}},"type":"binary-expr","locations":[{"start":{"line":294,"column":10},"end":{"line":294,"column":19}},{"start":{"line":294,"column":19},"end":{"line":294,"column":28}}],"line":294},"29":{"loc":{"start":{"line":299,"column":13},"end":{"line":299,"column":null}},"type":"binary-expr","locations":[{"start":{"line":299,"column":13},"end":{"line":299,"column":54}},{"start":{"line":299,"column":54},"end":{"line":299,"column":null}}],"line":299},"30":{"loc":{"start":{"line":304,"column":4},"end":{"line":308,"column":null}},"type":"if","locations":[{"start":{"line":304,"column":4},"end":{"line":308,"column":null}},{"start":{"line":306,"column":11},"end":{"line":308,"column":null}}],"line":304},"31":{"loc":{"start":{"line":325,"column":11},"end":{"line":325,"column":null}},"type":"binary-expr","locations":[{"start":{"line":325,"column":11},"end":{"line":325,"column":31}},{"start":{"line":325,"column":31},"end":{"line":325,"column":null}}],"line":325}},"s":{"0":1,"1":9,"2":9,"3":9,"4":9,"5":9,"6":9,"7":1,"8":1,"9":1,"10":1,"11":8,"12":8,"13":8,"14":8,"15":0,"16":0,"17":0,"18":0,"19":0,"20":0,"21":9,"22":3,"23":9,"24":8,"25":8,"26":8,"27":8,"28":8,"29":8,"30":9,"31":9,"32":9,"33":9,"34":12,"35":0,"36":0,"37":0,"38":12,"39":7,"40":7,"41":12,"42":1,"43":1,"44":0,"45":0,"46":0,"47":0,"48":1,"49":9,"50":9,"51":8,"52":8,"53":1,"54":1,"55":1,"56":1,"57":1,"58":1,"59":1,"60":3,"61":1,"62":2,"63":0,"64":0,"65":2,"66":1,"67":1,"68":1,"69":1,"70":1,"71":1,"72":14,"73":2,"74":12,"75":11,"76":9,"77":9,"78":9,"79":9,"80":9,"81":9,"82":9,"83":9,"84":9,"85":8,"86":8,"87":8,"88":8,"89":0,"90":1,"91":1,"92":1,"93":1,"94":0,"95":4,"96":1,"97":3,"98":3,"99":3,"100":3,"101":4,"102":4,"103":4,"104":5,"105":5,"106":4,"107":3,"108":5,"109":5,"110":4,"111":1,"112":3,"113":8,"114":8,"115":8,"116":7,"117":1},"f":{"0":9,"1":3,"2":8,"3":9,"4":1,"5":1,"6":14,"7":11,"8":9,"9":9,"10":8,"11":8,"12":1,"13":1,"14":4,"15":4,"16":8,"17":8},"b":{"0":[1,8],"1":[1,0],"2":[0,0],"3":[0,0],"4":[0,8],"5":[9,0],"6":[0,12],"7":[7,5],"8":[1,11],"9":[12,1],"10":[0,1],"11":[9,8],"12":[8,1],"13":[1,0],"14":[1,2],"15":[0,2],"16":[1,1],"17":[1,1],"18":[1,0],"19":[2,12],"20":[9,0],"21":[9,0],"22":[9,9],"23":[8,0],"24":[1,0],"25":[1,3],"26":[4,0],"27":[5,0],"28":[5,5],"29":[4,3],"30":[4,1],"31":[7,0]},"meta":{"lastBranch":32,"lastFunction":18,"lastStatement":118,"seen":{"s:7:33:7:Infinity":0,"f:12:22:12:Infinity":0,"s:18:42:18:Infinity":1,"s:19:30:19:Infinity":2,"s:20:41:20:Infinity":3,"s:23:22:23:Infinity":4,"s:25:2:54:Infinity":5,"b:27:4:33:Infinity:undefined:undefined:undefined:undefined":0,"s:27:4:33:Infinity":6,"s:28:19:28:Infinity":7,"b:29:6:31:Infinity:undefined:undefined:undefined:undefined":1,"s:29:6:31:Infinity":8,"s:30:8:30:Infinity":9,"s:32:6:32:Infinity":10,"s:35:4:53:Infinity":11,"s:36:41:41:Infinity":12,"s:42:6:42:Infinity":13,"s:43:6:43:Infinity":14,"b:45:6:51:Infinity:undefined:undefined:undefined:undefined":2,"s:45:6:51:Infinity":15,"s:46:21:46:Infinity":16,"b:47:8:49:Infinity:undefined:undefined:undefined:undefined":3,"s:47:8:49:Infinity":17,"s:48:10:48:Infinity":18,"s:50:8:50:Infinity":19,"s:52:6:52:Infinity":20,"s:57:2:57:Infinity":21,"f:57:19:57:20":1,"s:57:29:57:64":22,"s:59:2:59:Infinity":23,"f:65:15:65:Infinity":2,"s:71:22:71:Infinity":24,"s:72:39:72:Infinity":25,"s:73:21:73:Infinity":26,"s:75:17:75:Infinity":27,"b:75:32:75:70:75:70:75:Infinity":4,"s:79:23:79:Infinity":28,"s:81:2:137:Infinity":29,"s:82:19:89:Infinity":30,"f:82:39:82:Infinity":3,"s:83:6:88:Infinity":31,"s:91:28:91:Infinity":32,"b:91:28:91:47:91:47:91:Infinity":5,"s:93:4:131:Infinity":33,"b:94:6:98:Infinity:undefined:undefined:undefined:undefined":6,"s:94:6:98:Infinity":34,"s:95:8:95:Infinity":35,"s:96:8:96:Infinity":36,"s:97:8:97:Infinity":37,"b:101:6:109:Infinity:undefined:undefined:undefined:undefined":7,"s:101:6:109:Infinity":38,"s:102:26:102:Infinity":39,"s:103:8:108:Infinity":40,"b:112:6:130:Infinity:undefined:undefined:undefined:undefined":8,"s:112:6:130:Infinity":41,"b:112:10:112:29:112:29:112:50":9,"s:113:31:120:Infinity":42,"b:122:8:127:Infinity:undefined:undefined:undefined:undefined":10,"s:122:8:127:Infinity":43,"s:123:10:123:Infinity":44,"s:124:10:124:Infinity":45,"s:125:10:125:Infinity":46,"s:126:10:126:Infinity":47,"s:129:8:129:Infinity":48,"s:133:4:133:Infinity":49,"b:133:13:133:54:133:54:133:Infinity":11,"b:134:4:136:Infinity:undefined:undefined:undefined:undefined":12,"s:134:4:136:Infinity":50,"s:135:6:135:Infinity":51,"s:139:2:139:Infinity":52,"f:145:15:145:Infinity":4,"s:153:39:153:Infinity":53,"s:156:23:156:Infinity":54,"s:158:2:194:Infinity":55,"s:159:19:166:Infinity":56,"f:159:39:159:Infinity":5,"s:160:6:165:Infinity":57,"s:168:26:168:Infinity":58,"b:168:26:168:45:168:45:168:Infinity":13,"s:170:4:188:Infinity":59,"b:172:6:172:Infinity:undefined:undefined:undefined:undefined":14,"s:172:6:172:Infinity":60,"s:172:31:172:Infinity":61,"b:174:6:177:Infinity:undefined:undefined:undefined:undefined":15,"s:174:6:177:Infinity":62,"s:175:8:175:Infinity":63,"s:176:8:176:Infinity":64,"b:179:6:187:Infinity:undefined:undefined:undefined:undefined":16,"s:179:6:187:Infinity":65,"s:180:26:180:Infinity":66,"s:181:8:186:Infinity":67,"s:190:4:190:Infinity":68,"b:190:13:190:54:190:54:190:Infinity":17,"b:191:4:193:Infinity:undefined:undefined:undefined:undefined":18,"s:191:4:193:Infinity":69,"s:192:6:192:Infinity":70,"s:196:2:196:Infinity":71,"f:202:9:202:21":6,"b:203:2:203:Infinity:undefined:undefined:undefined:undefined":19,"s:203:2:203:Infinity":72,"s:203:26:203:Infinity":73,"s:204:2:204:Infinity":74,"f:204:32:204:33":7,"s:204:44:204:60":75,"f:210:15:210:30":8,"s:211:19:211:Infinity":76,"s:214:2:228:Infinity":77,"s:215:19:221:Infinity":78,"f:215:39:215:Infinity":9,"s:216:6:220:Infinity":79,"s:223:4:225:Infinity":80,"b:223:21:223:40:223:40:223:44":20,"b:224:6:224:Infinity:undefined:undefined:undefined:undefined":21,"s:224:6:224:Infinity":81,"s:224:17:224:Infinity":82,"s:227:4:227:Infinity":83,"b:227:13:227:54:227:54:227:Infinity":22,"s:230:2:230:Infinity":84,"f:236:15:236:30":10,"s:237:2:244:Infinity":85,"s:238:19:240:Infinity":86,"f:238:39:238:Infinity":11,"s:239:6:239:Infinity":87,"s:241:4:241:Infinity":88,"b:241:12:241:44:241:44:241:Infinity":23,"s:243:4:243:Infinity":89,"f:250:15:250:30":12,"s:251:2:261:Infinity":90,"s:252:19:254:Infinity":91,"f:252:39:252:Infinity":13,"s:253:6:253:Infinity":92,"s:255:4:258:Infinity":93,"b:257:13:257:45:257:45:257:Infinity":24,"s:260:4:260:Infinity":94,"f:271:22:271:Infinity":14,"b:275:2:275:Infinity:undefined:undefined:undefined:undefined":25,"s:275:2:275:Infinity":95,"s:275:26:275:Infinity":96,"s:277:29:277:Infinity":97,"s:278:29:278:Infinity":98,"s:281:19:281:Infinity":99,"s:284:2:300:Infinity":100,"s:285:19:291:Infinity":101,"f:285:39:285:Infinity":15,"s:286:6:290:Infinity":102,"s:293:4:297:Infinity":103,"b:293:21:293:40:293:40:293:44":26,"b:294:6:296:Infinity:undefined:undefined:undefined:undefined":27,"s:294:6:296:Infinity":104,"b:294:10:294:19:294:19:294:28":28,"s:295:8:295:Infinity":105,"s:299:4:299:Infinity":106,"b:299:13:299:54:299:54:299:Infinity":29,"s:302:2:309:Infinity":107,"s:303:15:303:Infinity":108,"b:304:4:308:Infinity:306:11:308:Infinity":30,"s:304:4:308:Infinity":109,"s:305:6:305:Infinity":110,"s:307:6:307:Infinity":111,"s:311:2:311:Infinity":112,"f:317:15:317:28":16,"s:318:2:328:Infinity":113,"s:319:19:324:Infinity":114,"f:319:39:319:Infinity":17,"s:320:6:323:Infinity":115,"s:325:4:325:Infinity":116,"b:325:11:325:31:325:31:325:Infinity":31,"s:327:4:327:Infinity":117}}}
,"C:\\Users\\tokyo\\Documents\\CanvasApp\\src\\services\\slack-api.ts": {"path":"C:\\Users\\tokyo\\Documents\\CanvasApp\\src\\services\\slack-api.ts","statementMap":{"0":{"start":{"line":5,"column":21},"end":{"line":11,"column":null}},"1":{"start":{"line":14,"column":25},"end":{"line":17,"column":null}},"2":{"start":{"line":20,"column":20},"end":{"line":20,"column":null}},"3":{"start":{"line":21,"column":22},"end":{"line":21,"column":null}},"4":{"start":{"line":27,"column":16},"end":{"line":27,"column":null}},"5":{"start":{"line":29,"column":2},"end":{"line":39,"column":null}},"6":{"start":{"line":30,"column":4},"end":{"line":32,"column":null}},"7":{"start":{"line":31,"column":6},"end":{"line":31,"column":null}},"8":{"start":{"line":33,"column":4},"end":{"line":35,"column":null}},"9":{"start":{"line":34,"column":6},"end":{"line":34,"column":null}},"10":{"start":{"line":36,"column":4},"end":{"line":38,"column":null}},"11":{"start":{"line":37,"column":6},"end":{"line":37,"column":null}},"12":{"start":{"line":41,"column":2},"end":{"line":43,"column":null}},"13":{"start":{"line":42,"column":4},"end":{"line":42,"column":null}},"14":{"start":{"line":45,"column":2},"end":{"line":47,"column":null}},"15":{"start":{"line":46,"column":4},"end":{"line":46,"column":null}},"16":{"start":{"line":49,"column":2},"end":{"line":51,"column":null}},"17":{"start":{"line":50,"column":4},"end":{"line":50,"column":null}},"18":{"start":{"line":53,"column":2},"end":{"line":55,"column":null}},"19":{"start":{"line":54,"column":4},"end":{"line":54,"column":null}},"20":{"start":{"line":57,"column":2},"end":{"line":59,"column":null}},"21":{"start":{"line":58,"column":4},"end":{"line":58,"column":null}},"22":{"start":{"line":61,"column":2},"end":{"line":61,"column":null}},"23":{"start":{"line":71,"column":2},"end":{"line":86,"column":null}},"24":{"start":{"line":71,"column":21},"end":{"line":71,"column":24}},"25":{"start":{"line":72,"column":4},"end":{"line":85,"column":null}},"26":{"start":{"line":73,"column":6},"end":{"line":73,"column":null}},"27":{"start":{"line":75,"column":20},"end":{"line":75,"column":null}},"28":{"start":{"line":77,"column":6},"end":{"line":82,"column":null}},"29":{"start":{"line":78,"column":22},"end":{"line":78,"column":null}},"30":{"start":{"line":79,"column":8},"end":{"line":79,"column":null}},"31":{"start":{"line":80,"column":8},"end":{"line":80,"column":null}},"32":{"start":{"line":81,"column":8},"end":{"line":81,"column":null}},"33":{"start":{"line":84,"column":6},"end":{"line":84,"column":null}},"34":{"start":{"line":89,"column":2},"end":{"line":89,"column":null}},"35":{"start":{"line":98,"column":24},"end":{"line":98,"column":null}},"36":{"start":{"line":101,"column":2},"end":{"line":105,"column":null}},"37":{"start":{"line":102,"column":19},"end":{"line":102,"column":null}},"38":{"start":{"line":102,"column":45},"end":{"line":102,"column":60}},"39":{"start":{"line":103,"column":4},"end":{"line":103,"column":null}},"40":{"start":{"line":104,"column":4},"end":{"line":104,"column":null}},"41":{"start":{"line":107,"column":2},"end":{"line":107,"column":null}},"42":{"start":{"line":114,"column":2},"end":{"line":116,"column":null}},"43":{"start":{"line":115,"column":4},"end":{"line":115,"column":null}},"44":{"start":{"line":117,"column":2},"end":{"line":117,"column":null}},"45":{"start":{"line":121,"column":2},"end":{"line":121,"column":null}},"46":{"start":{"line":121,"column":34},"end":{"line":121,"column":57}}},"fnMap":{"0":{"name":"classifyError","decl":{"start":{"line":26,"column":9},"end":{"line":26,"column":23}},"loc":{"start":{"line":26,"column":49},"end":{"line":62,"column":null}},"line":26},"1":{"name":"callWithRetry","decl":{"start":{"line":68,"column":22},"end":{"line":68,"column":null}},"loc":{"start":{"line":70,"column":14},"end":{"line":90,"column":null}},"line":70},"2":{"name":"fetchAllPages","decl":{"start":{"line":95,"column":22},"end":{"line":95,"column":null}},"loc":{"start":{"line":97,"column":16},"end":{"line":108,"column":null}},"line":97},"3":{"name":"(anonymous_3)","decl":{"start":{"line":102,"column":39},"end":{"line":102,"column":45}},"loc":{"start":{"line":102,"column":45},"end":{"line":102,"column":60}},"line":102},"4":{"name":"isSkippableError","decl":{"start":{"line":113,"column":16},"end":{"line":113,"column":33}},"loc":{"start":{"line":113,"column":58},"end":{"line":118,"column":null}},"line":113},"5":{"name":"sleep","decl":{"start":{"line":120,"column":9},"end":{"line":120,"column":15}},"loc":{"start":{"line":120,"column":42},"end":{"line":122,"column":null}},"line":120},"6":{"name":"(anonymous_6)","decl":{"start":{"line":121,"column":21},"end":{"line":121,"column":22}},"loc":{"start":{"line":121,"column":34},"end":{"line":121,"column":57}},"line":121}},"branchMap":{"0":{"loc":{"start":{"line":27,"column":16},"end":{"line":27,"column":null}},"type":"binary-expr","locations":[{"start":{"line":27,"column":16},"end":{"line":27,"column":47}},{"start":{"line":27,"column":47},"end":{"line":27,"column":70}},{"start":{"line":27,"column":70},"end":{"line":27,"column":null}}],"line":27},"1":{"loc":{"start":{"line":29,"column":2},"end":{"line":39,"column":null}},"type":"if","locations":[{"start":{"line":29,"column":2},"end":{"line":39,"column":null}},{"start":{},"end":{}}],"line":29},"2":{"loc":{"start":{"line":30,"column":4},"end":{"line":32,"column":null}},"type":"if","locations":[{"start":{"line":30,"column":4},"end":{"line":32,"column":null}},{"start":{},"end":{}}],"line":30},"3":{"loc":{"start":{"line":33,"column":4},"end":{"line":35,"column":null}},"type":"if","locations":[{"start":{"line":33,"column":4},"end":{"line":35,"column":null}},{"start":{},"end":{}}],"line":33},"4":{"loc":{"start":{"line":33,"column":8},"end":{"line":33,"column":90}},"type":"binary-expr","locations":[{"start":{"line":33,"column":8},"end":{"line":33,"column":36}},{"start":{"line":33,"column":36},"end":{"line":33,"column":61}},{"start":{"line":33,"column":61},"end":{"line":33,"column":90}}],"line":33},"5":{"loc":{"start":{"line":36,"column":4},"end":{"line":38,"column":null}},"type":"if","locations":[{"start":{"line":36,"column":4},"end":{"line":38,"column":null}},{"start":{},"end":{}}],"line":36},"6":{"loc":{"start":{"line":41,"column":2},"end":{"line":43,"column":null}},"type":"if","locations":[{"start":{"line":41,"column":2},"end":{"line":43,"column":null}},{"start":{},"end":{}}],"line":41},"7":{"loc":{"start":{"line":45,"column":2},"end":{"line":47,"column":null}},"type":"if","locations":[{"start":{"line":45,"column":2},"end":{"line":47,"column":null}},{"start":{},"end":{}}],"line":45},"8":{"loc":{"start":{"line":49,"column":2},"end":{"line":51,"column":null}},"type":"if","locations":[{"start":{"line":49,"column":2},"end":{"line":51,"column":null}},{"start":{},"end":{}}],"line":49},"9":{"loc":{"start":{"line":53,"column":2},"end":{"line":55,"column":null}},"type":"if","locations":[{"start":{"line":53,"column":2},"end":{"line":55,"column":null}},{"start":{},"end":{}}],"line":53},"10":{"loc":{"start":{"line":57,"column":2},"end":{"line":59,"column":null}},"type":"if","locations":[{"start":{"line":57,"column":2},"end":{"line":59,"column":null}},{"start":{},"end":{}}],"line":57},"11":{"loc":{"start":{"line":61,"column":55},"end":{"line":61,"column":67}},"type":"binary-expr","locations":[{"start":{"line":61,"column":55},"end":{"line":61,"column":63}},{"start":{"line":61,"column":63},"end":{"line":61,"column":67}}],"line":61},"12":{"loc":{"start":{"line":75,"column":20},"end":{"line":75,"column":null}},"type":"binary-expr","locations":[{"start":{"line":75,"column":20},"end":{"line":75,"column":51}},{"start":{"line":75,"column":51},"end":{"line":75,"column":74}},{"start":{"line":75,"column":74},"end":{"line":75,"column":null}}],"line":75},"13":{"loc":{"start":{"line":77,"column":6},"end":{"line":82,"column":null}},"type":"if","locations":[{"start":{"line":77,"column":6},"end":{"line":82,"column":null}},{"start":{},"end":{}}],"line":77},"14":{"loc":{"start":{"line":77,"column":10},"end":{"line":77,"column":59}},"type":"binary-expr","locations":[{"start":{"line":77,"column":10},"end":{"line":77,"column":36}},{"start":{"line":77,"column":36},"end":{"line":77,"column":59}}],"line":77},"15":{"loc":{"start":{"line":114,"column":2},"end":{"line":116,"column":null}},"type":"if","locations":[{"start":{"line":114,"column":2},"end":{"line":116,"column":null}},{"start":{},"end":{}}],"line":114}},"s":{"0":3,"1":3,"2":3,"3":3,"4":11,"5":11,"6":3,"7":1,"8":2,"9":1,"10":1,"11":1,"12":8,"13":1,"14":7,"15":1,"16":6,"17":1,"18":5,"19":1,"20":4,"21":1,"22":3,"23":73,"24":73,"25":79,"26":79,"27":17,"28":17,"29":6,"30":6,"31":6,"32":6,"33":11,"34":0,"35":4,"36":4,"37":7,"38":7,"39":7,"40":7,"41":4,"42":5,"43":2,"44":3,"45":6,"46":6},"f":{"0":11,"1":73,"2":4,"3":7,"4":5,"5":6,"6":6},"b":{"0":[11,2,2],"1":[3,8],"2":[1,2],"3":[1,1],"4":[2,1,1],"5":[1,0],"6":[1,7],"7":[1,6],"8":[1,5],"9":[1,4],"10":[1,3],"11":[3,2],"12":[17,2,2],"13":[6,11],"14":[17,7],"15":[2,3]},"meta":{"lastBranch":16,"lastFunction":7,"lastStatement":47,"seen":{"s:5:21:11:Infinity":0,"s:14:25:17:Infinity":1,"s:20:20:20:Infinity":2,"s:21:22:21:Infinity":3,"f:26:9:26:23":0,"s:27:16:27:Infinity":4,"b:27:16:27:47:27:47:27:70:27:70:27:Infinity":0,"b:29:2:39:Infinity:undefined:undefined:undefined:undefined":1,"s:29:2:39:Infinity":5,"b:30:4:32:Infinity:undefined:undefined:undefined:undefined":2,"s:30:4:32:Infinity":6,"s:31:6:31:Infinity":7,"b:33:4:35:Infinity:undefined:undefined:undefined:undefined":3,"s:33:4:35:Infinity":8,"b:33:8:33:36:33:36:33:61:33:61:33:90":4,"s:34:6:34:Infinity":9,"b:36:4:38:Infinity:undefined:undefined:undefined:undefined":5,"s:36:4:38:Infinity":10,"s:37:6:37:Infinity":11,"b:41:2:43:Infinity:undefined:undefined:undefined:undefined":6,"s:41:2:43:Infinity":12,"s:42:4:42:Infinity":13,"b:45:2:47:Infinity:undefined:undefined:undefined:undefined":7,"s:45:2:47:Infinity":14,"s:46:4:46:Infinity":15,"b:49:2:51:Infinity:undefined:undefined:undefined:undefined":8,"s:49:2:51:Infinity":16,"s:50:4:50:Infinity":17,"b:53:2:55:Infinity:undefined:undefined:undefined:undefined":9,"s:53:2:55:Infinity":18,"s:54:4:54:Infinity":19,"b:57:2:59:Infinity:undefined:undefined:undefined:undefined":10,"s:57:2:59:Infinity":20,"s:58:4:58:Infinity":21,"s:61:2:61:Infinity":22,"b:61:55:61:63:61:63:61:67":11,"f:68:22:68:Infinity":1,"s:71:2:86:Infinity":23,"s:71:21:71:24":24,"s:72:4:85:Infinity":25,"s:73:6:73:Infinity":26,"s:75:20:75:Infinity":27,"b:75:20:75:51:75:51:75:74:75:74:75:Infinity":12,"b:77:6:82:Infinity:undefined:undefined:undefined:undefined":13,"s:77:6:82:Infinity":28,"b:77:10:77:36:77:36:77:59":14,"s:78:22:78:Infinity":29,"s:79:8:79:Infinity":30,"s:80:8:80:Infinity":31,"s:81:8:81:Infinity":32,"s:84:6:84:Infinity":33,"s:89:2:89:Infinity":34,"f:95:22:95:Infinity":2,"s:98:24:98:Infinity":35,"s:101:2:105:Infinity":36,"s:102:19:102:Infinity":37,"f:102:39:102:45":3,"s:102:45:102:60":38,"s:103:4:103:Infinity":39,"s:104:4:104:Infinity":40,"s:107:2:107:Infinity":41,"f:113:16:113:33":4,"b:114:2:116:Infinity:undefined:undefined:undefined:undefined":15,"s:114:2:116:Infinity":42,"s:115:4:115:Infinity":43,"s:117:2:117:Infinity":44,"f:120:9:120:15":5,"s:121:2:121:Infinity":45,"f:121:21:121:22":6,"s:121:34:121:57":46}}}
,"C:\\Users\\tokyo\\Documents\\CanvasApp\\src\\types\\index.ts": {"path":"C:\\Users\\tokyo\\Documents\\CanvasApp\\src\\types\\index.ts","statementMap":{"0":{"start":{"line":69,"column":4},"end":{"line":69,"column":null}},"1":{"start":{"line":64,"column":20},"end":{"line":64,"column":null}},"2":{"start":{"line":66,"column":20},"end":{"line":66,"column":null}},"3":{"start":{"line":67,"column":20},"end":{"line":67,"column":null}},"4":{"start":{"line":70,"column":4},"end":{"line":70,"column":null}}},"fnMap":{"0":{"name":"(anonymous_0)","decl":{"start":{"line":63,"column":2},"end":{"line":63,"column":null}},"loc":{"start":{"line":68,"column":4},"end":{"line":71,"column":null}},"line":68}},"branchMap":{},"s":{"0":37,"1":37,"2":37,"3":37,"4":37},"f":{"0":37},"b":{},"meta":{"lastBranch":0,"lastFunction":1,"lastStatement":5,"seen":{"f:63:2:63:Infinity":0,"s:69:4:69:Infinity":0,"s:64:20:64:Infinity":1,"s:66:20:66:Infinity":2,"s:67:20:67:Infinity":3,"s:70:4:70:Infinity":4}}}
,"C:\\Users\\tokyo\\Documents\\CanvasApp\\src\\utils\\date.ts": {"path":"C:\\Users\\tokyo\\Documents\\CanvasApp\\src\\utils\\date.ts","statementMap":{"0":{"start":{"line":5,"column":18},"end":{"line":5,"column":null}},"1":{"start":{"line":6,"column":2},"end":{"line":6,"column":null}},"2":{"start":{"line":13,"column":12},"end":{"line":13,"column":null}},"3":{"start":{"line":14,"column":12},"end":{"line":14,"column":null}},"4":{"start":{"line":15,"column":12},"end":{"line":15,"column":null}},"5":{"start":{"line":16,"column":12},"end":{"line":16,"column":null}},"6":{"start":{"line":17,"column":14},"end":{"line":17,"column":null}},"7":{"start":{"line":18,"column":2},"end":{"line":18,"column":null}},"8":{"start":{"line":25,"column":12},"end":{"line":25,"column":null}},"9":{"start":{"line":26,"column":12},"end":{"line":26,"column":null}},"10":{"start":{"line":27,"column":12},"end":{"line":27,"column":null}},"11":{"start":{"line":28,"column":2},"end":{"line":28,"column":null}},"12":{"start":{"line":35,"column":14},"end":{"line":35,"column":null}},"13":{"start":{"line":36,"column":15},"end":{"line":36,"column":null}},"14":{"start":{"line":37,"column":2},"end":{"line":37,"column":null}}},"fnMap":{"0":{"name":"slackTsToDate","decl":{"start":{"line":4,"column":16},"end":{"line":4,"column":30}},"loc":{"start":{"line":4,"column":48},"end":{"line":7,"column":null}},"line":4},"1":{"name":"formatDateUTC","decl":{"start":{"line":12,"column":16},"end":{"line":12,"column":30}},"loc":{"start":{"line":12,"column":50},"end":{"line":19,"column":null}},"line":12},"2":{"name":"formatDateOnlyUTC","decl":{"start":{"line":24,"column":16},"end":{"line":24,"column":34}},"loc":{"start":{"line":24,"column":54},"end":{"line":29,"column":null}},"line":24},"3":{"name":"daysAgoToSlackTs","decl":{"start":{"line":34,"column":16},"end":{"line":34,"column":33}},"loc":{"start":{"line":34,"column":55},"end":{"line":38,"column":null}},"line":34}},"branchMap":{},"s":{"0":42,"1":42,"2":15,"3":15,"4":15,"5":15,"6":15,"7":15,"8":22,"9":22,"10":22,"11":22,"12":3,"13":3,"14":3},"f":{"0":42,"1":15,"2":22,"3":3},"b":{},"meta":{"lastBranch":0,"lastFunction":4,"lastStatement":15,"seen":{"f:4:16:4:30":0,"s:5:18:5:Infinity":0,"s:6:2:6:Infinity":1,"f:12:16:12:30":1,"s:13:12:13:Infinity":2,"s:14:12:14:Infinity":3,"s:15:12:15:Infinity":4,"s:16:12:16:Infinity":5,"s:17:14:17:Infinity":6,"s:18:2:18:Infinity":7,"f:24:16:24:34":2,"s:25:12:25:Infinity":8,"s:26:12:26:Infinity":9,"s:27:12:27:Infinity":10,"s:28:2:28:Infinity":11,"f:34:16:34:33":3,"s:35:14:35:Infinity":12,"s:36:15:36:Infinity":13,"s:37:2:37:Infinity":14}}}
}
